{"C:\\WorkSpace\\6_Source\\2_VScode\\99_gitProject\\claudeCodeLeak\\PhaseGate\\src\\core\\ai-runner.ts": {"path":"C:\\WorkSpace\\6_Source\\2_VScode\\99_gitProject\\claudeCodeLeak\\PhaseGate\\src\\core\\ai-runner.ts","statementMap":{"0":{"start":{"line":95,"column":0},"end":{"line":95,"column":7}},"1":{"start":{"line":303,"column":0},"end":{"line":303,"column":16}},"2":{"start":{"line":319,"column":0},"end":{"line":319,"column":16}},"3":{"start":{"line":1,"column":0},"end":{"line":1,"column":38}},"4":{"start":{"line":2,"column":0},"end":{"line":2,"column":29}},"5":{"start":{"line":3,"column":0},"end":{"line":3,"column":32}},"6":{"start":{"line":26,"column":65},"end":{"line":52,"column":2}},"7":{"start":{"line":30,"column":24},"end":{"line":30,"column":35}},"8":{"start":{"line":33,"column":29},"end":{"line":33,"column":31}},"9":{"start":{"line":35,"column":6},"end":{"line":35,"column":87}},"10":{"start":{"line":35,"column":28},"end":{"line":35,"column":87}},"11":{"start":{"line":36,"column":6},"end":{"line":36,"column":74}},"12":{"start":{"line":36,"column":24},"end":{"line":36,"column":74}},"13":{"start":{"line":38,"column":6},"end":{"line":38,"column":52}},"14":{"start":{"line":38,"column":26},"end":{"line":38,"column":52}},"15":{"start":{"line":39,"column":6},"end":{"line":39,"column":18}},"16":{"start":{"line":44,"column":30},"end":{"line":44,"column":44}},"17":{"start":{"line":45,"column":38},"end":{"line":45,"column":78}},"18":{"start":{"line":49,"column":30},"end":{"line":49,"column":46}},"19":{"start":{"line":50,"column":38},"end":{"line":50,"column":72}},"20":{"start":{"line":54,"column":51},"end":{"line":60,"column":2}},"21":{"start":{"line":63,"column":31},"end":{"line":63,"column":59}},"22":{"start":{"line":66,"column":23},"end":{"line":66,"column":62}},"23":{"start":{"line":67,"column":4},"end":{"line":69,"column":5}},"24":{"start":{"line":68,"column":6},"end":{"line":68,"column":52}},"25":{"start":{"line":70,"column":25},"end":{"line":70,"column":83}},"26":{"start":{"line":71,"column":4},"end":{"line":71,"column":101}},"27":{"start":{"line":75,"column":23},"end":{"line":75,"column":62}},"28":{"start":{"line":76,"column":25},"end":{"line":76,"column":83}},"29":{"start":{"line":77,"column":19},"end":{"line":77,"column":114}},"30":{"start":{"line":78,"column":4},"end":{"line":78,"column":37}},"31":{"start":{"line":82,"column":4},"end":{"line":85,"column":6}},"32":{"start":{"line":62,"column":0},"end":{"line":62,"column":13}},"33":{"start":{"line":91,"column":4},"end":{"line":91,"column":37}},"34":{"start":{"line":89,"column":0},"end":{"line":89,"column":13}},"35":{"start":{"line":96,"column":21},"end":{"line":96,"column":54}},"36":{"start":{"line":97,"column":2},"end":{"line":97,"column":55}},"37":{"start":{"line":101,"column":26},"end":{"line":101,"column":28}},"38":{"start":{"line":102,"column":2},"end":{"line":107,"column":3}},"39":{"start":{"line":103,"column":4},"end":{"line":106,"column":5}},"40":{"start":{"line":104,"column":22},"end":{"line":104,"column":59}},"41":{"start":{"line":105,"column":6},"end":{"line":105,"column":73}},"42":{"start":{"line":109,"column":2},"end":{"line":111,"column":3}},"43":{"start":{"line":110,"column":4},"end":{"line":110,"column":62}},"44":{"start":{"line":113,"column":2},"end":{"line":113,"column":16}},"45":{"start":{"line":117,"column":22},"end":{"line":120,"column":4}},"46":{"start":{"line":122,"column":2},"end":{"line":137,"column":3}},"47":{"start":{"line":123,"column":4},"end":{"line":123,"column":54}},"48":{"start":{"line":123,"column":45},"end":{"line":123,"column":54}},"49":{"start":{"line":125,"column":20},"end":{"line":125,"column":50}},"50":{"start":{"line":126,"column":22},"end":{"line":126,"column":57}},"51":{"start":{"line":127,"column":4},"end":{"line":127,"column":29}},"52":{"start":{"line":127,"column":20},"end":{"line":127,"column":29}},"53":{"start":{"line":129,"column":27},"end":{"line":129,"column":52}},"54":{"start":{"line":130,"column":4},"end":{"line":134,"column":5}},"55":{"start":{"line":131,"column":6},"end":{"line":133,"column":8}},"56":{"start":{"line":136,"column":4},"end":{"line":136,"column":26}},"57":{"start":{"line":139,"column":2},"end":{"line":139,"column":18}},"58":{"start":{"line":143,"column":2},"end":{"line":175,"column":5}},"59":{"start":{"line":144,"column":17},"end":{"line":148,"column":6}},"60":{"start":{"line":150,"column":4},"end":{"line":153,"column":5}},"61":{"start":{"line":151,"column":6},"end":{"line":151,"column":37}},"62":{"start":{"line":152,"column":6},"end":{"line":152,"column":23}},"63":{"start":{"line":155,"column":17},"end":{"line":155,"column":19}},"64":{"start":{"line":156,"column":17},"end":{"line":156,"column":19}},"65":{"start":{"line":158,"column":4},"end":{"line":160,"column":7}},"66":{"start":{"line":159,"column":6},"end":{"line":159,"column":32}},"67":{"start":{"line":161,"column":4},"end":{"line":163,"column":7}},"68":{"start":{"line":162,"column":6},"end":{"line":162,"column":32}},"69":{"start":{"line":165,"column":4},"end":{"line":172,"column":7}},"70":{"start":{"line":166,"column":6},"end":{"line":169,"column":7}},"71":{"start":{"line":167,"column":8},"end":{"line":167,"column":76}},"72":{"start":{"line":168,"column":8},"end":{"line":168,"column":15}},"73":{"start":{"line":171,"column":6},"end":{"line":171,"column":29}},"74":{"start":{"line":174,"column":4},"end":{"line":174,"column":43}},"75":{"start":{"line":174,"column":30},"end":{"line":174,"column":41}},"76":{"start":{"line":179,"column":2},"end":{"line":196,"column":5}},"77":{"start":{"line":180,"column":17},"end":{"line":184,"column":6}},"78":{"start":{"line":186,"column":4},"end":{"line":193,"column":7}},"79":{"start":{"line":187,"column":6},"end":{"line":190,"column":7}},"80":{"start":{"line":188,"column":8},"end":{"line":188,"column":65}},"81":{"start":{"line":189,"column":8},"end":{"line":189,"column":15}},"82":{"start":{"line":192,"column":6},"end":{"line":192,"column":16}},"83":{"start":{"line":195,"column":4},"end":{"line":195,"column":29}},"84":{"start":{"line":200,"column":2},"end":{"line":282,"column":5}},"85":{"start":{"line":201,"column":17},"end":{"line":205,"column":6}},"86":{"start":{"line":207,"column":4},"end":{"line":210,"column":5}},"87":{"start":{"line":208,"column":6},"end":{"line":208,"column":31}},"88":{"start":{"line":209,"column":6},"end":{"line":209,"column":23}},"89":{"start":{"line":212,"column":17},"end":{"line":212,"column":19}},"90":{"start":{"line":213,"column":21},"end":{"line":213,"column":23}},"91":{"start":{"line":214,"column":17},"end":{"line":214,"column":19}},"92":{"start":{"line":216,"column":30},"end":{"line":256,"column":5}},"93":{"start":{"line":217,"column":22},"end":{"line":217,"column":33}},"94":{"start":{"line":218,"column":6},"end":{"line":218,"column":27}},"95":{"start":{"line":218,"column":20},"end":{"line":218,"column":27}},"96":{"start":{"line":221,"column":6},"end":{"line":225,"column":7}},"97":{"start":{"line":222,"column":8},"end":{"line":222,"column":37}},"98":{"start":{"line":224,"column":8},"end":{"line":224,"column":15}},"99":{"start":{"line":227,"column":6},"end":{"line":227,"column":56}},"100":{"start":{"line":227,"column":49},"end":{"line":227,"column":56}},"101":{"start":{"line":228,"column":18},"end":{"line":228,"column":51}},"102":{"start":{"line":230,"column":6},"end":{"line":255,"column":7}},"103":{"start":{"line":231,"column":24},"end":{"line":231,"column":77}},"104":{"start":{"line":232,"column":24},"end":{"line":232,"column":44}},"105":{"start":{"line":233,"column":8},"end":{"line":233,"column":44}},"106":{"start":{"line":233,"column":37},"end":{"line":233,"column":44}},"107":{"start":{"line":235,"column":8},"end":{"line":246,"column":9}},"108":{"start":{"line":236,"column":10},"end":{"line":236,"column":60}},"109":{"start":{"line":236,"column":51},"end":{"line":236,"column":60}},"110":{"start":{"line":237,"column":20},"end":{"line":237,"column":52}},"111":{"start":{"line":238,"column":10},"end":{"line":238,"column":82}},"112":{"start":{"line":238,"column":73},"end":{"line":238,"column":82}},"113":{"start":{"line":240,"column":27},"end":{"line":240,"column":36}},"114":{"start":{"line":241,"column":27},"end":{"line":241,"column":76}},"115":{"start":{"line":242,"column":38},"end":{"line":242,"column":74}},"116":{"start":{"line":243,"column":28},"end":{"line":243,"column":64}},"117":{"start":{"line":244,"column":10},"end":{"line":244,"column":63}},"118":{"start":{"line":244,"column":39},"end":{"line":244,"column":63}},"119":{"start":{"line":245,"column":10},"end":{"line":245,"column":25}},"120":{"start":{"line":247,"column":13},"end":{"line":255,"column":7}},"121":{"start":{"line":248,"column":41},"end":{"line":248,"column":59}},"122":{"start":{"line":249,"column":22},"end":{"line":249,"column":34}},"123":{"start":{"line":250,"column":8},"end":{"line":252,"column":9}},"124":{"start":{"line":251,"column":10},"end":{"line":251,"column":60}},"125":{"start":{"line":253,"column":8},"end":{"line":253,"column":29}},"126":{"start":{"line":254,"column":8},"end":{"line":254,"column":76}},"127":{"start":{"line":258,"column":4},"end":{"line":266,"column":7}},"128":{"start":{"line":259,"column":6},"end":{"line":259,"column":32}},"129":{"start":{"line":260,"column":20},"end":{"line":260,"column":38}},"130":{"start":{"line":261,"column":6},"end":{"line":261,"column":33}},"131":{"start":{"line":263,"column":6},"end":{"line":265,"column":7}},"132":{"start":{"line":264,"column":8},"end":{"line":264,"column":32}},"133":{"start":{"line":268,"column":4},"end":{"line":270,"column":7}},"134":{"start":{"line":269,"column":6},"end":{"line":269,"column":32}},"135":{"start":{"line":272,"column":4},"end":{"line":279,"column":7}},"136":{"start":{"line":273,"column":6},"end":{"line":276,"column":7}},"137":{"start":{"line":274,"column":8},"end":{"line":274,"column":72}},"138":{"start":{"line":275,"column":8},"end":{"line":275,"column":15}},"139":{"start":{"line":277,"column":6},"end":{"line":277,"column":32}},"140":{"start":{"line":278,"column":6},"end":{"line":278,"column":26}},"141":{"start":{"line":281,"column":4},"end":{"line":281,"column":29}},"142":{"start":{"line":286,"column":2},"end":{"line":286,"column":31}},"143":{"start":{"line":286,"column":14},"end":{"line":286,"column":31}},"144":{"start":{"line":287,"column":2},"end":{"line":300,"column":3}},"145":{"start":{"line":290,"column":6},"end":{"line":290,"column":85}},"146":{"start":{"line":292,"column":18},"end":{"line":292,"column":85}},"147":{"start":{"line":293,"column":6},"end":{"line":293,"column":48}},"148":{"start":{"line":297,"column":6},"end":{"line":297,"column":23}},"149":{"start":{"line":299,"column":6},"end":{"line":299,"column":23}},"150":{"start":{"line":304,"column":16},"end":{"line":304,"column":67}},"151":{"start":{"line":305,"column":21},"end":{"line":305,"column":59}},"152":{"start":{"line":306,"column":19},"end":{"line":306,"column":58}},"153":{"start":{"line":307,"column":23},"end":{"line":307,"column":66}},"154":{"start":{"line":308,"column":17},"end":{"line":308,"column":53}},"155":{"start":{"line":310,"column":2},"end":{"line":316,"column":4}},"156":{"start":{"line":320,"column":21},"end":{"line":321,"column":71}},"157":{"start":{"line":321,"column":4},"end":{"line":321,"column":71}},"158":{"start":{"line":321,"column":40},"end":{"line":321,"column":48}},"159":{"start":{"line":323,"column":2},"end":{"line":339,"column":15}},"160":{"start":{"line":343,"column":16},"end":{"line":343,"column":84}},"161":{"start":{"line":344,"column":16},"end":{"line":344,"column":36}},"162":{"start":{"line":345,"column":2},"end":{"line":345,"column":38}},"163":{"start":{"line":349,"column":15},"end":{"line":349,"column":47}},"164":{"start":{"line":350,"column":2},"end":{"line":350,"column":44}},"165":{"start":{"line":350,"column":34},"end":{"line":350,"column":44}},"166":{"start":{"line":352,"column":2},"end":{"line":355,"column":53}},"167":{"start":{"line":354,"column":22},"end":{"line":354,"column":50}},"168":{"start":{"line":355,"column":19},"end":{"line":355,"column":51}}},"fnMap":{"0":{"name":"(anonymous_9)","decl":{"start":{"line":30,"column":18},"end":{"line":30,"column":21}},"loc":{"start":{"line":30,"column":24},"end":{"line":30,"column":35}}},"1":{"name":"(anonymous_10)","decl":{"start":{"line":32,"column":19},"end":{"line":32,"column":20}},"loc":{"start":{"line":32,"column":70},"end":{"line":40,"column":5}}},"2":{"name":"(anonymous_11)","decl":{"start":{"line":44,"column":18},"end":{"line":44,"column":19}},"loc":{"start":{"line":44,"column":30},"end":{"line":44,"column":44}}},"3":{"name":"(anonymous_12)","decl":{"start":{"line":45,"column":19},"end":{"line":45,"column":20}},"loc":{"start":{"line":45,"column":38},"end":{"line":45,"column":78}}},"4":{"name":"(anonymous_13)","decl":{"start":{"line":49,"column":18},"end":{"line":49,"column":19}},"loc":{"start":{"line":49,"column":30},"end":{"line":49,"column":46}}},"5":{"name":"(anonymous_14)","decl":{"start":{"line":50,"column":19},"end":{"line":50,"column":20}},"loc":{"start":{"line":50,"column":38},"end":{"line":50,"column":72}}},"6":{"name":"(anonymous_15)","decl":{"start":{"line":63,"column":2},"end":{"line":63,"column":31}},"loc":{"start":{"line":63,"column":59},"end":{"line":63,"column":63}}},"7":{"name":"(anonymous_16)","decl":{"start":{"line":65,"column":2},"end":{"line":65,"column":7}},"loc":{"start":{"line":65,"column":80},"end":{"line":72,"column":3}}},"8":{"name":"(anonymous_17)","decl":{"start":{"line":74,"column":2},"end":{"line":74,"column":7}},"loc":{"start":{"line":74,"column":44},"end":{"line":79,"column":3}}},"9":{"name":"(anonymous_18)","decl":{"start":{"line":81,"column":2},"end":{"line":81,"column":7}},"loc":{"start":{"line":81,"column":85},"end":{"line":86,"column":3}}},"10":{"name":"(anonymous_19)","decl":{"start":{"line":90,"column":2},"end":{"line":90,"column":null}},"loc":{"start":{"line":90,"column":2},"end":{"line":92,"column":3}}},"11":{"name":"createRunner","decl":{"start":{"line":95,"column":22},"end":{"line":95,"column":34}},"loc":{"start":{"line":95,"column":70},"end":{"line":98,"column":1}}},"12":{"name":"buildContextPrompt","decl":{"start":{"line":100,"column":15},"end":{"line":100,"column":33}},"loc":{"start":{"line":100,"column":65},"end":{"line":114,"column":1}}},"13":{"name":"loadRunnerName","decl":{"start":{"line":116,"column":15},"end":{"line":116,"column":29}},"loc":{"start":{"line":116,"column":49},"end":{"line":140,"column":1}}},"14":{"name":"spawnCli","decl":{"start":{"line":142,"column":9},"end":{"line":142,"column":17}},"loc":{"start":{"line":142,"column":72},"end":{"line":176,"column":1}}},"15":{"name":"(anonymous_24)","decl":{"start":{"line":143,"column":21},"end":{"line":143,"column":22}},"loc":{"start":{"line":143,"column":41},"end":{"line":175,"column":3}}},"16":{"name":"(anonymous_25)","decl":{"start":{"line":158,"column":28},"end":{"line":158,"column":29}},"loc":{"start":{"line":158,"column":45},"end":{"line":160,"column":5}}},"17":{"name":"(anonymous_26)","decl":{"start":{"line":161,"column":28},"end":{"line":161,"column":29}},"loc":{"start":{"line":161,"column":45},"end":{"line":163,"column":5}}},"18":{"name":"(anonymous_27)","decl":{"start":{"line":165,"column":21},"end":{"line":165,"column":22}},"loc":{"start":{"line":165,"column":30},"end":{"line":172,"column":5}}},"19":{"name":"(anonymous_28)","decl":{"start":{"line":174,"column":21},"end":{"line":174,"column":22}},"loc":{"start":{"line":174,"column":30},"end":{"line":174,"column":41}}},"20":{"name":"spawnCliInteractive","decl":{"start":{"line":178,"column":9},"end":{"line":178,"column":28}},"loc":{"start":{"line":178,"column":60},"end":{"line":197,"column":1}}},"21":{"name":"(anonymous_30)","decl":{"start":{"line":179,"column":21},"end":{"line":179,"column":22}},"loc":{"start":{"line":179,"column":41},"end":{"line":196,"column":3}}},"22":{"name":"(anonymous_31)","decl":{"start":{"line":186,"column":21},"end":{"line":186,"column":22}},"loc":{"start":{"line":186,"column":30},"end":{"line":193,"column":5}}},"23":{"name":"spawnCliStreaming","decl":{"start":{"line":199,"column":9},"end":{"line":199,"column":26}},"loc":{"start":{"line":199,"column":77},"end":{"line":283,"column":1}}},"24":{"name":"(anonymous_33)","decl":{"start":{"line":200,"column":21},"end":{"line":200,"column":22}},"loc":{"start":{"line":200,"column":41},"end":{"line":282,"column":3}}},"25":{"name":"(anonymous_34)","decl":{"start":{"line":216,"column":30},"end":{"line":216,"column":31}},"loc":{"start":{"line":216,"column":53},"end":{"line":256,"column":5}}},"26":{"name":"(anonymous_35)","decl":{"start":{"line":258,"column":28},"end":{"line":258,"column":29}},"loc":{"start":{"line":258,"column":45},"end":{"line":266,"column":5}}},"27":{"name":"(anonymous_36)","decl":{"start":{"line":268,"column":28},"end":{"line":268,"column":29}},"loc":{"start":{"line":268,"column":45},"end":{"line":270,"column":5}}},"28":{"name":"(anonymous_37)","decl":{"start":{"line":272,"column":21},"end":{"line":272,"column":22}},"loc":{"start":{"line":272,"column":30},"end":{"line":279,"column":5}}},"29":{"name":"extractToolInput","decl":{"start":{"line":285,"column":9},"end":{"line":285,"column":25}},"loc":{"start":{"line":285,"column":82},"end":{"line":301,"column":1}}},"30":{"name":"parseWorkerReport","decl":{"start":{"line":303,"column":16},"end":{"line":303,"column":33}},"loc":{"start":{"line":303,"column":48},"end":{"line":317,"column":1}}},"31":{"name":"formatWorkerReport","decl":{"start":{"line":319,"column":16},"end":{"line":319,"column":34}},"loc":{"start":{"line":319,"column":55},"end":{"line":340,"column":1}}},"32":{"name":"(anonymous_41)","decl":{"start":{"line":320,"column":21},"end":{"line":320,"column":22}},"loc":{"start":{"line":321,"column":4},"end":{"line":321,"column":71}}},"33":{"name":"(anonymous_42)","decl":{"start":{"line":321,"column":33},"end":{"line":321,"column":34}},"loc":{"start":{"line":321,"column":40},"end":{"line":321,"column":48}}},"34":{"name":"extractSection","decl":{"start":{"line":342,"column":9},"end":{"line":342,"column":23}},"loc":{"start":{"line":342,"column":56},"end":{"line":346,"column":1}}},"35":{"name":"extractListSection","decl":{"start":{"line":348,"column":9},"end":{"line":348,"column":27}},"loc":{"start":{"line":348,"column":60},"end":{"line":356,"column":1}}},"36":{"name":"(anonymous_45)","decl":{"start":{"line":354,"column":12},"end":{"line":354,"column":13}},"loc":{"start":{"line":354,"column":22},"end":{"line":354,"column":50}}},"37":{"name":"(anonymous_46)","decl":{"start":{"line":355,"column":9},"end":{"line":355,"column":10}},"loc":{"start":{"line":355,"column":19},"end":{"line":355,"column":51}}}},"branchMap":{"0":{"loc":{"start":{"line":35,"column":6},"end":{"line":35,"column":87}},"type":"if","locations":[{"start":{"line":35,"column":6},"end":{"line":35,"column":87}}]},"1":{"loc":{"start":{"line":36,"column":6},"end":{"line":36,"column":74}},"type":"if","locations":[{"start":{"line":36,"column":6},"end":{"line":36,"column":74}}]},"2":{"loc":{"start":{"line":38,"column":6},"end":{"line":38,"column":52}},"type":"if","locations":[{"start":{"line":38,"column":6},"end":{"line":38,"column":52}}]},"3":{"loc":{"start":{"line":45,"column":38},"end":{"line":45,"column":78}},"type":"cond-expr","locations":[{"start":{"line":45,"column":53},"end":{"line":45,"column":73}},{"start":{"line":45,"column":76},"end":{"line":45,"column":78}}]},"4":{"loc":{"start":{"line":50,"column":38},"end":{"line":50,"column":72}},"type":"cond-expr","locations":[{"start":{"line":50,"column":53},"end":{"line":50,"column":67}},{"start":{"line":50,"column":70},"end":{"line":50,"column":72}}]},"5":{"loc":{"start":{"line":67,"column":4},"end":{"line":69,"column":5}},"type":"if","locations":[{"start":{"line":67,"column":4},"end":{"line":69,"column":5}}]},"6":{"loc":{"start":{"line":67,"column":8},"end":{"line":67,"column":55}},"type":"binary-expr","locations":[{"start":{"line":67,"column":8},"end":{"line":67,"column":15}},{"start":{"line":67,"column":19},"end":{"line":67,"column":55}}]},"7":{"loc":{"start":{"line":70,"column":25},"end":{"line":70,"column":83}},"type":"cond-expr","locations":[{"start":{"line":70,"column":61},"end":{"line":70,"column":71}},{"start":{"line":70,"column":74},"end":{"line":70,"column":83}}]},"8":{"loc":{"start":{"line":76,"column":25},"end":{"line":76,"column":83}},"type":"cond-expr","locations":[{"start":{"line":76,"column":61},"end":{"line":76,"column":71}},{"start":{"line":76,"column":74},"end":{"line":76,"column":83}}]},"9":{"loc":{"start":{"line":95,"column":35},"end":{"line":95,"column":70}},"type":"default-arg","locations":[{"start":{"line":95,"column":57},"end":{"line":95,"column":70}}]},"10":{"loc":{"start":{"line":103,"column":4},"end":{"line":106,"column":5}},"type":"if","locations":[{"start":{"line":103,"column":4},"end":{"line":106,"column":5}}]},"11":{"loc":{"start":{"line":109,"column":2},"end":{"line":111,"column":3}},"type":"if","locations":[{"start":{"line":109,"column":2},"end":{"line":111,"column":3}}]},"12":{"loc":{"start":{"line":123,"column":4},"end":{"line":123,"column":54}},"type":"if","locations":[{"start":{"line":123,"column":4},"end":{"line":123,"column":54}}]},"13":{"loc":{"start":{"line":127,"column":4},"end":{"line":127,"column":29}},"type":"if","locations":[{"start":{"line":127,"column":4},"end":{"line":127,"column":29}}]},"14":{"loc":{"start":{"line":130,"column":4},"end":{"line":134,"column":5}},"type":"if","locations":[{"start":{"line":130,"column":4},"end":{"line":134,"column":5}}]},"15":{"loc":{"start":{"line":145,"column":14},"end":{"line":145,"column":60}},"type":"cond-expr","locations":[{"start":{"line":145,"column":43},"end":{"line":145,"column":49}},{"start":{"line":145,"column":52},"end":{"line":145,"column":60}}]},"16":{"loc":{"start":{"line":150,"column":4},"end":{"line":153,"column":5}},"type":"if","locations":[{"start":{"line":150,"column":4},"end":{"line":153,"column":5}}]},"17":{"loc":{"start":{"line":150,"column":8},"end":{"line":150,"column":48}},"type":"binary-expr","locations":[{"start":{"line":150,"column":8},"end":{"line":150,"column":34}},{"start":{"line":150,"column":38},"end":{"line":150,"column":48}}]},"18":{"loc":{"start":{"line":166,"column":6},"end":{"line":169,"column":7}},"type":"if","locations":[{"start":{"line":166,"column":6},"end":{"line":169,"column":7}}]},"19":{"loc":{"start":{"line":187,"column":6},"end":{"line":190,"column":7}},"type":"if","locations":[{"start":{"line":187,"column":6},"end":{"line":190,"column":7}}]},"20":{"loc":{"start":{"line":207,"column":4},"end":{"line":210,"column":5}},"type":"if","locations":[{"start":{"line":207,"column":4},"end":{"line":210,"column":5}}]},"21":{"loc":{"start":{"line":218,"column":6},"end":{"line":218,"column":27}},"type":"if","locations":[{"start":{"line":218,"column":6},"end":{"line":218,"column":27}}]},"22":{"loc":{"start":{"line":227,"column":6},"end":{"line":227,"column":56}},"type":"if","locations":[{"start":{"line":227,"column":6},"end":{"line":227,"column":56}}]},"23":{"loc":{"start":{"line":227,"column":10},"end":{"line":227,"column":47}},"type":"binary-expr","locations":[{"start":{"line":227,"column":10},"end":{"line":227,"column":17}},{"start":{"line":227,"column":21},"end":{"line":227,"column":47}}]},"24":{"loc":{"start":{"line":230,"column":6},"end":{"line":255,"column":7}},"type":"if","locations":[{"start":{"line":230,"column":6},"end":{"line":255,"column":7}},{"start":{"line":247,"column":13},"end":{"line":255,"column":7}}]},"25":{"loc":{"start":{"line":233,"column":8},"end":{"line":233,"column":44}},"type":"if","locations":[{"start":{"line":233,"column":8},"end":{"line":233,"column":44}}]},"26":{"loc":{"start":{"line":236,"column":10},"end":{"line":236,"column":60}},"type":"if","locations":[{"start":{"line":236,"column":10},"end":{"line":236,"column":60}}]},"27":{"loc":{"start":{"line":236,"column":14},"end":{"line":236,"column":49}},"type":"binary-expr","locations":[{"start":{"line":236,"column":14},"end":{"line":236,"column":20}},{"start":{"line":236,"column":24},"end":{"line":236,"column":49}}]},"28":{"loc":{"start":{"line":238,"column":10},"end":{"line":238,"column":82}},"type":"if","locations":[{"start":{"line":238,"column":10},"end":{"line":238,"column":82}}]},"29":{"loc":{"start":{"line":238,"column":14},"end":{"line":238,"column":71}},"type":"binary-expr","locations":[{"start":{"line":238,"column":14},"end":{"line":238,"column":38}},{"start":{"line":238,"column":42},"end":{"line":238,"column":71}}]},"30":{"loc":{"start":{"line":244,"column":10},"end":{"line":244,"column":63}},"type":"if","locations":[{"start":{"line":244,"column":10},"end":{"line":244,"column":63}}]},"31":{"loc":{"start":{"line":247,"column":13},"end":{"line":255,"column":7}},"type":"if","locations":[{"start":{"line":247,"column":13},"end":{"line":255,"column":7}}]},"32":{"loc":{"start":{"line":250,"column":8},"end":{"line":252,"column":9}},"type":"if","locations":[{"start":{"line":250,"column":8},"end":{"line":252,"column":9}}]},"33":{"loc":{"start":{"line":250,"column":12},"end":{"line":250,"column":46}},"type":"binary-expr","locations":[{"start":{"line":250,"column":12},"end":{"line":250,"column":17}},{"start":{"line":250,"column":21},"end":{"line":250,"column":46}}]},"34":{"loc":{"start":{"line":254,"column":21},"end":{"line":254,"column":75}},"type":"cond-expr","locations":[{"start":{"line":254,"column":57},"end":{"line":254,"column":70}},{"start":{"line":254,"column":73},"end":{"line":254,"column":75}}]},"35":{"loc":{"start":{"line":261,"column":15},"end":{"line":261,"column":32}},"type":"binary-expr","locations":[{"start":{"line":261,"column":15},"end":{"line":261,"column":26}},{"start":{"line":261,"column":30},"end":{"line":261,"column":32}}]},"36":{"loc":{"start":{"line":273,"column":6},"end":{"line":276,"column":7}},"type":"if","locations":[{"start":{"line":273,"column":6},"end":{"line":276,"column":7}}]},"37":{"loc":{"start":{"line":286,"column":2},"end":{"line":286,"column":31}},"type":"if","locations":[{"start":{"line":286,"column":2},"end":{"line":286,"column":31}}]},"38":{"loc":{"start":{"line":287,"column":2},"end":{"line":300,"column":3}},"type":"switch","locations":[{"start":{"line":288,"column":4},"end":{"line":288,"column":17}},{"start":{"line":289,"column":4},"end":{"line":290,"column":85}},{"start":{"line":291,"column":4},"end":{"line":294,"column":5}},{"start":{"line":295,"column":4},"end":{"line":295,"column":21}},{"start":{"line":296,"column":4},"end":{"line":297,"column":23}},{"start":{"line":298,"column":4},"end":{"line":299,"column":23}}]},"39":{"loc":{"start":{"line":290,"column":13},"end":{"line":290,"column":84}},"type":"cond-expr","locations":[{"start":{"line":290,"column":54},"end":{"line":290,"column":72}},{"start":{"line":290,"column":75},"end":{"line":290,"column":84}}]},"40":{"loc":{"start":{"line":292,"column":18},"end":{"line":292,"column":85}},"type":"cond-expr","locations":[{"start":{"line":292,"column":57},"end":{"line":292,"column":73}},{"start":{"line":292,"column":76},"end":{"line":292,"column":85}}]},"41":{"loc":{"start":{"line":293,"column":13},"end":{"line":293,"column":47}},"type":"cond-expr","locations":[{"start":{"line":293,"column":19},"end":{"line":293,"column":35}},{"start":{"line":293,"column":38},"end":{"line":293,"column":47}}]},"42":{"loc":{"start":{"line":304,"column":16},"end":{"line":304,"column":67}},"type":"binary-expr","locations":[{"start":{"line":304,"column":16},"end":{"line":304,"column":47}},{"start":{"line":304,"column":51},"end":{"line":304,"column":67}}]},"43":{"loc":{"start":{"line":305,"column":21},"end":{"line":305,"column":59}},"type":"binary-expr","locations":[{"start":{"line":305,"column":21},"end":{"line":305,"column":53}},{"start":{"line":305,"column":57},"end":{"line":305,"column":59}}]},"44":{"loc":{"start":{"line":312,"column":12},"end":{"line":312,"column":73}},"type":"cond-expr","locations":[{"start":{"line":312,"column":56},"end":{"line":312,"column":62}},{"start":{"line":312,"column":65},"end":{"line":312,"column":73}}]},"45":{"loc":{"start":{"line":321,"column":4},"end":{"line":321,"column":71}},"type":"cond-expr","locations":[{"start":{"line":321,"column":23},"end":{"line":321,"column":60}},{"start":{"line":321,"column":63},"end":{"line":321,"column":71}}]},"46":{"loc":{"start":{"line":345,"column":9},"end":{"line":345,"column":37}},"type":"cond-expr","locations":[{"start":{"line":345,"column":17},"end":{"line":345,"column":32}},{"start":{"line":345,"column":35},"end":{"line":345,"column":37}}]},"47":{"loc":{"start":{"line":350,"column":2},"end":{"line":350,"column":44}},"type":"if","locations":[{"start":{"line":350,"column":2},"end":{"line":350,"column":44}}]},"48":{"loc":{"start":{"line":350,"column":6},"end":{"line":350,"column":32}},"type":"binary-expr","locations":[{"start":{"line":350,"column":6},"end":{"line":350,"column":11}},{"start":{"line":350,"column":15},"end":{"line":350,"column":32}}]}},"s":{"0":2,"1":2,"2":2,"3":2,"4":2,"5":2,"6":2,"7":0,"8":0,"9":0,"10":0,"11":0,"12":0,"13":0,"14":0,"15":0,"16":0,"17":0,"18":0,"19":0,"20":2,"21":12,"22":12,"23":12,"24":10,"25":2,"26":2,"27":0,"28":0,"29":0,"30":0,"31":0,"32":2,"33":0,"34":2,"35":0,"36":0,"37":12,"38":12,"39":0,"40":0,"41":0,"42":12,"43":0,"44":12,"45":0,"46":0,"47":0,"48":0,"49":0,"50":0,"51":0,"52":0,"53":0,"54":0,"55":0,"56":0,"57":0,"58":2,"59":2,"60":2,"61":1,"62":1,"63":2,"64":2,"65":2,"66":2,"67":2,"68":0,"69":2,"70":2,"71":0,"72":0,"73":2,"74":2,"75":0,"76":0,"77":0,"78":0,"79":0,"80":0,"81":0,"82":0,"83":0,"84":10,"85":10,"86":10,"87":10,"88":10,"89":10,"90":10,"91":10,"92":10,"93":23,"94":23,"95":8,"96":15,"97":15,"98":2,"99":13,"100":0,"101":13,"102":13,"103":4,"104":4,"105":4,"106":0,"107":4,"108":6,"109":0,"110":6,"111":6,"112":0,"113":6,"114":6,"115":6,"116":6,"117":6,"118":4,"119":6,"120":9,"121":9,"122":9,"123":9,"124":2,"125":9,"126":9,"127":10,"128":15,"129":15,"130":15,"131":15,"132":14,"133":10,"134":1,"135":10,"136":10,"137":1,"138":1,"139":9,"140":9,"141":10,"142":6,"143":0,"144":6,"145":3,"146":1,"147":1,"148":2,"149":0,"150":0,"151":0,"152":0,"153":0,"154":0,"155":0,"156":0,"157":0,"158":0,"159":0,"160":0,"161":0,"162":0,"163":0,"164":0,"165":0,"166":0,"167":0,"168":0},"f":{"0":0,"1":0,"2":0,"3":0,"4":0,"5":0,"6":12,"7":12,"8":0,"9":0,"10":0,"11":0,"12":12,"13":0,"14":2,"15":2,"16":2,"17":0,"18":2,"19":0,"20":0,"21":0,"22":0,"23":10,"24":10,"25":23,"26":15,"27":1,"28":10,"29":6,"30":0,"31":0,"32":0,"33":0,"34":0,"35":0,"36":0,"37":0},"b":{"0":[0],"1":[0],"2":[0],"3":[0,0],"4":[0,0],"5":[10],"6":[12,11],"7":[1,1],"8":[0,0],"9":[0],"10":[0],"11":[0],"12":[0],"13":[0],"14":[0],"15":[1,1],"16":[1],"17":[2,1],"18":[0],"19":[0],"20":[10],"21":[8],"22":[0],"23":[13,13],"24":[4,9],"25":[0],"26":[0],"27":[6,6],"28":[0],"29":[6,6],"30":[4],"31":[9],"32":[2],"33":[9,2],"34":[8,1],"35":[15,0],"36":[1],"37":[0],"38":[2,3,1,1,2,0],"39":[3,0],"40":[1,0],"41":[1,0],"42":[0,0],"43":[0,0],"44":[0,0],"45":[0,0],"46":[0,0],"47":[0],"48":[0,0]}}
,"C:\\WorkSpace\\6_Source\\2_VScode\\99_gitProject\\claudeCodeLeak\\PhaseGate\\src\\core\\constraint-checker.ts": {"path":"C:\\WorkSpace\\6_Source\\2_VScode\\99_gitProject\\claudeCodeLeak\\PhaseGate\\src\\core\\constraint-checker.ts","statementMap":{"0":{"start":{"line":24,"column":4},"end":{"line":24,"column":44}},"1":{"start":{"line":21,"column":0},"end":{"line":21,"column":13}}},"fnMap":{"0":{"name":"(anonymous_0)","decl":{"start":{"line":23,"column":2},"end":{"line":23,"column":7}},"loc":{"start":{"line":23,"column":28},"end":{"line":25,"column":3}}}},"branchMap":{},"s":{"0":0,"1":1},"f":{"0":0},"b":{}}
,"C:\\WorkSpace\\6_Source\\2_VScode\\99_gitProject\\claudeCodeLeak\\PhaseGate\\src\\core\\dependency-graph.ts": {"path":"C:\\WorkSpace\\6_Source\\2_VScode\\99_gitProject\\claudeCodeLeak\\PhaseGate\\src\\core\\dependency-graph.ts","statementMap":{"0":{"start":{"line":1,"column":0},"end":{"line":1,"column":29}},"1":{"start":{"line":2,"column":0},"end":{"line":2,"column":32}},"2":{"start":{"line":23,"column":22},"end":{"line":23,"column":67}},"3":{"start":{"line":24,"column":25},"end":{"line":24,"column":74}},"4":{"start":{"line":26,"column":4},"end":{"line":28,"column":5}},"5":{"start":{"line":27,"column":6},"end":{"line":27,"column":88}},"6":{"start":{"line":30,"column":24},"end":{"line":32,"column":42}},"7":{"start":{"line":31,"column":21},"end":{"line":31,"column":38}},"8":{"start":{"line":32,"column":18},"end":{"line":32,"column":41}},"9":{"start":{"line":34,"column":4},"end":{"line":36,"column":5}},"10":{"start":{"line":35,"column":6},"end":{"line":35,"column":77}},"11":{"start":{"line":38,"column":24},"end":{"line":39,"column":null}},"12":{"start":{"line":39,"column":36},"end":{"line":39,"column":66}},"13":{"start":{"line":45,"column":9},"end":{"line":45,"column":11}},"14":{"start":{"line":46,"column":4},"end":{"line":76,"column":5}},"15":{"start":{"line":47,"column":20},"end":{"line":47,"column":86}},"16":{"start":{"line":47,"column":68},"end":{"line":47,"column":85}},"17":{"start":{"line":48,"column":6},"end":{"line":75,"column":7}},"18":{"start":{"line":49,"column":25},"end":{"line":49,"column":54}},"19":{"start":{"line":50,"column":24},"end":{"line":50,"column":61}},"20":{"start":{"line":51,"column":19},"end":{"line":51,"column":44}},"21":{"start":{"line":52,"column":25},"end":{"line":52,"column":55}},"22":{"start":{"line":54,"column":8},"end":{"line":64,"column":9}},"23":{"start":{"line":55,"column":10},"end":{"line":62,"column":13}},"24":{"start":{"line":63,"column":10},"end":{"line":63,"column":19}},"25":{"start":{"line":66,"column":8},"end":{"line":74,"column":11}},"26":{"start":{"line":78,"column":30},"end":{"line":78,"column":55}},"27":{"start":{"line":79,"column":4},"end":{"line":87,"column":5}},"28":{"start":{"line":80,"column":6},"end":{"line":86,"column":7}},"29":{"start":{"line":85,"column":8},"end":{"line":85,"column":76}},"30":{"start":{"line":89,"column":32},"end":{"line":89,"column":34}},"31":{"start":{"line":90,"column":4},"end":{"line":100,"column":5}},"32":{"start":{"line":91,"column":19},"end":{"line":91,"column":51}},"33":{"start":{"line":92,"column":22},"end":{"line":92,"column":61}},"34":{"start":{"line":93,"column":27},"end":{"line":93,"column":129}},"35":{"start":{"line":95,"column":28},"end":{"line":97,"column":33}},"36":{"start":{"line":96,"column":24},"end":{"line":96,"column":87}},"37":{"start":{"line":97,"column":21},"end":{"line":97,"column":32}},"38":{"start":{"line":99,"column":6},"end":{"line":99,"column":68}},"39":{"start":{"line":102,"column":4},"end":{"line":102,"column":28}},"40":{"start":{"line":103,"column":4},"end":{"line":103,"column":17}},"41":{"start":{"line":107,"column":4},"end":{"line":107,"column":38}},"42":{"start":{"line":107,"column":28},"end":{"line":107,"column":38}},"43":{"start":{"line":109,"column":20},"end":{"line":109,"column":78}},"44":{"start":{"line":109,"column":65},"end":{"line":109,"column":76}},"45":{"start":{"line":110,"column":21},"end":{"line":110,"column":46}},"46":{"start":{"line":111,"column":22},"end":{"line":111,"column":63}},"47":{"start":{"line":111,"column":55},"end":{"line":111,"column":61}},"48":{"start":{"line":113,"column":4},"end":{"line":115,"column":5}},"49":{"start":{"line":114,"column":6},"end":{"line":114,"column":33}},"50":{"start":{"line":117,"column":4},"end":{"line":123,"column":5}},"51":{"start":{"line":118,"column":6},"end":{"line":122,"column":7}},"52":{"start":{"line":119,"column":8},"end":{"line":121,"column":9}},"53":{"start":{"line":120,"column":10},"end":{"line":120,"column":70}},"54":{"start":{"line":125,"column":34},"end":{"line":125,"column":36}},"55":{"start":{"line":126,"column":4},"end":{"line":147,"column":5}},"56":{"start":{"line":127,"column":19},"end":{"line":129,"column":42}},"57":{"start":{"line":128,"column":26},"end":{"line":128,"column":57}},"58":{"start":{"line":129,"column":23},"end":{"line":129,"column":41}},"59":{"start":{"line":131,"column":6},"end":{"line":135,"column":7}},"60":{"start":{"line":132,"column":8},"end":{"line":134,"column":10}},"61":{"start":{"line":137,"column":6},"end":{"line":137,"column":23}},"62":{"start":{"line":138,"column":6},"end":{"line":146,"column":7}},"63":{"start":{"line":139,"column":8},"end":{"line":139,"column":36}},"64":{"start":{"line":140,"column":8},"end":{"line":145,"column":9}},"65":{"start":{"line":141,"column":32},"end":{"line":141,"column":55}},"66":{"start":{"line":142,"column":10},"end":{"line":144,"column":11}},"67":{"start":{"line":143,"column":12},"end":{"line":143,"column":72}},"68":{"start":{"line":149,"column":4},"end":{"line":149,"column":17}},"69":{"start":{"line":21,"column":0},"end":{"line":21,"column":13}},"70":{"start":{"line":154,"column":16},"end":{"line":154,"column":60}},"71":{"start":{"line":155,"column":2},"end":{"line":155,"column":26}},"72":{"start":{"line":155,"column":14},"end":{"line":155,"column":26}},"73":{"start":{"line":157,"column":15},"end":{"line":157,"column":23}},"74":{"start":{"line":158,"column":15},"end":{"line":158,"column":46}},"75":{"start":{"line":159,"column":22},"end":{"line":159,"column":60}},"76":{"start":{"line":160,"column":20},"end":{"line":160,"column":54}},"77":{"start":{"line":162,"column":2},"end":{"line":162,"column":25}},"78":{"start":{"line":162,"column":13},"end":{"line":162,"column":25}},"79":{"start":{"line":163,"column":2},"end":{"line":163,"column":42}},"80":{"start":{"line":167,"column":28},"end":{"line":167,"column":82}},"81":{"start":{"line":168,"column":23},"end":{"line":168,"column":53}},"82":{"start":{"line":169,"column":2},"end":{"line":169,"column":38}},"83":{"start":{"line":169,"column":21},"end":{"line":169,"column":38}},"84":{"start":{"line":170,"column":2},"end":{"line":174,"column":25}},"85":{"start":{"line":178,"column":16},"end":{"line":178,"column":74}},"86":{"start":{"line":179,"column":16},"end":{"line":179,"column":33}},"87":{"start":{"line":180,"column":2},"end":{"line":180,"column":38}},"88":{"start":{"line":184,"column":16},"end":{"line":184,"column":32}},"89":{"start":{"line":185,"column":19},"end":{"line":185,"column":78}},"90":{"start":{"line":185,"column":42},"end":{"line":185,"column":77}},"91":{"start":{"line":186,"column":2},"end":{"line":186,"column":30}},"92":{"start":{"line":186,"column":20},"end":{"line":186,"column":30}},"93":{"start":{"line":188,"column":26},"end":{"line":188,"column":28}},"94":{"start":{"line":189,"column":2},"end":{"line":196,"column":3}},"95":{"start":{"line":189,"column":15},"end":{"line":189,"column":27}},"96":{"start":{"line":190,"column":22},"end":{"line":190,"column":53}},"97":{"start":{"line":191,"column":4},"end":{"line":195,"column":5}},"98":{"start":{"line":192,"column":6},"end":{"line":192,"column":38}},"99":{"start":{"line":193,"column":11},"end":{"line":195,"column":5}},"100":{"start":{"line":194,"column":6},"end":{"line":194,"column":12}},"101":{"start":{"line":197,"column":2},"end":{"line":197,"column":15}},"102":{"start":{"line":201,"column":21},"end":{"line":201,"column":82}},"103":{"start":{"line":202,"column":2},"end":{"line":202,"column":29}},"104":{"start":{"line":202,"column":19},"end":{"line":202,"column":29}},"105":{"start":{"line":204,"column":20},"end":{"line":204,"column":76}},"106":{"start":{"line":204,"column":60},"end":{"line":204,"column":75}},"107":{"start":{"line":205,"column":2},"end":{"line":205,"column":38}},"108":{"start":{"line":205,"column":28},"end":{"line":205,"column":38}},"109":{"start":{"line":207,"column":25},"end":{"line":207,"column":27}},"110":{"start":{"line":208,"column":2},"end":{"line":214,"column":3}},"111":{"start":{"line":208,"column":15},"end":{"line":208,"column":16}},"112":{"start":{"line":209,"column":18},"end":{"line":209,"column":78}},"113":{"start":{"line":209,"column":53},"end":{"line":209,"column":61}},"114":{"start":{"line":210,"column":18},"end":{"line":210,"column":26}},"115":{"start":{"line":211,"column":4},"end":{"line":213,"column":5}},"116":{"start":{"line":212,"column":6},"end":{"line":212,"column":23}},"117":{"start":{"line":215,"column":2},"end":{"line":215,"column":14}},"118":{"start":{"line":224,"column":19},"end":{"line":224,"column":36}},"119":{"start":{"line":226,"column":2},"end":{"line":240,"column":3}},"120":{"start":{"line":227,"column":33},"end":{"line":227,"column":70}},"121":{"start":{"line":229,"column":4},"end":{"line":234,"column":5}},"122":{"start":{"line":230,"column":6},"end":{"line":232,"column":7}},"123":{"start":{"line":231,"column":8},"end":{"line":231,"column":43}},"124":{"start":{"line":233,"column":6},"end":{"line":233,"column":15}},"125":{"start":{"line":236,"column":21},"end":{"line":236,"column":54}},"126":{"start":{"line":237,"column":4},"end":{"line":239,"column":5}},"127":{"start":{"line":238,"column":6},"end":{"line":238,"column":29}},"128":{"start":{"line":242,"column":2},"end":{"line":242,"column":18}},"129":{"start":{"line":246,"column":2},"end":{"line":246,"column":24}},"130":{"start":{"line":246,"column":14},"end":{"line":246,"column":24}},"131":{"start":{"line":248,"column":2},"end":{"line":254,"column":19}},"132":{"start":{"line":258,"column":18},"end":{"line":258,"column":76}},"133":{"start":{"line":258,"column":63},"end":{"line":258,"column":74}},"134":{"start":{"line":259,"column":18},"end":{"line":259,"column":35}},"135":{"start":{"line":260,"column":18},"end":{"line":260,"column":35}},"136":{"start":{"line":263,"column":63},"end":{"line":265,"column":6}},"137":{"start":{"line":266,"column":27},"end":{"line":266,"column":29}},"138":{"start":{"line":268,"column":4},"end":{"line":301,"column":5}},"139":{"start":{"line":269,"column":20},"end":{"line":269,"column":43}},"140":{"start":{"line":270,"column":23},"end":{"line":270,"column":28}},"141":{"start":{"line":272,"column":6},"end":{"line":276,"column":7}},"142":{"start":{"line":273,"column":8},"end":{"line":273,"column":26}},"143":{"start":{"line":274,"column":8},"end":{"line":274,"column":26}},"144":{"start":{"line":275,"column":8},"end":{"line":275,"column":24}},"145":{"start":{"line":278,"column":19},"end":{"line":279,"column":null}},"146":{"start":{"line":279,"column":8},"end":{"line":279,"column":24}},"147":{"start":{"line":282,"column":6},"end":{"line":287,"column":7}},"148":{"start":{"line":283,"column":8},"end":{"line":283,"column":20}},"149":{"start":{"line":284,"column":8},"end":{"line":284,"column":29}},"150":{"start":{"line":285,"column":8},"end":{"line":285,"column":55}},"151":{"start":{"line":285,"column":44},"end":{"line":285,"column":55}},"152":{"start":{"line":286,"column":8},"end":{"line":286,"column":17}},"153":{"start":{"line":289,"column":18},"end":{"line":289,"column":40}},"154":{"start":{"line":290,"column":6},"end":{"line":290,"column":28}},"155":{"start":{"line":292,"column":6},"end":{"line":296,"column":7}},"156":{"start":{"line":293,"column":20},"end":{"line":293,"column":37}},"157":{"start":{"line":294,"column":22},"end":{"line":294,"column":60}},"158":{"start":{"line":295,"column":8},"end":{"line":295,"column":57}},"159":{"start":{"line":298,"column":6},"end":{"line":300,"column":7}},"160":{"start":{"line":299,"column":8},"end":{"line":299,"column":49}},"161":{"start":{"line":304,"column":2},"end":{"line":308,"column":3}},"162":{"start":{"line":305,"column":4},"end":{"line":307,"column":5}},"163":{"start":{"line":306,"column":6},"end":{"line":306,"column":21}}},"fnMap":{"0":{"name":"(anonymous_9)","decl":{"start":{"line":22,"column":2},"end":{"line":22,"column":7}},"loc":{"start":{"line":22,"column":33},"end":{"line":104,"column":3}}},"1":{"name":"(anonymous_10)","decl":{"start":{"line":31,"column":14},"end":{"line":31,"column":15}},"loc":{"start":{"line":31,"column":21},"end":{"line":31,"column":38}}},"2":{"name":"(anonymous_11)","decl":{"start":{"line":32,"column":11},"end":{"line":32,"column":12}},"loc":{"start":{"line":32,"column":18},"end":{"line":32,"column":41}}},"3":{"name":"(anonymous_12)","decl":{"start":{"line":39,"column":22},"end":{"line":39,"column":23}},"loc":{"start":{"line":39,"column":36},"end":{"line":39,"column":66}}},"4":{"name":"(anonymous_13)","decl":{"start":{"line":47,"column":61},"end":{"line":47,"column":62}},"loc":{"start":{"line":47,"column":68},"end":{"line":47,"column":85}}},"5":{"name":"(anonymous_14)","decl":{"start":{"line":96,"column":16},"end":{"line":96,"column":17}},"loc":{"start":{"line":96,"column":24},"end":{"line":96,"column":87}}},"6":{"name":"(anonymous_15)","decl":{"start":{"line":97,"column":13},"end":{"line":97,"column":14}},"loc":{"start":{"line":97,"column":21},"end":{"line":97,"column":32}}},"7":{"name":"(anonymous_16)","decl":{"start":{"line":106,"column":2},"end":{"line":106,"column":19}},"loc":{"start":{"line":106,"column":39},"end":{"line":150,"column":3}}},"8":{"name":"(anonymous_17)","decl":{"start":{"line":109,"column":58},"end":{"line":109,"column":59}},"loc":{"start":{"line":109,"column":65},"end":{"line":109,"column":76}}},"9":{"name":"(anonymous_18)","decl":{"start":{"line":111,"column":48},"end":{"line":111,"column":49}},"loc":{"start":{"line":111,"column":55},"end":{"line":111,"column":61}}},"10":{"name":"(anonymous_19)","decl":{"start":{"line":128,"column":16},"end":{"line":128,"column":17}},"loc":{"start":{"line":128,"column":26},"end":{"line":128,"column":57}}},"11":{"name":"(anonymous_20)","decl":{"start":{"line":129,"column":13},"end":{"line":129,"column":14}},"loc":{"start":{"line":129,"column":23},"end":{"line":129,"column":41}}},"12":{"name":"parseFrontmatter","decl":{"start":{"line":153,"column":9},"end":{"line":153,"column":25}},"loc":{"start":{"line":153,"column":41},"end":{"line":164,"column":1}}},"13":{"name":"parseContractProvider","decl":{"start":{"line":166,"column":9},"end":{"line":166,"column":30}},"loc":{"start":{"line":166,"column":46},"end":{"line":175,"column":1}}},"14":{"name":"extractYamlScalar","decl":{"start":{"line":177,"column":9},"end":{"line":177,"column":26}},"loc":{"start":{"line":177,"column":52},"end":{"line":181,"column":1}}},"15":{"name":"extractYamlList","decl":{"start":{"line":183,"column":9},"end":{"line":183,"column":24}},"loc":{"start":{"line":183,"column":50},"end":{"line":198,"column":1}}},"16":{"name":"(anonymous_25)","decl":{"start":{"line":185,"column":35},"end":{"line":185,"column":36}},"loc":{"start":{"line":185,"column":42},"end":{"line":185,"column":77}}},"17":{"name":"parseDesignDependencies","decl":{"start":{"line":200,"column":9},"end":{"line":200,"column":32}},"loc":{"start":{"line":200,"column":48},"end":{"line":216,"column":1}}},"18":{"name":"(anonymous_27)","decl":{"start":{"line":204,"column":53},"end":{"line":204,"column":54}},"loc":{"start":{"line":204,"column":60},"end":{"line":204,"column":75}}},"19":{"name":"(anonymous_28)","decl":{"start":{"line":209,"column":46},"end":{"line":209,"column":47}},"loc":{"start":{"line":209,"column":53},"end":{"line":209,"column":61}}},"20":{"name":"resolveModuleDependencies","decl":{"start":{"line":218,"column":9},"end":{"line":218,"column":34}},"loc":{"start":{"line":222,"column":26},"end":{"line":243,"column":1}}},"21":{"name":"normalizeModuleIdentifier","decl":{"start":{"line":245,"column":9},"end":{"line":245,"column":34}},"loc":{"start":{"line":245,"column":60},"end":{"line":255,"column":1}}},"22":{"name":"validateNoCycles","decl":{"start":{"line":257,"column":9},"end":{"line":257,"column":25}},"loc":{"start":{"line":257,"column":45},"end":{"line":309,"column":1}}},"23":{"name":"(anonymous_32)","decl":{"start":{"line":258,"column":56},"end":{"line":258,"column":57}},"loc":{"start":{"line":258,"column":63},"end":{"line":258,"column":74}}},"24":{"name":"dfs","decl":{"start":{"line":262,"column":11},"end":{"line":262,"column":14}},"loc":{"start":{"line":262,"column":28},"end":{"line":302,"column":3}}},"25":{"name":"(anonymous_34)","decl":{"start":{"line":278,"column":66},"end":{"line":278,"column":67}},"loc":{"start":{"line":279,"column":8},"end":{"line":279,"column":24}}}},"branchMap":{"0":{"loc":{"start":{"line":26,"column":4},"end":{"line":28,"column":5}},"type":"if","locations":[{"start":{"line":26,"column":4},"end":{"line":28,"column":5}}]},"1":{"loc":{"start":{"line":34,"column":4},"end":{"line":36,"column":5}},"type":"if","locations":[{"start":{"line":34,"column":4},"end":{"line":36,"column":5}}]},"2":{"loc":{"start":{"line":46,"column":4},"end":{"line":76,"column":5}},"type":"if","locations":[{"start":{"line":46,"column":4},"end":{"line":76,"column":5}}]},"3":{"loc":{"start":{"line":54,"column":8},"end":{"line":64,"column":9}},"type":"if","locations":[{"start":{"line":54,"column":8},"end":{"line":64,"column":9}}]},"4":{"loc":{"start":{"line":80,"column":6},"end":{"line":86,"column":7}},"type":"if","locations":[{"start":{"line":80,"column":6},"end":{"line":86,"column":7}}]},"5":{"loc":{"start":{"line":81,"column":8},"end":{"line":83,"column":57}},"type":"binary-expr","locations":[{"start":{"line":81,"column":8},"end":{"line":81,"column":25}},{"start":{"line":82,"column":8},"end":{"line":82,"column":42}},{"start":{"line":83,"column":8},"end":{"line":83,"column":57}}]},"6":{"loc":{"start":{"line":96,"column":24},"end":{"line":96,"column":87}},"type":"binary-expr","locations":[{"start":{"line":96,"column":24},"end":{"line":96,"column":44}},{"start":{"line":96,"column":48},"end":{"line":96,"column":87}}]},"7":{"loc":{"start":{"line":107,"column":4},"end":{"line":107,"column":38}},"type":"if","locations":[{"start":{"line":107,"column":4},"end":{"line":107,"column":38}}]},"8":{"loc":{"start":{"line":119,"column":8},"end":{"line":121,"column":9}},"type":"if","locations":[{"start":{"line":119,"column":8},"end":{"line":121,"column":9}}]},"9":{"loc":{"start":{"line":120,"column":35},"end":{"line":120,"column":63}},"type":"binary-expr","locations":[{"start":{"line":120,"column":35},"end":{"line":120,"column":58}},{"start":{"line":120,"column":62},"end":{"line":120,"column":63}}]},"10":{"loc":{"start":{"line":128,"column":27},"end":{"line":128,"column":50}},"type":"binary-expr","locations":[{"start":{"line":128,"column":27},"end":{"line":128,"column":45}},{"start":{"line":128,"column":49},"end":{"line":128,"column":50}}]},"11":{"loc":{"start":{"line":131,"column":6},"end":{"line":135,"column":7}},"type":"if","locations":[{"start":{"line":131,"column":6},"end":{"line":135,"column":7}}]},"12":{"loc":{"start":{"line":142,"column":10},"end":{"line":144,"column":11}},"type":"if","locations":[{"start":{"line":142,"column":10},"end":{"line":144,"column":11}}]},"13":{"loc":{"start":{"line":143,"column":37},"end":{"line":143,"column":65}},"type":"binary-expr","locations":[{"start":{"line":143,"column":37},"end":{"line":143,"column":60}},{"start":{"line":143,"column":64},"end":{"line":143,"column":65}}]},"14":{"loc":{"start":{"line":155,"column":2},"end":{"line":155,"column":26}},"type":"if","locations":[{"start":{"line":155,"column":2},"end":{"line":155,"column":26}}]},"15":{"loc":{"start":{"line":162,"column":2},"end":{"line":162,"column":25}},"type":"if","locations":[{"start":{"line":162,"column":2},"end":{"line":162,"column":25}}]},"16":{"loc":{"start":{"line":169,"column":2},"end":{"line":169,"column":38}},"type":"if","locations":[{"start":{"line":169,"column":2},"end":{"line":169,"column":38}}]},"17":{"loc":{"start":{"line":170,"column":9},"end":{"line":174,"column":24}},"type":"binary-expr","locations":[{"start":{"line":170,"column":9},"end":{"line":174,"column":11}},{"start":{"line":174,"column":15},"end":{"line":174,"column":24}}]},"18":{"loc":{"start":{"line":180,"column":9},"end":{"line":180,"column":37}},"type":"cond-expr","locations":[{"start":{"line":180,"column":17},"end":{"line":180,"column":32}},{"start":{"line":180,"column":35},"end":{"line":180,"column":37}}]},"19":{"loc":{"start":{"line":186,"column":2},"end":{"line":186,"column":30}},"type":"if","locations":[{"start":{"line":186,"column":2},"end":{"line":186,"column":30}}]},"20":{"loc":{"start":{"line":191,"column":4},"end":{"line":195,"column":5}},"type":"if","locations":[{"start":{"line":191,"column":4},"end":{"line":195,"column":5}},{"start":{"line":193,"column":11},"end":{"line":195,"column":5}}]},"21":{"loc":{"start":{"line":193,"column":11},"end":{"line":195,"column":5}},"type":"if","locations":[{"start":{"line":193,"column":11},"end":{"line":195,"column":5}}]},"22":{"loc":{"start":{"line":193,"column":15},"end":{"line":193,"column":59}},"type":"binary-expr","locations":[{"start":{"line":193,"column":15},"end":{"line":193,"column":30}},{"start":{"line":193,"column":34},"end":{"line":193,"column":59}}]},"23":{"loc":{"start":{"line":202,"column":2},"end":{"line":202,"column":29}},"type":"if","locations":[{"start":{"line":202,"column":2},"end":{"line":202,"column":29}}]},"24":{"loc":{"start":{"line":205,"column":2},"end":{"line":205,"column":38}},"type":"if","locations":[{"start":{"line":205,"column":2},"end":{"line":205,"column":38}}]},"25":{"loc":{"start":{"line":211,"column":4},"end":{"line":213,"column":5}},"type":"if","locations":[{"start":{"line":211,"column":4},"end":{"line":213,"column":5}}]},"26":{"loc":{"start":{"line":211,"column":8},"end":{"line":211,"column":41}},"type":"binary-expr","locations":[{"start":{"line":211,"column":8},"end":{"line":211,"column":13}},{"start":{"line":211,"column":17},"end":{"line":211,"column":41}}]},"27":{"loc":{"start":{"line":229,"column":4},"end":{"line":234,"column":5}},"type":"if","locations":[{"start":{"line":229,"column":4},"end":{"line":234,"column":5}}]},"28":{"loc":{"start":{"line":230,"column":6},"end":{"line":232,"column":7}},"type":"if","locations":[{"start":{"line":230,"column":6},"end":{"line":232,"column":7}}]},"29":{"loc":{"start":{"line":237,"column":4},"end":{"line":239,"column":5}},"type":"if","locations":[{"start":{"line":237,"column":4},"end":{"line":239,"column":5}}]},"30":{"loc":{"start":{"line":237,"column":8},"end":{"line":237,"column":43}},"type":"binary-expr","locations":[{"start":{"line":237,"column":8},"end":{"line":237,"column":16}},{"start":{"line":237,"column":20},"end":{"line":237,"column":43}}]},"31":{"loc":{"start":{"line":246,"column":2},"end":{"line":246,"column":24}},"type":"if","locations":[{"start":{"line":246,"column":2},"end":{"line":246,"column":24}}]},"32":{"loc":{"start":{"line":272,"column":6},"end":{"line":276,"column":7}},"type":"if","locations":[{"start":{"line":272,"column":6},"end":{"line":276,"column":7}}]},"33":{"loc":{"start":{"line":278,"column":20},"end":{"line":278,"column":57}},"type":"binary-expr","locations":[{"start":{"line":278,"column":20},"end":{"line":278,"column":51}},{"start":{"line":278,"column":55},"end":{"line":278,"column":57}}]},"34":{"loc":{"start":{"line":282,"column":6},"end":{"line":287,"column":7}},"type":"if","locations":[{"start":{"line":282,"column":6},"end":{"line":287,"column":7}}]},"35":{"loc":{"start":{"line":285,"column":8},"end":{"line":285,"column":55}},"type":"if","locations":[{"start":{"line":285,"column":8},"end":{"line":285,"column":55}}]},"36":{"loc":{"start":{"line":292,"column":6},"end":{"line":296,"column":7}},"type":"if","locations":[{"start":{"line":292,"column":6},"end":{"line":296,"column":7}}]},"37":{"loc":{"start":{"line":298,"column":6},"end":{"line":300,"column":7}},"type":"if","locations":[{"start":{"line":298,"column":6},"end":{"line":300,"column":7}}]},"38":{"loc":{"start":{"line":305,"column":4},"end":{"line":307,"column":5}},"type":"if","locations":[{"start":{"line":305,"column":4},"end":{"line":307,"column":5}}]}},"s":{"0":3,"1":3,"2":4,"3":4,"4":4,"5":0,"6":4,"7":6,"8":6,"9":4,"10":0,"11":4,"12":6,"13":4,"14":4,"15":4,"16":3,"17":4,"18":3,"19":3,"20":3,"21":3,"22":3,"23":3,"24":3,"25":0,"26":4,"27":4,"28":3,"29":1,"30":4,"31":4,"32":6,"33":6,"34":6,"35":6,"36":4,"37":3,"38":6,"39":4,"40":4,"41":4,"42":0,"43":4,"44":6,"45":4,"46":4,"47":6,"48":4,"49":6,"50":4,"51":6,"52":2,"53":2,"54":4,"55":4,"56":6,"57":8,"58":6,"59":6,"60":0,"61":6,"62":6,"63":6,"64":6,"65":2,"66":2,"67":2,"68":4,"69":3,"70":3,"71":3,"72":0,"73":3,"74":3,"75":3,"76":3,"77":3,"78":0,"79":3,"80":3,"81":3,"82":3,"83":0,"84":3,"85":6,"86":6,"87":6,"88":3,"89":3,"90":9,"91":3,"92":0,"93":3,"94":3,"95":3,"96":3,"97":3,"98":3,"99":0,"100":0,"101":3,"102":6,"103":6,"104":0,"105":6,"106":21,"107":6,"108":3,"109":3,"110":3,"111":3,"112":3,"113":12,"114":3,"115":3,"116":3,"117":3,"118":6,"119":6,"120":3,"121":3,"122":1,"123":1,"124":1,"125":2,"126":2,"127":1,"128":6,"129":9,"130":0,"131":9,"132":4,"133":6,"134":4,"135":4,"136":6,"137":6,"138":6,"139":8,"140":8,"141":8,"142":6,"143":6,"144":6,"145":8,"146":4,"147":8,"148":6,"149":6,"150":6,"151":6,"152":6,"153":2,"154":2,"155":2,"156":0,"157":0,"158":0,"159":2,"160":0,"161":4,"162":6,"163":6},"f":{"0":4,"1":6,"2":6,"3":6,"4":3,"5":4,"6":3,"7":4,"8":6,"9":6,"10":8,"11":6,"12":3,"13":3,"14":6,"15":3,"16":9,"17":6,"18":21,"19":12,"20":6,"21":9,"22":4,"23":6,"24":6,"25":4},"b":{"0":[0],"1":[0],"2":[4],"3":[3],"4":[1],"5":[3,3,1],"6":[4,3],"7":[0],"8":[2],"9":[2,0],"10":[8,0],"11":[0],"12":[2],"13":[2,0],"14":[0],"15":[0],"16":[0],"17":[3,0],"18":[6,0],"19":[0],"20":[3,0],"21":[0],"22":[0,0],"23":[0],"24":[3],"25":[3],"26":[3,3],"27":[1],"28":[1],"29":[1],"30":[2,1],"31":[0],"32":[6],"33":[8,0],"34":[6],"35":[6],"36":[0],"37":[0],"38":[6]}}
,"C:\\WorkSpace\\6_Source\\2_VScode\\99_gitProject\\claudeCodeLeak\\PhaseGate\\src\\core\\orchestrator.ts": {"path":"C:\\WorkSpace\\6_Source\\2_VScode\\99_gitProject\\claudeCodeLeak\\PhaseGate\\src\\core\\orchestrator.ts","statementMap":{"0":{"start":{"line":1,"column":0},"end":{"line":1,"column":29}},"1":{"start":{"line":2,"column":0},"end":{"line":2,"column":32}},"2":{"start":{"line":4,"column":0},"end":{"line":4,"column":53}},"3":{"start":{"line":5,"column":0},"end":{"line":5,"column":70}},"4":{"start":{"line":7,"column":0},"end":{"line":7,"column":43}},"5":{"start":{"line":34,"column":20},"end":{"line":34,"column":21}},"6":{"start":{"line":35,"column":24},"end":{"line":35,"column":47}},"7":{"start":{"line":36,"column":29},"end":{"line":36,"column":80}},"8":{"start":{"line":37,"column":34},"end":{"line":37,"column":48}},"9":{"start":{"line":40,"column":10},"end":{"line":40,"column":37}},"10":{"start":{"line":41,"column":10},"end":{"line":41,"column":37}},"11":{"start":{"line":44,"column":19},"end":{"line":44,"column":50}},"12":{"start":{"line":45,"column":21},"end":{"line":45,"column":46}},"13":{"start":{"line":48,"column":21},"end":{"line":48,"column":53}},"14":{"start":{"line":51,"column":16},"end":{"line":51,"column":21}},"15":{"start":{"line":52,"column":4},"end":{"line":57,"column":5}},"16":{"start":{"line":53,"column":6},"end":{"line":56,"column":7}},"17":{"start":{"line":53,"column":40},"end":{"line":53,"column":60}},"18":{"start":{"line":54,"column":8},"end":{"line":54,"column":70}},"19":{"start":{"line":55,"column":8},"end":{"line":55,"column":21}},"20":{"start":{"line":58,"column":4},"end":{"line":58,"column":52}},"21":{"start":{"line":58,"column":15},"end":{"line":58,"column":52}},"22":{"start":{"line":61,"column":24},"end":{"line":62,"column":null}},"23":{"start":{"line":62,"column":37},"end":{"line":62,"column":56}},"24":{"start":{"line":62,"column":69},"end":{"line":62,"column":75}},"25":{"start":{"line":64,"column":25},"end":{"line":64,"column":73}},"26":{"start":{"line":64,"column":48},"end":{"line":64,"column":72}},"27":{"start":{"line":66,"column":18},"end":{"line":66,"column":57}},"28":{"start":{"line":67,"column":42},"end":{"line":67,"column":44}},"29":{"start":{"line":68,"column":26},"end":{"line":68,"column":43}},"30":{"start":{"line":70,"column":4},"end":{"line":94,"column":5}},"31":{"start":{"line":70,"column":25},"end":{"line":70,"column":26}},"32":{"start":{"line":71,"column":19},"end":{"line":71,"column":35}},"33":{"start":{"line":72,"column":6},"end":{"line":74,"column":8}},"34":{"start":{"line":73,"column":69},"end":{"line":73,"column":78}},"35":{"start":{"line":76,"column":26},"end":{"line":77,"column":null}},"36":{"start":{"line":77,"column":27},"end":{"line":77,"column":95}},"37":{"start":{"line":80,"column":6},"end":{"line":93,"column":7}},"38":{"start":{"line":81,"column":8},"end":{"line":81,"column":32}},"39":{"start":{"line":82,"column":8},"end":{"line":91,"column":9}},"40":{"start":{"line":83,"column":10},"end":{"line":83,"column":65}},"41":{"start":{"line":84,"column":15},"end":{"line":91,"column":9}},"42":{"start":{"line":85,"column":10},"end":{"line":85,"column":47}},"43":{"start":{"line":86,"column":10},"end":{"line":90,"column":12}},"44":{"start":{"line":96,"column":4},"end":{"line":96,"column":22}},"45":{"start":{"line":104,"column":19},"end":{"line":104,"column":50}},"46":{"start":{"line":105,"column":21},"end":{"line":105,"column":53}},"47":{"start":{"line":106,"column":17},"end":{"line":106,"column":60}},"48":{"start":{"line":106,"column":38},"end":{"line":106,"column":59}},"49":{"start":{"line":108,"column":4},"end":{"line":115,"column":5}},"50":{"start":{"line":109,"column":6},"end":{"line":114,"column":8}},"51":{"start":{"line":117,"column":4},"end":{"line":126,"column":5}},"52":{"start":{"line":117,"column":23},"end":{"line":117,"column":24}},"53":{"start":{"line":118,"column":21},"end":{"line":118,"column":80}},"54":{"start":{"line":119,"column":28},"end":{"line":119,"column":45}},"55":{"start":{"line":120,"column":21},"end":{"line":120,"column":92}},"56":{"start":{"line":122,"column":6},"end":{"line":125,"column":7}},"57":{"start":{"line":123,"column":8},"end":{"line":123,"column":56}},"58":{"start":{"line":124,"column":8},"end":{"line":124,"column":22}},"59":{"start":{"line":128,"column":23},"end":{"line":128,"column":62}},"60":{"start":{"line":129,"column":4},"end":{"line":129,"column":66}},"61":{"start":{"line":130,"column":4},"end":{"line":130,"column":78}},"62":{"start":{"line":143,"column":22},"end":{"line":143,"column":77}},"63":{"start":{"line":143,"column":54},"end":{"line":143,"column":76}},"64":{"start":{"line":144,"column":4},"end":{"line":152,"column":5}},"65":{"start":{"line":145,"column":6},"end":{"line":145,"column":67}},"66":{"start":{"line":146,"column":6},"end":{"line":151,"column":8}},"67":{"start":{"line":154,"column":27},"end":{"line":154,"column":77}},"68":{"start":{"line":155,"column":4},"end":{"line":155,"column":40}},"69":{"start":{"line":157,"column":28},"end":{"line":157,"column":72}},"70":{"start":{"line":158,"column":25},"end":{"line":162,"column":6}},"71":{"start":{"line":164,"column":19},"end":{"line":164,"column":76}},"72":{"start":{"line":165,"column":20},"end":{"line":165,"column":30}},"73":{"start":{"line":166,"column":22},"end":{"line":166,"column":42}},"74":{"start":{"line":167,"column":4},"end":{"line":167,"column":45}},"75":{"start":{"line":169,"column":4},"end":{"line":208,"column":5}},"76":{"start":{"line":170,"column":27},"end":{"line":170,"column":70}},"77":{"start":{"line":171,"column":21},"end":{"line":174,"column":null}},"78":{"start":{"line":176,"column":25},"end":{"line":176,"column":45}},"79":{"start":{"line":179,"column":6},"end":{"line":183,"column":8}},"80":{"start":{"line":185,"column":6},"end":{"line":187,"column":8}},"81":{"start":{"line":189,"column":6},"end":{"line":195,"column":8}},"82":{"start":{"line":197,"column":20},"end":{"line":197,"column":68}},"83":{"start":{"line":198,"column":25},"end":{"line":198,"column":45}},"84":{"start":{"line":199,"column":6},"end":{"line":199,"column":79}},"85":{"start":{"line":200,"column":6},"end":{"line":200,"column":87}},"86":{"start":{"line":202,"column":6},"end":{"line":207,"column":8}},"87":{"start":{"line":39,"column":0},"end":{"line":39,"column":13}},"88":{"start":{"line":216,"column":4},"end":{"line":218,"column":10}},"89":{"start":{"line":217,"column":53},"end":{"line":217,"column":63}},"90":{"start":{"line":220,"column":2},"end":{"line":244,"column":16}},"91":{"start":{"line":243,"column":19},"end":{"line":243,"column":34}},"92":{"start":{"line":253,"column":2},"end":{"line":267,"column":16}},"93":{"start":{"line":261,"column":53},"end":{"line":261,"column":63}},"94":{"start":{"line":271,"column":14},"end":{"line":271,"column":56}},"95":{"start":{"line":272,"column":2},"end":{"line":272,"column":45}},"96":{"start":{"line":272,"column":12},"end":{"line":272,"column":45}},"97":{"start":{"line":274,"column":17},"end":{"line":274,"column":28}},"98":{"start":{"line":275,"column":2},"end":{"line":277,"column":3}},"99":{"start":{"line":276,"column":4},"end":{"line":276,"column":37}},"100":{"start":{"line":279,"column":2},"end":{"line":279,"column":16}},"101":{"start":{"line":283,"column":2},"end":{"line":296,"column":5}},"102":{"start":{"line":284,"column":18},"end":{"line":284,"column":73}},"103":{"start":{"line":284,"column":35},"end":{"line":284,"column":61}},"104":{"start":{"line":286,"column":4},"end":{"line":295,"column":6}},"105":{"start":{"line":288,"column":8},"end":{"line":288,"column":28}},"106":{"start":{"line":289,"column":8},"end":{"line":289,"column":23}},"107":{"start":{"line":292,"column":8},"end":{"line":292,"column":28}},"108":{"start":{"line":293,"column":8},"end":{"line":293,"column":22}},"109":{"start":{"line":305,"column":31},"end":{"line":311,"column":4}},"110":{"start":{"line":313,"column":2},"end":{"line":317,"column":4}},"111":{"start":{"line":321,"column":2},"end":{"line":323,"column":3}},"112":{"start":{"line":322,"column":4},"end":{"line":322,"column":29}},"113":{"start":{"line":325,"column":2},"end":{"line":325,"column":46}}},"fnMap":{"0":{"name":"(anonymous_9)","decl":{"start":{"line":39,"column":0},"end":{"line":39,"column":13}},"loc":{"start":{"line":39,"column":0},"end":{"line":210,"column":1}}},"1":{"name":"(anonymous_10)","decl":{"start":{"line":43,"column":2},"end":{"line":43,"column":7}},"loc":{"start":{"line":43,"column":31},"end":{"line":97,"column":3}}},"2":{"name":"(anonymous_11)","decl":{"start":{"line":53,"column":33},"end":{"line":53,"column":34}},"loc":{"start":{"line":53,"column":40},"end":{"line":53,"column":60}}},"3":{"name":"(anonymous_12)","decl":{"start":{"line":62,"column":30},"end":{"line":62,"column":31}},"loc":{"start":{"line":62,"column":37},"end":{"line":62,"column":56}}},"4":{"name":"(anonymous_13)","decl":{"start":{"line":62,"column":62},"end":{"line":62,"column":63}},"loc":{"start":{"line":62,"column":69},"end":{"line":62,"column":75}}},"5":{"name":"(anonymous_14)","decl":{"start":{"line":64,"column":41},"end":{"line":64,"column":42}},"loc":{"start":{"line":64,"column":48},"end":{"line":64,"column":72}}},"6":{"name":"(anonymous_15)","decl":{"start":{"line":73,"column":59},"end":{"line":73,"column":60}},"loc":{"start":{"line":73,"column":69},"end":{"line":73,"column":78}}},"7":{"name":"(anonymous_16)","decl":{"start":{"line":77,"column":17},"end":{"line":77,"column":18}},"loc":{"start":{"line":77,"column":27},"end":{"line":77,"column":95}}},"8":{"name":"(anonymous_17)","decl":{"start":{"line":99,"column":2},"end":{"line":99,"column":7}},"loc":{"start":{"line":102,"column":26},"end":{"line":131,"column":3}}},"9":{"name":"(anonymous_18)","decl":{"start":{"line":106,"column":31},"end":{"line":106,"column":32}},"loc":{"start":{"line":106,"column":38},"end":{"line":106,"column":59}}},"10":{"name":"(anonymous_19)","decl":{"start":{"line":135,"column":10},"end":{"line":135,"column":15}},"loc":{"start":{"line":140,"column":22},"end":{"line":209,"column":3}}},"11":{"name":"(anonymous_20)","decl":{"start":{"line":143,"column":45},"end":{"line":143,"column":46}},"loc":{"start":{"line":143,"column":54},"end":{"line":143,"column":76}}},"12":{"name":"buildWorkerPrompt","decl":{"start":{"line":214,"column":9},"end":{"line":214,"column":26}},"loc":{"start":{"line":214,"column":67},"end":{"line":245,"column":1}}},"13":{"name":"(anonymous_22)","decl":{"start":{"line":217,"column":46},"end":{"line":217,"column":47}},"loc":{"start":{"line":217,"column":53},"end":{"line":217,"column":63}}},"14":{"name":"(anonymous_23)","decl":{"start":{"line":243,"column":12},"end":{"line":243,"column":13}},"loc":{"start":{"line":243,"column":19},"end":{"line":243,"column":34}}},"15":{"name":"buildRetryPrompt","decl":{"start":{"line":247,"column":9},"end":{"line":247,"column":25}},"loc":{"start":{"line":251,"column":17},"end":{"line":268,"column":1}}},"16":{"name":"(anonymous_25)","decl":{"start":{"line":261,"column":46},"end":{"line":261,"column":47}},"loc":{"start":{"line":261,"column":53},"end":{"line":261,"column":63}}},"17":{"name":"getWorkerTimeoutMs","decl":{"start":{"line":270,"column":9},"end":{"line":270,"column":27}},"loc":{"start":{"line":270,"column":27},"end":{"line":280,"column":1}}},"18":{"name":"withTimeout","decl":{"start":{"line":282,"column":9},"end":{"line":282,"column":20}},"loc":{"start":{"line":282,"column":79},"end":{"line":297,"column":1}}},"19":{"name":"(anonymous_28)","decl":{"start":{"line":283,"column":21},"end":{"line":283,"column":22}},"loc":{"start":{"line":283,"column":41},"end":{"line":296,"column":3}}},"20":{"name":"(anonymous_29)","decl":{"start":{"line":284,"column":29},"end":{"line":284,"column":32}},"loc":{"start":{"line":284,"column":35},"end":{"line":284,"column":61}}},"21":{"name":"(anonymous_30)","decl":{"start":{"line":287,"column":6},"end":{"line":287,"column":7}},"loc":{"start":{"line":287,"column":16},"end":{"line":290,"column":7}}},"22":{"name":"(anonymous_31)","decl":{"start":{"line":291,"column":6},"end":{"line":291,"column":7}},"loc":{"start":{"line":291,"column":16},"end":{"line":294,"column":7}}},"23":{"name":"persistFailureReport","decl":{"start":{"line":299,"column":15},"end":{"line":299,"column":35}},"loc":{"start":{"line":303,"column":20},"end":{"line":318,"column":1}}},"24":{"name":"formatDuration","decl":{"start":{"line":320,"column":9},"end":{"line":320,"column":23}},"loc":{"start":{"line":320,"column":42},"end":{"line":326,"column":1}}}},"branchMap":{"0":{"loc":{"start":{"line":53,"column":6},"end":{"line":56,"column":7}},"type":"if","locations":[{"start":{"line":53,"column":6},"end":{"line":56,"column":7}}]},"1":{"loc":{"start":{"line":58,"column":4},"end":{"line":58,"column":52}},"type":"if","locations":[{"start":{"line":58,"column":4},"end":{"line":58,"column":52}}]},"2":{"loc":{"start":{"line":82,"column":8},"end":{"line":91,"column":9}},"type":"if","locations":[{"start":{"line":82,"column":8},"end":{"line":91,"column":9}},{"start":{"line":84,"column":15},"end":{"line":91,"column":9}}]},"3":{"loc":{"start":{"line":84,"column":15},"end":{"line":91,"column":9}},"type":"if","locations":[{"start":{"line":84,"column":15},"end":{"line":91,"column":9}}]},"4":{"loc":{"start":{"line":89,"column":12},"end":{"line":89,"column":43}},"type":"binary-expr","locations":[{"start":{"line":89,"column":12},"end":{"line":89,"column":24}},{"start":{"line":89,"column":28},"end":{"line":89,"column":43}}]},"5":{"loc":{"start":{"line":108,"column":4},"end":{"line":115,"column":5}},"type":"if","locations":[{"start":{"line":108,"column":4},"end":{"line":115,"column":5}}]},"6":{"loc":{"start":{"line":122,"column":6},"end":{"line":125,"column":7}},"type":"if","locations":[{"start":{"line":122,"column":6},"end":{"line":125,"column":7}}]},"7":{"loc":{"start":{"line":144,"column":4},"end":{"line":152,"column":5}},"type":"if","locations":[{"start":{"line":144,"column":4},"end":{"line":152,"column":5}}]},"8":{"loc":{"start":{"line":161,"column":10},"end":{"line":161,"column":72}},"type":"cond-expr","locations":[{"start":{"line":161,"column":50},"end":{"line":161,"column":67}},{"start":{"line":161,"column":70},"end":{"line":161,"column":72}}]},"9":{"loc":{"start":{"line":164,"column":19},"end":{"line":164,"column":76}},"type":"binary-expr","locations":[{"start":{"line":164,"column":19},"end":{"line":164,"column":33}},{"start":{"line":164,"column":37},"end":{"line":164,"column":76}}]},"10":{"loc":{"start":{"line":170,"column":27},"end":{"line":170,"column":70}},"type":"binary-expr","locations":[{"start":{"line":170,"column":27},"end":{"line":170,"column":33}},{"start":{"line":170,"column":38},"end":{"line":170,"column":69}}]},"11":{"loc":{"start":{"line":186,"column":13},"end":{"line":186,"column":49}},"type":"cond-expr","locations":[{"start":{"line":186,"column":40},"end":{"line":186,"column":43}},{"start":{"line":186,"column":46},"end":{"line":186,"column":49}}]},"12":{"loc":{"start":{"line":191,"column":16},"end":{"line":191,"column":60}},"type":"cond-expr","locations":[{"start":{"line":191,"column":43},"end":{"line":191,"column":49}},{"start":{"line":191,"column":52},"end":{"line":191,"column":60}}]},"13":{"loc":{"start":{"line":194,"column":15},"end":{"line":194,"column":80}},"type":"cond-expr","locations":[{"start":{"line":194,"column":44},"end":{"line":194,"column":68}},{"start":{"line":194,"column":71},"end":{"line":194,"column":80}}]},"14":{"loc":{"start":{"line":197,"column":20},"end":{"line":197,"column":68}},"type":"cond-expr","locations":[{"start":{"line":197,"column":43},"end":{"line":197,"column":54}},{"start":{"line":197,"column":57},"end":{"line":197,"column":68}}]},"15":{"loc":{"start":{"line":216,"column":4},"end":{"line":218,"column":10}},"type":"cond-expr","locations":[{"start":{"line":217,"column":8},"end":{"line":217,"column":79}},{"start":{"line":218,"column":8},"end":{"line":218,"column":10}}]},"16":{"loc":{"start":{"line":260,"column":4},"end":{"line":262,"column":10}},"type":"cond-expr","locations":[{"start":{"line":261,"column":8},"end":{"line":261,"column":77}},{"start":{"line":262,"column":8},"end":{"line":262,"column":10}}]},"17":{"loc":{"start":{"line":272,"column":2},"end":{"line":272,"column":45}},"type":"if","locations":[{"start":{"line":272,"column":2},"end":{"line":272,"column":45}}]},"18":{"loc":{"start":{"line":275,"column":2},"end":{"line":277,"column":3}},"type":"if","locations":[{"start":{"line":275,"column":2},"end":{"line":277,"column":3}}]},"19":{"loc":{"start":{"line":275,"column":6},"end":{"line":275,"column":45}},"type":"binary-expr","locations":[{"start":{"line":275,"column":6},"end":{"line":275,"column":30}},{"start":{"line":275,"column":34},"end":{"line":275,"column":45}}]},"20":{"loc":{"start":{"line":321,"column":2},"end":{"line":323,"column":3}},"type":"if","locations":[{"start":{"line":321,"column":2},"end":{"line":323,"column":3}}]}},"s":{"0":2,"1":2,"2":2,"3":2,"4":2,"5":2,"6":2,"7":2,"8":2,"9":2,"10":2,"11":2,"12":2,"13":2,"14":2,"15":2,"16":2,"17":0,"18":2,"19":2,"20":2,"21":2,"22":2,"23":2,"24":0,"25":2,"26":2,"27":2,"28":2,"29":2,"30":2,"31":2,"32":2,"33":2,"34":2,"35":2,"36":2,"37":2,"38":2,"39":2,"40":1,"41":1,"42":1,"43":1,"44":2,"45":0,"46":0,"47":0,"48":0,"49":0,"50":0,"51":0,"52":0,"53":0,"54":0,"55":0,"56":0,"57":0,"58":0,"59":0,"60":0,"61":0,"62":2,"63":0,"64":2,"65":0,"66":0,"67":2,"68":2,"69":2,"70":2,"71":2,"72":2,"73":2,"74":2,"75":2,"76":2,"77":2,"78":1,"79":1,"80":1,"81":1,"82":1,"83":1,"84":1,"85":1,"86":1,"87":2,"88":2,"89":1,"90":2,"91":42,"92":0,"93":0,"94":2,"95":2,"96":1,"97":1,"98":1,"99":0,"100":1,"101":2,"102":2,"103":1,"104":2,"105":1,"106":1,"107":0,"108":0,"109":1,"110":1,"111":5,"112":4,"113":1},"f":{"0":2,"1":2,"2":0,"3":2,"4":0,"5":2,"6":2,"7":2,"8":0,"9":0,"10":2,"11":0,"12":2,"13":1,"14":42,"15":0,"16":0,"17":2,"18":2,"19":2,"20":1,"21":1,"22":0,"23":1,"24":5},"b":{"0":[2],"1":[2],"2":[1,1],"3":[1],"4":[1,0],"5":[0],"6":[0],"7":[0],"8":[0,2],"9":[2,2],"10":[2,0],"11":[1,0],"12":[1,0],"13":[0,1],"14":[1,0],"15":[1,1],"16":[0,0],"17":[1],"18":[0],"19":[1,1],"20":[4]}}
,"C:\\WorkSpace\\6_Source\\2_VScode\\99_gitProject\\claudeCodeLeak\\PhaseGate\\src\\core\\phase-executor.ts": {"path":"C:\\WorkSpace\\6_Source\\2_VScode\\99_gitProject\\claudeCodeLeak\\PhaseGate\\src\\core\\phase-executor.ts","statementMap":{"0":{"start":{"line":1,"column":0},"end":{"line":1,"column":26}},"1":{"start":{"line":2,"column":0},"end":{"line":2,"column":22}},"2":{"start":{"line":3,"column":0},"end":{"line":3,"column":29}},"3":{"start":{"line":4,"column":0},"end":{"line":4,"column":32}},"4":{"start":{"line":5,"column":0},"end":{"line":5,"column":59}},"5":{"start":{"line":6,"column":0},"end":{"line":6,"column":57}},"6":{"start":{"line":7,"column":0},"end":{"line":7,"column":44}},"7":{"start":{"line":8,"column":0},"end":{"line":8,"column":68}},"8":{"start":{"line":12,"column":20},"end":{"line":12,"column":63}},"9":{"start":{"line":14,"column":74},"end":{"line":19,"column":2}},"10":{"start":{"line":21,"column":90},"end":{"line":26,"column":2}},"11":{"start":{"line":42,"column":17},"end":{"line":42,"column":34}},"12":{"start":{"line":43,"column":4},"end":{"line":45,"column":5}},"13":{"start":{"line":44,"column":6},"end":{"line":44,"column":66}},"14":{"start":{"line":47,"column":23},"end":{"line":47,"column":73}},"15":{"start":{"line":48,"column":23},"end":{"line":48,"column":57}},"16":{"start":{"line":50,"column":4},"end":{"line":54,"column":5}},"17":{"start":{"line":51,"column":6},"end":{"line":51,"column":55}},"18":{"start":{"line":53,"column":6},"end":{"line":53,"column":62}},"19":{"start":{"line":56,"column":25},"end":{"line":56,"column":70}},"20":{"start":{"line":57,"column":19},"end":{"line":57,"column":42}},"21":{"start":{"line":59,"column":4},"end":{"line":59,"column":63}},"22":{"start":{"line":63,"column":4},"end":{"line":66,"column":5}},"23":{"start":{"line":64,"column":22},"end":{"line":64,"column":47}},"24":{"start":{"line":65,"column":6},"end":{"line":65,"column":47}},"25":{"start":{"line":68,"column":4},"end":{"line":68,"column":42}},"26":{"start":{"line":69,"column":4},"end":{"line":69,"column":21}},"27":{"start":{"line":73,"column":20},"end":{"line":73,"column":43}},"28":{"start":{"line":74,"column":19},"end":{"line":74,"column":37}},"29":{"start":{"line":76,"column":4},"end":{"line":84,"column":5}},"30":{"start":{"line":77,"column":6},"end":{"line":77,"column":66}},"31":{"start":{"line":78,"column":6},"end":{"line":82,"column":7}},"32":{"start":{"line":79,"column":8},"end":{"line":81,"column":10}},"33":{"start":{"line":83,"column":6},"end":{"line":83,"column":22}},"34":{"start":{"line":86,"column":4},"end":{"line":89,"column":6}},"35":{"start":{"line":91,"column":25},"end":{"line":91,"column":43}},"36":{"start":{"line":92,"column":4},"end":{"line":102,"column":5}},"37":{"start":{"line":93,"column":22},"end":{"line":93,"column":49}},"38":{"start":{"line":94,"column":6},"end":{"line":94,"column":45}},"39":{"start":{"line":95,"column":6},"end":{"line":95,"column":21}},"40":{"start":{"line":97,"column":6},"end":{"line":100,"column":8}},"41":{"start":{"line":101,"column":6},"end":{"line":101,"column":22}},"42":{"start":{"line":106,"column":17},"end":{"line":106,"column":34}},"43":{"start":{"line":107,"column":4},"end":{"line":110,"column":5}},"44":{"start":{"line":108,"column":6},"end":{"line":108,"column":82}},"45":{"start":{"line":109,"column":6},"end":{"line":109,"column":22}},"46":{"start":{"line":112,"column":4},"end":{"line":112,"column":80}},"47":{"start":{"line":114,"column":23},"end":{"line":114,"column":97}},"48":{"start":{"line":117,"column":4},"end":{"line":122,"column":5}},"49":{"start":{"line":118,"column":6},"end":{"line":118,"column":55}},"50":{"start":{"line":120,"column":6},"end":{"line":120,"column":83}},"51":{"start":{"line":121,"column":6},"end":{"line":121,"column":22}},"52":{"start":{"line":124,"column":25},"end":{"line":124,"column":70}},"53":{"start":{"line":125,"column":20},"end":{"line":125,"column":67}},"54":{"start":{"line":127,"column":4},"end":{"line":140,"column":5}},"55":{"start":{"line":128,"column":21},"end":{"line":128,"column":44}},"56":{"start":{"line":129,"column":21},"end":{"line":129,"column":59}},"57":{"start":{"line":130,"column":6},"end":{"line":130,"column":65}},"58":{"start":{"line":131,"column":6},"end":{"line":131,"column":22}},"59":{"start":{"line":132,"column":6},"end":{"line":132,"column":26}},"60":{"start":{"line":134,"column":6},"end":{"line":134,"column":60}},"61":{"start":{"line":135,"column":6},"end":{"line":138,"column":8}},"62":{"start":{"line":139,"column":6},"end":{"line":139,"column":22}},"63":{"start":{"line":144,"column":19},"end":{"line":144,"column":33}},"64":{"start":{"line":145,"column":26},"end":{"l
[...]
,"C:\\WorkSpace\\6_Source\\2_VScode\\99_gitProject\\claudeCodeLeak\\PhaseGate\\src\\core\\progress-manager.ts": {"path":"C:\\WorkSpace\\6_Source\\2_VScode\\99_gitProject\\claudeCodeLeak\\PhaseGate\\src\\core\\progress-manager.ts","statementMap":{"0":{"start":{"line":1,"column":0},"end":{"line":1,"column":29}},"1":{"start":{"line":2,"column":0},"end":{"line":2,"column":32}},"2":{"start":{"line":5,"column":22},"end":{"line":5,"column":62}},"3":{"start":{"line":6,"column":20},"end":{"line":6,"column":58}},"4":{"start":{"line":8,"column":29},"end":{"line":8,"column":96}},"5":{"start":{"line":9,"column":30},"end":{"line":9,"column":96}},"6":{"start":{"line":11,"column":2},"end":{"line":11,"column":83}},"7":{"start":{"line":34,"column":35},"end":{"line":116,"column":2}},"8":{"start":{"line":60,"column":36},"end":{"line":60,"column":63}},"9":{"start":{"line":87,"column":36},"end":{"line":87,"column":63}},"10":{"start":{"line":114,"column":36},"end":{"line":114,"column":63}},"11":{"start":{"line":119,"column":2},"end":{"line":119,"column":44}},"12":{"start":{"line":134,"column":21},"end":{"line":134,"column":50}},"13":{"start":{"line":135,"column":4},"end":{"line":139,"column":5}},"14":{"start":{"line":136,"column":6},"end":{"line":138,"column":8}},"15":{"start":{"line":140,"column":4},"end":{"line":140,"column":57}},"16":{"start":{"line":144,"column":4},"end":{"line":144,"column":78}},"17":{"start":{"line":145,"column":4},"end":{"line":145,"column":38}},"18":{"start":{"line":149,"column":21},"end":{"line":149,"column":35}},"19":{"start":{"line":150,"column":4},"end":{"line":150,"column":34}},"20":{"start":{"line":151,"column":4},"end":{"line":151,"column":30}},"21":{"start":{"line":155,"column":21},"end":{"line":155,"column":35}},"22":{"start":{"line":156,"column":16},"end":{"line":156,"column":67}},"23":{"start":{"line":156,"column":45},"end":{"line":156,"column":66}},"24":{"start":{"line":157,"column":4},"end":{"line":159,"column":5}},"25":{"start":{"line":158,"column":6},"end":{"line":158,"column":75}},"26":{"start":{"line":160,"column":4},"end":{"line":160,"column":24}},"27":{"start":{"line":161,"column":4},"end":{"line":161,"column":30}},"28":{"start":{"line":165,"column":21},"end":{"line":165,"column":35}},"29":{"start":{"line":166,"column":16},"end":{"line":166,"column":67}},"30":{"start":{"line":166,"column":45},"end":{"line":166,"column":66}},"31":{"start":{"line":167,"column":4},"end":{"line":169,"column":5}},"32":{"start":{"line":168,"column":6},"end":{"line":168,"column":75}},"33":{"start":{"line":170,"column":4},"end":{"line":170,"column":26}},"34":{"start":{"line":171,"column":25},"end":{"line":171,"column":51}},"35":{"start":{"line":172,"column":4},"end":{"line":174,"column":5}},"36":{"start":{"line":173,"column":6},"end":{"line":173,"column":43}},"37":{"start":{"line":175,"column":4},"end":{"line":175,"column":30}},"38":{"start":{"line":179,"column":21},"end":{"line":179,"column":35}},"39":{"start":{"line":180,"column":16},"end":{"line":180,"column":67}},"40":{"start":{"line":180,"column":45},"end":{"line":180,"column":66}},"41":{"start":{"line":181,"column":4},"end":{"line":183,"column":5}},"42":{"start":{"line":182,"column":6},"end":{"line":182,"column":75}},"43":{"start":{"line":184,"column":4},"end":{"line":184,"column":27}},"44":{"start":{"line":185,"column":4},"end":{"line":185,"column":30}},"45":{"start":{"line":186,"column":4},"end":{"line":186,"column":30}},"46":{"start":{"line":190,"column":19},"end":{"line":190,"column":46}},"47":{"start":{"line":191,"column":4},"end":{"line":193,"column":5}},"48":{"start":{"line":192,"column":6},"end":{"line":192,"column":57}},"49":{"start":{"line":194,"column":21},"end":{"line":194,"column":54}},"50":{"start":{"line":195,"column":21},"end":{"line":195,"column":35}},"51":{"start":{"line":196,"column":14},"end":{"line":196,"column":38}},"52":{"start":{"line":197,"column":18},"end":{"line":197,"column":69}},"53":{"start":{"line":198,"column":4},"end":{"line":198,"column":57}},"54":{"start":{"line":202,"column":19},"end":{"line":202,"column":46}},"55":{"start":{"line":203,"column":21},"end":{"line":205,"column":10}},"56":{"start":{"line":207,"column":23},"end":{"line":207,"column":62}},"57":{"start":{"line":209,"column":6},"end":{"line":211,"column":65}},"58":{"start":{"line":213,"column":23},"end":{"line":213,"column":57}},"59":{"start":{"line":214,"column":23},"end":{"line":214,"column":79}},"60":{"start":{"line":216,"column":4},"end":{"line":216,"column":51}},"61":{"start":{"line":220,"column":14},"end":{"line":220,"column":38}},"62":{"start":{"line":221,"column":28},"end":{"line":221,"column":30}},"63":{"start":{"line":222,"column":22},"end":{"line":222,"column":57}},"64":{"start":{"line":223,"column":18},"end":{"line":223,"column":56}},"65":{"start":{"line":225,"column":4},"end":{"line":225,"column":55}},"66":{"start":{"line":226,"column":4},"end":{"line":226,"column":19}},"67":{"start":{"line":227,"column":4},"end":{"line":227,"column":32}},"68":{"start":{"line":228,"column":4},"end":{"line":228,"column":19}},"69":{"start":{"line":229,"column":4},"end":{"line":229,"column":45}},"70":{"start":{"line":230,"column":4},"end":{"line":230,"column":19}},"71":{"start":{"line":231,"column":4},"end":{"line":231,"column":22}},"72":{"start":{"line":232,"column":4},"end":{"line":232,"column":19}},"73":{"start":{"line":234,"column":4},"end":{"line":234,"column":31}},"74":{"start":{"line":235,"column":4},"end":{"line":235,"column":19}},"75":{"start":{"line":236,"column":4},"end":{"line":236,"column":63}},"76":{"start":{"line":237,"column":4},"end":{"line":237,"column":19}},"77":{"start":{"line":238,"column":4},"end":{"line":238,"column":22}},"78":{"start":{"line":239,"column":4},"end":{"line":239,"column":19}},"79":{"start":{"line":241,"column":4},"end":{"line":241,"column":31}},"80":{"start":{"line":242,"column":4},"end":{"line":242,"column":19}},"81":{"start":{"line":243,"column":4},"end":{"line":250,"column":5}},"82":{"start":{"line":244,"column":6},"end":{"line":244,"column":31}},"83":{"start":{"line":246,"column":6},"end":{"line":249,"column":7}},"84":{"start":{"line":247,"column":21},"end":{"line":247,"column":54}},"85":{"start":{"line":248,"column":8},"end":{"line":248,"column":46}},"86":{"start":{"line":251,"column":4},"end":{"line":251,"column":19}},"87":{"start":{"line":252,"column":4},"end":{"line":252,"column":22}},"88":{"start":{"line":253,"column":4},"end":{"line":253,"column":19}},"89":{"start":{"line":255,"column":4},"end":{"line":255,"column":25}},"90":{"start":{"line":256,"column":4},"end":{"line":256,"column":19}},"91":{"start":{"line":257,"column":4},"end":{"line":268,"column":5}},"92":{"start":{"line":258,"column":6},"end":{"line":258,"column":38}},"93":{"start":{"line":259,"column":6},"end":{"line":259,"column":21}},"94":{"start":{"line":261,"column":6},"end":{"line":261,"column":28}},"95":{"start":{"line":262,"column":6},"end":{"line":262,"column":21}},"96":{"start":{"line":263,"column":6},"end":{"line":266,"column":7}},"97":{"start":{"line":264,"column":21},"end":{"line":264,"column":54}},"98":{"start":{"line":265,"column":8},"end":{"line":265,"column":46}},"99":{"start":{"line":267,"column":6},"end":{"line":267,"column":21}},"100":{"start":{"line":269,"column":4},"end":{"line":280,"column":5}},"101":{"start":{"line":270,"column":6},"end":{"line":270,"column":30}},"102":{"start":{"line":271,"column":6},"end":{"line":271,"column":21}},"103":{"start":{"line":272,"column":6},"end":{"line":272,"column":65}},"104":{"start":{"line":273,"column":6},"end":{"line":273,"column":38}},"105":{"start":{"line":274,"column":6},"end":{"line":278,"column":7}},"106":{"start":{"line":275,"column":8},"end":{"line":277,"column":10}},"107":{"start":{"line":279,"column":6},"end":{"line":279,"column":21}},"108":{"start":{"line":281,"column":23},"end":{"line":281,"column":63}},"109":{"start":{"line":282,"column":4},"end":{"line":282,"column":60}},"110":{"start":{"line":283,"column":4},"end":{"line":283,"column":19}},"111":{"start":{"line":284,"column":4},"end":{"line":284,"column":22}},"112":{"start":{"line":285,"column":4},"end":{"line":285,"column":19}},"113":{"start":{"line":287,"column":4},"end":{"line":287,"column":36}},"114":{"start":{"line":288,"column":4},"end":{"line":288,"column":19}},"115":{"start":{"line":289,"column":4},"end":{"line":303,"column":5}},"116":{"start":{"line":290,"column":6},"end":{"line":290,"column":38}},"117":{"start":{"line":292,"column":6},"end":{"line":302,"column":7}},"118":{"start":{"line":293,"column":21},"end":{"line":293,"column":54}},"119":{"start":{"line":295,"column":10},"end":{"line":297,"column":16}},"120":{"start":{"line":298,"column":28},"end":{"line":300,"column":14}},"121":{"start":{"line":301,"column":8},"end":{"line":301,"column":73}},"122":{"start":{"line":304,"column":4},"end":{"line":304,"column":19}},"123":{"start":{"line":305,"column":4},"end":{"line":305,"column":22}},"124":{"start":{"line":306,"column":4},"end":{"line":306,"column":19}},"125":{"start":{"line":308,"column":4},"end":{"line":308,"column":29}},"126":{"start":{"line":309,"column":4},"end":{"line":309,"column":19}},"127":{"start":{"line":310,"column":27},"end":{"line":310,"column":64}},"128":{"start":{"line":311,"column":4},"end":{"line":311,"column":62}},"129":{"start":{"line":312,"column":4},"end":{"line":312,"column":19}},"130":{"start":{"line":313,"column":4},"end":{"line":313,"column":22}},"131":{"start":{"line":314,"column":4},"end":{"line":314,"column":19}},"132":{"start":{"line":316,"column":4},"end":{"line":316,"column":27}},"133":{"start":{"line":317,"column":4},"end":{"line":317,"column":19}},"134":{"start":{"line":318,"column":4},"end":{"line":324,"column":5}},"135":{"start":{"line":319,"column":6},"end":{"line":319,"column":25}},"136":{"start":{"line":321,"column":6},"end":{"line":323,"column":7}},"137":{"start":{"line":322,"column":8},"end":{"line":322,"column":29}},"138":{"start":{"line":325,"column":4},"end":{"line":325,"column":19}},"139":{"start":{"line":327,"column":4},"end":{"line":327,"column":28}},"140":{"start":{"line":132,"column":0},"end":{"line":132,"column":13}}},"fnMap":{"0":{"name":"(anonymous_9)","decl":{"start":{"line":60,"column":25},"end":{"line":60,"column":26}},"loc":{"start":{"line":60,"column":36},"end":{"line":60,"column":63}}},"1":{"name":"(anonymous_10)","decl":{"start":{"line":87,"column":25},"end":{"line":87,"column":26}},"loc":{"start":{"line":87,"column":36},"end":{"line":87,"column":63}}},"2":{"name":"(anonymous_11)","decl":{"start":{"line":114,"column":25},"end":{"line":114,"column":26}},"loc":{"start":{"line":114,"column":36},"end":{"line":114,"column":63}}},"3":{"name":"getL10n","decl":{"start":{"line":118,"column":9},"end":{"line":118,"column":16}},"loc":{"start":{"line":118,"column":32},"end":{"line":120,"column":1}}},"4":{"name":"(anonymous_13)","decl":{"start":{"line":133,"column":2},"end":{"line":133,"column":6}},"loc":{"start":{"line":133,"column":18},"end":{"line":141,"column":3}}},"5":{"name":"(anonymous_14)","decl":{"start":{"line":143,"column":2},"end":{"line":143,"column":7}},"loc":{"start":{"line":143,"column":46},"end":{"line":146,"column":3}}},"6":{"name":"(anonymous_15)","decl":{"start":{"line":148,"column":2},"end":{"line":148,"column":13}},"loc":{"start":{"line":148,"column":41},"end":{"line":152,"column":3}}},"7":{"name":"(anonymous_16)","decl":{"start":{"line":154,"column":2},"end":{"line":154,"column":16}},"loc":{"start":{"line":154,"column":48},"end":{"line":162,"column":3}}},"8":{"name":"(anonymous_17)","decl":{"start":{"line":156,"column":38},"end":{"line":156,"column":39}},"loc":{"start":{"line":156,"column":45},"end":{"line":156,"column":66}}},"9":{"name":"(anonymous_18)","decl":{"start":{"line":164,"column":2},"end":{"line":164,"column":18}},"loc":{"start":{"line":164,"column":65},"end":{"line":176,"column":3}}},"10":{"name":"(anonymous_19)","decl":{"start":{"line":166,"column":38},"end":{"line":166,"column":39}},"loc":{"start":{"line":166,"column":45},"end":{"line":166,"column":66}}},"11":{"name":"(anonymous_20)","decl":{"start":{"line":178,"column":2},"end":{"line":178,"column":19}},"loc":{"start":{"line":178,"column":70},"end":{"line":187,"column":3}}},"12":{"name":"(anonymous_21)","decl":{"start":{"line":180,"column":38},"end":{"line":180,"column":39}},"loc":{"start":{"line":180,"column":45},"end":{"line":180,"column":66}}},"13":{"name":"(anonymous_22)","decl":{"start":{"line":189,"column":2},"end":{"line":189,"column":20}},"loc":{"start":{"line":189,"column":65},"end":{"line":199,"column":3}}},"14":{"name":"(anonymous_23)","decl":{"start":{"line":201,"column":10},"end":{"line":201,"column":23}},"loc":{"start":{"line":201,"column":62},"end":{"line":217,"column":3}}},"15":{"name":"(anonymous_24)","decl":{"start":{"line":219,"column":10},"end":{"line":219,"column":29}},"loc":{"start":{"line":219,"column":55},"end":{"line":328,"column":3}}}},"branchMap":{"0":{"loc":{"start":{"line":119,"column":9},"end":{"line":119,"column":43}},"type":"binary-expr","locations":[{"start":{"line":119,"column":9},"end":{"line":119,"column":29}},{"start":{"line":119,"column":33},"end":{"line":119,"column":43}}]},"1":{"loc":{"start":{"line":119,"column":14},"end":{"line":119,"column":28}},"type":"binary-expr","locations":[{"start":{"line":119,"column":14},"end":{"line":119,"column":20}},{"start":{"line":119,"column":24},"end":{"line":119,"column":28}}]},"2":{"loc":{"start":{"line":135,"column":4},"end":{"line":139,"column":5}},"type":"if","locations":[{"start":{"line":135,"column":4},"end":{"line":139,"column":5}}]},"3":{"loc":{"start":{"line":157,"column":4},"end":{"line":159,"column":5}},"type":"if","locations":[{"start":{"line":157,"column":4},"end":{"line":159,"column":5}}]},"4":{"loc":{"start":{"line":167,"column":4},"end":{"line":169,"column":5}},"type":"if","locations":[{"start":{"line":167,"column":4},"end":{"line":169,"column":5}}]},"5":{"loc":{"start":{"line":172,"column":4},"end":{"line":174,"column":5}},"type":"if","locations":[{"start":{"line":172,"column":4},"end":{"line":174,"column":5}}]},"6":{"loc":{"start":{"line":181,"column":4},"end":{"line":183,"column":5}},"type":"if","locations":[{"start":{"line":181,"column":4},"end":{"line":183,"column":5}}]},"7":{"loc":{"start":{"line":191,"column":4},"end":{"line":193,"column":5}},"type":"if","locations":[{"start":{"line":191,"column":4},"end":{"line":193,"column":5}}]},"8":{"loc":{"start":{"line":203,"column":21},"end":{"line":205,"column":10}},"type":"cond-expr","locations":[{"start":{"line":204,"column":8},"end":{"line":204,"column":41}},{"start":{"line":205,"column":8},"end":{"line":205,"column":10}}]},"9":{"loc":{"start":{"line":209,"column":6},"end":{"line":211,"column":65}},"type":"cond-expr","locations":[{"start":{"line":210,"column":10},"end":{"line":210,"column":43}},{"start":{"line":211,"column":10},"end":{"line":211,"column":65}}]},"10":{"loc":{"start":{"line":243,"column":4},"end":{"line":250,"column":5}},"type":"if","locations":[{"start":{"line":243,"column":4},"end":{"line":250,"column":5}},{"start":{"line":245,"column":11},"end":{"line":250,"column":5}}]},"11":{"loc":{"start":{"line":247,"column":21},"end":{"line":247,"column":54}},"type":"cond-expr","locations":[{"start":{"line":247,"column":45},"end":{"line":247,"column":48}},{"start":{"line":247,"column":51},"end":{"line":247,"column":54}}]},"12":{"loc":{"start":{"line":257,"column":4},"end":{"line":268,"column":5}},"type":"if","locations":[{"start":{"line":257,"column":4},"end":{"line":268,"column":5}},{"start":{"line":260,"column":11},"end":{"line":268,"column":5}}]},"13":{"loc":{"start":{"line":264,"column":21},"end":{"line":264,"column":54}},"type":"cond-expr","locations":[{"start":{"line":264,"column":45},"end":{"line":264,"column":48}},{"start":{"line":264,"column":51},"end":{"line":264,"column":54}}]},"14":{"loc":{"start":{"line":269,"column":4},"end":{"line":280,"column":5}},"type":"if","locations":[{"start":{"line":269,"column":4},"end":{"line":280,"column":5}}]},"15":{"loc":{"start":{"line":281,"column":23},"end":{"line":281,"column":63}},"type":"cond-expr","locations":[{"start":{"line":281,"column":54},"end":{"line":281,"column":57}},{"start":{"line":281,"column":60},"end":{"line":281,"column":63}}]},"16":{"loc":{"start":{"line":289,"column":4},"end":{"line":303,"column":5}},"type":"if","locations":[{"start":{"line":289,"column":4},"end":{"line":303,"column":5}},{"start":{"line":291,"column":11},"end":{"line":303,"column":5}}]},"17":{"loc":{"start":{"line":293,"column":21},"end":{"line":293,"column":54}},"type":"cond-expr","locations":[{"start":{"line":293,"column":45},"end":{"line":293,"column":48}},{"start":{"line":293,"column":51},"end":{"line":293,"column":54}}]},"18":{"loc":{"start":{"line":295,"column":10},"end":{"line":297,"column":16}},"type":"cond-expr","locations":[{"start":{"line":296,"column":14},"end":{"line":296,"column":32}},{"start":{"line":297,"column":14},"end":{"line":297,"column":16}}]},"19":{"loc":{"start":{"line":295,"column":10},"end":{"line":295,"column":59}},"type":"binary-expr","locations":[{"start":{"line":295,"column":10},"end":{"line":295,"column":34}},{"start":{"line":295,"column":38},"end":{"line":295,"column":59}}]},"20":{"loc":{"start":{"line":298,"column":28},"end":{"line":300,"column":14}},"type":"cond-expr","locations":[{"start":{"line":299,"column":12},"end":{"line":299,"column":44}},{"start":{"line":300,"column":12},"end":{"line":300,"column":14}}]},"21":{"loc":{"start":{"line":310,"column":27},"end":{"line":310,"column":64}},"type":"cond-expr","locations":[{"start":{"line":310,"column":55},"end":{"line":310,"column":58}},{"start":{"line":310,"column":61},"end":{"line":310,"column":64}}]},"22":{"loc":{"start":{"line":318,"column":4},"end":{"line":324,"column":5}},"type":"if","locations":[{"start":{"line":318,"column":4},"end":{"line":324,"column":5}},{"start":{"line":320,"column":11},"end":{"line":324,"column":5}}]}},"s":{"0":2,"1":2,"2":2,"3":2,"4":2,"5":2,"6":2,"7":2,"8":0,"9":0,"10":0,"11":4,"12":4,"13":4,"14":0,"15":4,"16":4,"17":4,"18":0,"19":0,"20":0,"21":1,"22":1,"23":1,"24":1,"25":0,"26":1,"27":1,"28":1,"29":1,"30":1,"31":1,"32":0,"33":1,"34":1,"35":1,"36":1,"37":1,"38":0,"39":0,"40":0,"41":0,"42":0,"43":0,"44":0,"45":0,"46":0,"47":0,"48":0,"49":0,"50":0,"51":0,"52":0,"53":0,"54":4,"55":4,"56":4,"57":4,"58":4,"59":4,"60":4,"61":4,"62":4,"63":4,"64":4,"65":4,"66":4,"67":4,"68":4,"69":4,"70":4,"71":4,"72":4,"73":4,"74":4,"75":4,"76":4,"77":4,"78":4,"79":4,"80":4,"81":4,"82":4,"83":0,"84":0,"85":0,"86":4,"87":4,"88":4,"89":4,"90":4,"91":4,"92":4,"93":4,"94":0,"95":0,"96":0,"97":0,"98":0,"99":0,"100":4,"101":0,"102":0,"103":0,"104":0,"105":0,"106":0,"107":0,"108":4,"109":4,"110":4,"111":4,"112":4,"113":4,"114":4,"115":4,"116":0,"117":4,"118":4,"119":4,"120":4,"121":4,"122":4,"123":4,"124":4,"125":4,"126":4,"127":4,"128":4,"129":4,"130":4,"131":4,"132":4,"133":4,"134":4,"135":3,"136":1,"137":1,"138":4,"139":4,"140":2},"f":{"0":0,"1":0,"2":0,"3":4,"4":4,"5":4,"6":0,"7":1,"8":1,"9":1,"10":1,"11":0,"12":0,"13":0,"14":4,"15":4},"b":{"0":[4,0],"1":[4,0],"2":[0],"3":[0],"4":[0],"5":[1],"6":[0],"7":[0],"8":[2,2],"9":[2,2],"10":[4,0],"11":[0,0],"12":[4,0],"13":[0,0],"14":[0],"15":[4,0],"16":[0,4],"17":[1,3],"18":[1,3],"19":[4,2],"20":[0,4],"21":[0,4],"22":[3,1]}}
}
