{"F:\\3_WorkSpace\\1_GitHub\\MyRepositories\\PhaseGate\\src\\core\\ai-runner.ts": {"path":"F:\\3_WorkSpace\\1_GitHub\\MyRepositories\\PhaseGate\\src\\core\\ai-runner.ts","statementMap":{"0":{"start":{"line":118,"column":0},"end":{"line":118,"column":7}},"1":{"start":{"line":424,"column":0},"end":{"line":424,"column":16}},"2":{"start":{"line":440,"column":0},"end":{"line":440,"column":16}},"3":{"start":{"line":1,"column":0},"end":{"line":1,"column":38}},"4":{"start":{"line":2,"column":0},"end":{"line":2,"column":29}},"5":{"start":{"line":3,"column":0},"end":{"line":3,"column":32}},"6":{"start":{"line":46,"column":67},"end":{"line":69,"column":2}},"7":{"start":{"line":50,"column":24},"end":{"line":50,"column":35}},"8":{"start":{"line":53,"column":29},"end":{"line":53,"column":31}},"9":{"start":{"line":55,"column":6},"end":{"line":55,"column":87}},"10":{"start":{"line":55,"column":28},"end":{"line":55,"column":87}},"11":{"start":{"line":56,"column":6},"end":{"line":56,"column":74}},"12":{"start":{"line":56,"column":24},"end":{"line":56,"column":74}},"13":{"start":{"line":58,"column":6},"end":{"line":58,"column":52}},"14":{"start":{"line":58,"column":26},"end":{"line":58,"column":52}},"15":{"start":{"line":59,"column":6},"end":{"line":59,"column":18}},"16":{"start":{"line":65,"column":24},"end":{"line":65,"column":37}},"17":{"start":{"line":67,"column":38},"end":{"line":67,"column":72}},"18":{"start":{"line":71,"column":59},"end":{"line":77,"column":2}},"19":{"start":{"line":80,"column":31},"end":{"line":80,"column":59}},"20":{"start":{"line":83,"column":23},"end":{"line":83,"column":62}},"21":{"start":{"line":84,"column":4},"end":{"line":86,"column":5}},"22":{"start":{"line":85,"column":6},"end":{"line":85,"column":52}},"23":{"start":{"line":87,"column":25},"end":{"line":87,"column":83}},"24":{"start":{"line":88,"column":4},"end":{"line":88,"column":101}},"25":{"start":{"line":92,"column":23},"end":{"line":92,"column":62}},"26":{"start":{"line":93,"column":25},"end":{"line":93,"column":83}},"27":{"start":{"line":94,"column":19},"end":{"line":94,"column":114}},"28":{"start":{"line":95,"column":4},"end":{"line":95,"column":37}},"29":{"start":{"line":99,"column":4},"end":{"line":103,"column":5}},"30":{"start":{"line":100,"column":28},"end":{"line":100,"column":102}},"31":{"start":{"line":101,"column":6},"end":{"line":101,"column":95}},"32":{"start":{"line":102,"column":6},"end":{"line":102,"column":13}},"33":{"start":{"line":105,"column":4},"end":{"line":108,"column":6}},"34":{"start":{"line":79,"column":0},"end":{"line":79,"column":13}},"35":{"start":{"line":114,"column":4},"end":{"line":114,"column":46}},"36":{"start":{"line":112,"column":0},"end":{"line":112,"column":13}},"37":{"start":{"line":122,"column":22},"end":{"line":122,"column":66}},"38":{"start":{"line":123,"column":2},"end":{"line":123,"column":57}},"39":{"start":{"line":127,"column":26},"end":{"line":127,"column":28}},"40":{"start":{"line":128,"column":2},"end":{"line":133,"column":3}},"41":{"start":{"line":129,"column":4},"end":{"line":132,"column":5}},"42":{"start":{"line":130,"column":22},"end":{"line":130,"column":59}},"43":{"start":{"line":131,"column":6},"end":{"line":131,"column":73}},"44":{"start":{"line":135,"column":2},"end":{"line":137,"column":3}},"45":{"start":{"line":136,"column":4},"end":{"line":136,"column":62}},"46":{"start":{"line":139,"column":2},"end":{"line":139,"column":16}},"47":{"start":{"line":143,"column":23},"end":{"line":143,"column":58}},"48":{"start":{"line":144,"column":2},"end":{"line":146,"column":3}},"49":{"start":{"line":145,"column":4},"end":{"line":145,"column":25}},"50":{"start":{"line":148,"column":33},"end":{"line":148,"column":45}},"51":{"start":{"line":149,"column":29},"end":{"line":149,"column":81}},"52":{"start":{"line":150,"column":2},"end":{"line":152,"column":3}},"53":{"start":{"line":151,"column":4},"end":{"line":151,"column":30}},"54":{"start":{"line":154,"column":20},"end":{"line":154,"column":55}},"55":{"start":{"line":155,"column":2},"end":{"line":166,"column":3}},"56":{"start":{"line":156,"column":26},"end":{"line":156,"column":58}},"57":{"start":{"line":157,"column":4},"end":{"line":163,"column":5}},"58":{"start":{"line":158,"column":6},"end":{"line":162,"column":8}},"59":{"start":{"line":165,"column":4},"end":{"line":165,"column":25}},"60":{"start":{"line":168,"column":2},"end":{"line":168,"column":23}},"61":{"start":{"line":174,"column":22},"end":{"line":177,"column":4}},"62":{"start":{"line":179,"column":2},"end":{"line":184,"column":3}},"63":{"start":{"line":180,"column":4},"end":{"line":180,"column":54}},"64":{"start":{"line":180,"column":45},"end":{"line":180,"column":54}},"65":{"start":{"line":182,"column":20},"end":{"line":182,"column":50}},"66":{"start":{"line":183,"column":4},"end":{"line":183,"column":34}},"67":{"start":{"line":186,"column":2},"end":{"line":186,"column":19}},"68":{"start":{"line":194,"column":18},"end":{"line":194,"column":34}},"69":{"start":{"line":195,"column":19},"end":{"line":195,"column":36}},"70":{"start":{"line":196,"column":2},"end":{"line":198,"column":3}},"71":{"start":{"line":197,"column":4},"end":{"line":197,"column":21}},"72":{"start":{"line":200,"column":2},"end":{"line":204,"column":3}},"73":{"start":{"line":201,"column":4},"end":{"line":203,"column":6}},"74":{"start":{"line":206,"column":22},"end":{"line":206,"column":58}},"75":{"start":{"line":207,"column":2},"end":{"line":209,"column":3}},"76":{"start":{"line":208,"column":4},"end":{"line":208,"column":21}},"77":{"start":{"line":211,"column":18},"end":{"line":211,"column":39}},"78":{"start":{"line":212,"column":2},"end":{"line":216,"column":3}},"79":{"start":{"line":213,"column":4},"end":{"line":215,"column":6}},"80":{"start":{"line":218,"column":21},"end":{"line":218,"column":58}},"81":{"start":{"line":219,"column":2},"end":{"line":223,"column":3}},"82":{"start":{"line":220,"column":4},"end":{"line":222,"column":6}},"83":{"start":{"line":225,"column":2},"end":{"line":231,"column":3}},"84":{"start":{"line":226,"column":4},"end":{"line":230,"column":6}},"85":{"start":{"line":233,"column":2},"end":{"line":233,"column":20}},"86":{"start":{"line":237,"column":2},"end":{"line":237,"column":38}},"87":{"start":{"line":245,"column":26},"end":{"line":245,"column":28}},"88":{"start":{"line":247,"column":2},"end":{"line":250,"column":3}},"89":{"start":{"line":248,"column":23},"end":{"line":248,"column":77}},"90":{"start":{"line":249,"column":4},"end":{"line":249,"column":43}},"91":{"start":{"line":249,"column":20},"end":{"line":249,"column":43}},"92":{"start":{"line":252,"column":23},"end":{"line":252,"column":42}},"93":{"start":{"line":253,"column":2},"end":{"line":253,"column":45}},"94":{"start":{"line":253,"column":20},"end":{"line":253,"column":45}},"95":{"start":{"line":255,"column":25},"end":{"line":255,"column":47}},"96":{"start":{"line":256,"column":2},"end":{"line":258,"column":3}},"97":{"start":{"line":257,"column":4},"end":{"line":257,"column":102}},"98":{"start":{"line":260,"column":2},"end":{"line":260,"column":28}},"99":{"start":{"line":264,"column":2},"end":{"line":296,"column":5}},"100":{"start":{"line":265,"column":17},"end":{"line":269,"column":6}},"101":{"start":{"line":271,"column":4},"end":{"line":274,"column":5}},"102":{"start":{"line":272,"column":6},"end":{"line":272,"column":37}},"103":{"start":{"line":273,"column":6},"end":{"line":273,"column":23}},"104":{"start":{"line":276,"column":17},"end":{"line":276,"column":19}},"105":{"start":{"line":277,"column":17},"end":{"line":277,"column":19}},"106":{"start":{"line":279,"column":4},"end":{"line":281,"column":7}},"107":{"start":{"line":280,"column":6},"end":{"line":280,"column":32}},"108":{"start":{"line":282,"column":4},"end":{"line":284,"column":7}},"109":{"start":{"line":283,"column":6},"end":{"line":283,"column":32}},"110":{"start":{"line":286,"column":4},"end":{"line":293,"column":7}},"111":{"start":{"line":287,"column":6},"end":{"line":290,"column":7}},"112":{"start":{"line":288,"column":8},"end":{"line":288,"column":76}},"113":{"start":{"line":289,"column":8},"end":{"line":289,"column":15}},"114":{"start":{"line":292,"column":6},"end":{"line":292,"column":29}},"115":{"start":{"line":295,"column":4},"end":{"line":295,"column":43}},"116":{"start":{"line":295,"column":30},"end":{"line":295,"column":41}},"117":{"start":{"line":300,"column":2},"end":{"line":317,"column":5}},"118":{"start":{"line":301,"column":17},"end":{"line":305,"column":6}},"119":{"start":{"line":307,"column":4},"end":{"line":314,"column":7}},"120":{"start":{"line":308,"column":6},"end":{"line":311,"column":7}},"121":{"start":{"line":309,"column":8},"end":{"line":309,"column":65}},"122":{"start":{"line":310,"column":8},"end":{"line":310,"column":15}},"123":{"start":{"line":313,"column":6},"end":{"line":313,"column":16}},"124":{"start":{"line":316,"column":4},"end":{"line":316,"column":29}},"125":{"start":{"line":321,"column":2},"end":{"line":403,"column":5}},"126":{"start":{"line":322,"column":17},"end":{"line":326,"column":6}},"127":{"start":{"line":328,"column":4},"end":{"line":331,"column":5}},"128":{"start":{"line":329,"column":6},"end":{"line":329,"column":31}},"129":{"start":{"line":330,"column":6},"end":{"line":330,"column":23}},"130":{"start":{"line":333,"column":17},"end":{"line":333,"column":19}},"131":{"start":{"line":334,"column":21},"end":{"line":334,"column":23}},"132":{"start":{"line":335,"column":17},"end":{"line":335,"column":19}},"133":{"start":{"line":337,"column":30},"end":{"line":377,"column":5}},"134":{"start":{"line":338,"column":22},"end":{"line":338,"column":33}},"135":{"start":{"line":339,"column":6},"end":{"line":339,"column":27}},"136":{"start":{"line":339,"column":20},"end":{"line":339,"column":27}},"137":{"start":{"line":342,"column":6},"end":{"line":346,"column":7}},"138":{"start":{"line":343,"column":8},"end":{"line":343,"column":37}},"139":{"start":{"line":345,"column":8},"end":{"line":345,"column":15}},"140":{"start":{"line":348,"column":6},"end":{"line":348,"column":56}},"141":{"start":{"line":348,"column":49},"end":{"line":348,"column":56}},"142":{"start":{"line":349,"column":18},"end":{"line":349,"column":51}},"143":{"start":{"line":351,"column":6},"end":{"line":376,"column":7}},"144":{"start":{"line":352,"column":24},"end":{"line":352,"column":77}},"145":{"start":{"line":353,"column":24},"end":{"line":353,"column":44}},"146":{"start":{"line":354,"column":8},"end":{"line":354,"column":44}},"147":{"start":{"line":354,"column":37},"end":{"line":354,"column":44}},"148":{"start":{"line":356,"column":8},"end":{"line":367,"column":9}},"149":{"start":{"line":357,"column":10},"end":{"line":357,"column":60}},"150":{"start":{"line":357,"column":51},"end":{"line":357,"column":60}},"151":{"start":{"line":358,"column":20},"end":{"line":358,"column":52}},"152":{"start":{"line":359,"column":10},"end":{"line":359,"column":82}},"153":{"start":{"line":359,"column":73},"end":{"line":359,"column":82}},"154":{"start":{"line":361,"column":27},"end":{"line":361,"column":36}},"155":{"start":{"line":362,"column":27},"end":{"line":362,"column":76}},"156":{"start":{"line":363,"column":38},"end":{"line":363,"column":74}},"157":{"start":{"line":364,"column":28},"end":{"line":364,"column":64}},"158":{"start":{"line":365,"column":10},"end":{"line":365,"column":63}},"159":{"start":{"line":365,"column":39},"end":{"line":365,"column":63}},"160":{"start":{"line":366,"column":10},"end":{"line":366,"column":25}},"161":{"start":{"line":368,"column":13},"end":{"line":376,"column":7}},"162":{"start":{"line":369,"column":41},"end":{"line":369,"column":59}},"163":{"start":{"line":370,"column":22},"end":{"line":370,"column":34}},"164":{"start":{"line":371,"column":8},"end":{"line":373,"column":9}},"165":{"start":{"line":372,"column":10},"end":{"line":372,"column":60}},"166":{"start":{"line":374,"column":8},"end":{"line":374,"column":29}},"167":{"start":{"line":375,"column":8},"end":{"line":375,"column":76}},"168":{"start":{"line":379,"column":4},"end":{"line":387,"column":7}},"169":{"start":{"line":380,"column":6},"end":{"line":380,"column":32}},"170":{"start":{"line":381,"column":20},"end":{"line":381,"column":38}},"171":{"start":{"line":382,"column":6},"end":{"line":382,"column":33}},"172":{"start":{"line":384,"column":6},"end":{"line":386,"column":7}},"173":{"start":{"line":385,"column":8},"end":{"line":385,"column":32}},"174":{"start":{"line":389,"column":4},"end":{"line":391,"column":7}},"175":{"start":{"line":390,"column":6},"end":{"line":390,"column":32}},"176":{"start":{"line":393,"column":4},"end":{"line":400,"column":7}},"177":{"start":{"line":394,"column":6},"end":{"line":397,"column":7}},"178":{"start":{"line":395,"column":8},"end":{"line":395,"column":72}},"179":{"start":{"line":396,"column":8},"end":{"line":396,"column":15}},"180":{"start":{"line":398,"column":6},"end":{"line":398,"column":32}},"181":{"start":{"line":399,"column":6},"end":{"line":399,"column":26}},"182":{"start":{"line":402,"column":4},"end":{"line":402,"column":29}},"183":{"start":{"line":407,"column":2},"end":{"line":407,"column":31}},"184":{"start":{"line":407,"column":14},"end":{"line":407,"column":31}},"185":{"start":{"line":408,"column":2},"end":{"line":421,"column":3}},"186":{"start":{"line":411,"column":6},"end":{"line":411,"column":85}},"187":{"start":{"line":413,"column":18},"end":{"line":413,"column":85}},"188":{"start":{"line":414,"column":6},"end":{"line":414,"column":48}},"189":{"start":{"line":418,"column":6},"end":{"line":418,"column":23}},"190":{"start":{"line":420,"column":6},"end":{"line":420,"column":23}},"191":{"start":{"line":425,"column":16},"end":{"line":425,"column":67}},"192":{"start":{"line":426,"column":21},"end":{"line":426,"column":59}},"193":{"start":{"line":427,"column":19},"end":{"line":427,"column":58}},"194":{"start":{"line":428,"column":23},"end":{"line":428,"column":66}},"195":{"start":{"line":429,"column":17},"end":{"line":429,"column":53}},"196":{"start":{"line":431,"column":2},"end":{"line":437,"column":4}},"197":{"start":{"line":441,"column":21},"end":{"line":442,"column":71}},"198":{"start":{"line":442,"column":4},"end":{"line":442,"column":71}},"199":{"start":{"line":442,"column":40},"end":{"line":442,"column":48}},"200":{"start":{"line":444,"column":2},"end":{"line":460,"column":15}},"201":{"start":{"line":464,"column":16},"end":{"line":464,"column":84}},"202":{"start":{"line":465,"column":16},"end":{"line":465,"column":36}},"203":{"start":{"line":466,"column":2},"end":{"line":466,"column":38}},"204":{"start":{"line":470,"column":15},"end":{"line":470,"column":47}},"205":{"start":{"line":471,"column":2},"end":{"line":471,"column":44}},"206":{"start":{"line":471,"column":34},"end":{"line":471,"column":44}},"207":{"start":{"line":473,"column":2},"end":{"line":476,"column":53}},"208":{"start":{"line":475,"column":22},"end":{"line":475,"column":50}},"209":{"start":{"line":476,"column":19},"end":{"line":476,"column":51}}},"fnMap":{"0":{"name":"(anonymous_9)","decl":{"start":{"line":50,"column":18},"end":{"line":50,"column":21}},"loc":{"start":{"line":50,"column":24},"end":{"line":50,"column":35}}},"1":{"name":"(anonymous_10)","decl":{"start":{"line":52,"column":19},"end":{"line":52,"column":20}},"loc":{"start":{"line":52,"column":70},"end":{"line":60,"column":5}}},"2":{"name":"(anonymous_11)","decl":{"start":{"line":65,"column":18},"end":{"line":65,"column":21}},"loc":{"start":{"line":65,"column":24},"end":{"line":65,"column":37}}},"3":{"name":"(anonymous_12)","decl":{"start":{"line":67,"column":19},"end":{"line":67,"column":20}},"loc":{"start":{"line":67,"column":38},"end":{"line":67,"column":72}}},"4":{"name":"(anonymous_13)","decl":{"start":{"line":80,"column":2},"end":{"line":80,"column":31}},"loc":{"start":{"line":80,"column":59},"end":{"line":80,"column":63}}},"5":{"name":"(anonymous_14)","decl":{"start":{"line":82,"column":2},"end":{"line":82,"column":7}},"loc":{"start":{"line":82,"column":80},"end":{"line":89,"column":3}}},"6":{"name":"(anonymous_15)","decl":{"start":{"line":91,"column":2},"end":{"line":91,"column":7}},"loc":{"start":{"line":91,"column":44},"end":{"line":96,"column":3}}},"7":{"name":"(anonymous_16)","decl":{"start":{"line":98,"column":2},"end":{"line":98,"column":7}},"loc":{"start":{"line":98,"column":85},"end":{"line":109,"column":3}}},"8":{"name":"(anonymous_17)","decl":{"start":{"line":113,"column":2},"end":{"line":113,"column":null}},"loc":{"start":{"line":113,"column":2},"end":{"line":115,"column":3}}},"9":{"name":"createRunner","decl":{"start":{"line":118,"column":22},"end":{"line":118,"column":34}},"loc":{"start":{"line":120,"column":32},"end":{"line":124,"column":1}}},"10":{"name":"buildContextPrompt","decl":{"start":{"line":126,"column":15},"end":{"line":126,"column":33}},"loc":{"start":{"line":126,"column":65},"end":{"line":140,"column":1}}},"11":{"name":"resolveAdapterName","decl":{"start":{"line":142,"column":15},"end":{"line":142,"column":33}},"loc":{"start":{"line":142,"column":73},"end":{"line":169,"column":1}}},"12":{"name":"loadRunnerConfig","decl":{"start":{"line":171,"column":15},"end":{"line":171,"column":31}},"loc":{"start":{"line":172,"column":21},"end":{"line":187,"column":1}}},"13":{"name":"resolveAdapterFromRouting","decl":{"start":{"line":189,"column":9},"end":{"line":189,"column":34}},"loc":{"start":{"line":192,"column":20},"end":{"line":234,"column":1}}},"14":{"name":"isAdapterName","decl":{"start":{"line":236,"column":9},"end":{"line":236,"column":22}},"loc":{"start":{"line":236,"column":36},"end":{"line":238,"column":1}}},"15":{"name":"buildCodexChatPrompt","decl":{"start":{"line":240,"column":15},"end":{"line":240,"column":35}},"loc":{"start":{"line":243,"column":25},"end":{"line":261,"column":1}}},"16":{"name":"spawnCli","decl":{"start":{"line":263,"column":9},"end":{"line":263,"column":17}},"loc":{"start":{"line":263,"column":72},"end":{"line":297,"column":1}}},"17":{"name":"(anonymous_26)","decl":{"start":{"line":264,"column":21},"end":{"line":264,"column":22}},"loc":{"start":{"line":264,"column":41},"end":{"line":296,"column":3}}},"18":{"name":"(anonymous_27)","decl":{"start":{"line":279,"column":28},"end":{"line":279,"column":29}},"loc":{"start":{"line":279,"column":45},"end":{"line":281,"column":5}}},"19":{"name":"(anonymous_28)","decl":{"start":{"line":282,"column":28},"end":{"line":282,"column":29}},"loc":{"start":{"line":282,"column":45},"end":{"line":284,"column":5}}},"20":{"name":"(anonymous_29)","decl":{"start":{"line":286,"column":21},"end":{"line":286,"column":22}},"loc":{"start":{"line":286,"column":30},"end":{"line":293,"column":5}}},"21":{"name":"(anonymous_30)","decl":{"start":{"line":295,"column":21},"end":{"line":295,"column":22}},"loc":{"start":{"line":295,"column":30},"end":{"line":295,"column":41}}},"22":{"name":"spawnCliInteractive","decl":{"start":{"line":299,"column":9},"end":{"line":299,"column":28}},"loc":{"start":{"line":299,"column":60},"end":{"line":318,"column":1}}},"23":{"name":"(anonymous_32)","decl":{"start":{"line":300,"column":21},"end":{"line":300,"column":22}},"loc":{"start":{"line":300,"column":41},"end":{"line":317,"column":3}}},"24":{"name":"(anonymous_33)","decl":{"start":{"line":307,"column":21},"end":{"line":307,"column":22}},"loc":{"start":{"line":307,"column":30},"end":{"line":314,"column":5}}},"25":{"name":"spawnCliStreaming","decl":{"start":{"line":320,"column":9},"end":{"line":320,"column":26}},"loc":{"start":{"line":320,"column":77},"end":{"line":404,"column":1}}},"26":{"name":"(anonymous_35)","decl":{"start":{"line":321,"column":21},"end":{"line":321,"column":22}},"loc":{"start":{"line":321,"column":41},"end":{"line":403,"column":3}}},"27":{"name":"(anonymous_36)","decl":{"start":{"line":337,"column":30},"end":{"line":337,"column":31}},"loc":{"start":{"line":337,"column":53},"end":{"line":377,"column":5}}},"28":{"name":"(anonymous_37)","decl":{"start":{"line":379,"column":28},"end":{"line":379,"column":29}},"loc":{"start":{"line":379,"column":45},"end":{"line":387,"column":5}}},"29":{"name":"(anonymous_38)","decl":{"start":{"line":389,"column":28},"end":{"line":389,"column":29}},"loc":{"start":{"line":389,"column":45},"end":{"line":391,"column":5}}},"30":{"name":"(anonymous_39)","decl":{"start":{"line":393,"column":21},"end":{"line":393,"column":22}},"loc":{"start":{"line":393,"column":30},"end":{"line":400,"column":5}}},"31":{"name":"extractToolInput","decl":{"start":{"line":406,"column":9},"end":{"line":406,"column":25}},"loc":{"start":{"line":406,"column":82},"end":{"line":422,"column":1}}},"32":{"name":"parseWorkerReport","decl":{"start":{"line":424,"column":16},"end":{"line":424,"column":33}},"loc":{"start":{"line":424,"column":48},"end":{"line":438,"column":1}}},"33":{"name":"formatWorkerReport","decl":{"start":{"line":440,"column":16},"end":{"line":440,"column":34}},"loc":{"start":{"line":440,"column":55},"end":{"line":461,"column":1}}},"34":{"name":"(anonymous_43)","decl":{"start":{"line":441,"column":21},"end":{"line":441,"column":22}},"loc":{"start":{"line":442,"column":4},"end":{"line":442,"column":71}}},"35":{"name":"(anonymous_44)","decl":{"start":{"line":442,"column":33},"end":{"line":442,"column":34}},"loc":{"start":{"line":442,"column":40},"end":{"line":442,"column":48}}},"36":{"name":"extractSection","decl":{"start":{"line":463,"column":9},"end":{"line":463,"column":23}},"loc":{"start":{"line":463,"column":56},"end":{"line":467,"column":1}}},"37":{"name":"extractListSection","decl":{"start":{"line":469,"column":9},"end":{"line":469,"column":27}},"loc":{"start":{"line":469,"column":60},"end":{"line":477,"column":1}}},"38":{"name":"(anonymous_47)","decl":{"start":{"line":475,"column":12},"end":{"line":475,"column":13}},"loc":{"start":{"line":475,"column":22},"end":{"line":475,"column":50}}},"39":{"name":"(anonymous_48)","decl":{"start":{"line":476,"column":9},"end":{"line":476,"column":10}},"loc":{"start":{"line":476,"column":19},"end":{"line":476,"column":51}}}},"branchMap":{"0":{"loc":{"start":{"line":55,"column":6},"end":{"line":55,"column":87}},"type":"if","locations":[{"start":{"line":55,"column":6},"end":{"line":55,"column":87}}]},"1":{"loc":{"start":{"line":56,"column":6},"end":{"line":56,"column":74}},"type":"if","locations":[{"start":{"line":56,"column":6},"end":{"line":56,"column":74}}]},"2":{"loc":{"start":{"line":58,"column":6},"end":{"line":58,"column":52}},"type":"if","locations":[{"start":{"line":58,"column":6},"end":{"line":58,"column":52}}]},"3":{"loc":{"start":{"line":67,"column":38},"end":{"line":67,"column":72}},"type":"cond-expr","locations":[{"start":{"line":67,"column":53},"end":{"line":67,"column":67}},{"start":{"line":67,"column":70},"end":{"line":67,"column":72}}]},"4":{"loc":{"start":{"line":84,"column":4},"end":{"line":86,"column":5}},"type":"if","locations":[{"start":{"line":84,"column":4},"end":{"line":86,"column":5}}]},"5":{"loc":{"start":{"line":84,"column":8},"end":{"line":84,"column":55}},"type":"binary-expr","locations":[{"start":{"line":84,"column":8},"end":{"line":84,"column":15}},{"start":{"line":84,"column":19},"end":{"line":84,"column":55}}]},"6":{"loc":{"start":{"line":87,"column":25},"end":{"line":87,"column":83}},"type":"cond-expr","locations":[{"start":{"line":87,"column":61},"end":{"line":87,"column":71}},{"start":{"line":87,"column":74},"end":{"line":87,"column":83}}]},"7":{"loc":{"start":{"line":93,"column":25},"end":{"line":93,"column":83}},"type":"cond-expr","locations":[{"start":{"line":93,"column":61},"end":{"line":93,"column":71}},{"start":{"line":93,"column":74},"end":{"line":93,"column":83}}]},"8":{"loc":{"start":{"line":99,"column":4},"end":{"line":103,"column":5}},"type":"if","locations":[{"start":{"line":99,"column":4},"end":{"line":103,"column":5}}]},"9":{"loc":{"start":{"line":101,"column":57},"end":{"line":101,"column":93}},"type":"cond-expr","locations":[{"start":{"line":101,"column":73},"end":{"line":101,"column":88}},{"start":{"line":101,"column":91},"end":{"line":101,"column":93}}]},"10":{"loc":{"start":{"line":119,"column":2},"end":{"line":119,"column":37}},"type":"default-arg","locations":[{"start":{"line":119,"column":24},"end":{"line":119,"column":37}}]},"11":{"loc":{"start":{"line":120,"column":2},"end":{"line":120,"column":32}},"type":"default-arg","locations":[{"start":{"line":120,"column":23},"end":{"line":120,"column":32}}]},"12":{"loc":{"start":{"line":129,"column":4},"end":{"line":132,"column":5}},"type":"if","locations":[{"start":{"line":129,"column":4},"end":{"line":132,"column":5}}]},"13":{"loc":{"start":{"line":135,"column":2},"end":{"line":137,"column":3}},"type":"if","locations":[{"start":{"line":135,"column":2},"end":{"line":137,"column":3}}]},"14":{"loc":{"start":{"line":144,"column":2},"end":{"line":146,"column":3}},"type":"if","locations":[{"start":{"line":144,"column":2},"end":{"line":146,"column":3}}]},"15":{"loc":{"start":{"line":150,"column":2},"end":{"line":152,"column":3}},"type":"if","locations":[{"start":{"line":150,"column":2},"end":{"line":152,"column":3}}]},"16":{"loc":{"start":{"line":155,"column":2},"end":{"line":166,"column":3}},"type":"if","locations":[{"start":{"line":155,"column":2},"end":{"line":166,"column":3}}]},"17":{"loc":{"start":{"line":157,"column":4},"end":{"line":163,"column":5}},"type":"if","locations":[{"start":{"line":157,"column":4},"end":{"line":163,"column":5}}]},"18":{"loc":{"start":{"line":180,"column":4},"end":{"line":180,"column":54}},"type":"if","locations":[{"start":{"line":180,"column":4},"end":{"line":180,"column":54}}]},"19":{"loc":{"start":{"line":196,"column":2},"end":{"line":198,"column":3}},"type":"if","locations":[{"start":{"line":196,"column":2},"end":{"line":198,"column":3}}]},"20":{"loc":{"start":{"line":196,"column":6},"end":{"line":196,"column":27}},"type":"binary-expr","locations":[{"start":{"line":196,"column":6},"end":{"line":196,"column":14}},{"start":{"line":196,"column":18},"end":{"line":196,"column":27}}]},"21":{"loc":{"start":{"line":200,"column":2},"end":{"line":204,"column":3}},"type":"if","locations":[{"start":{"line":200,"column":2},"end":{"line":204,"column":3}}]},"22":{"loc":{"start":{"line":200,"column":6},"end":{"line":200,"column":27}},"type":"binary-expr","locations":[{"start":{"line":200,"column":6},"end":{"line":200,"column":14}},{"start":{"line":200,"column":18},"end":{"line":200,"column":27}}]},"23":{"loc":{"start":{"line":206,"column":22},"end":{"line":206,"column":58}},"type":"binary-expr","locations":[{"start":{"line":206,"column":22},"end":{"line":206,"column":36}},{"start":{"line":206,"column":40},"end":{"line":206,"column":58}}]},"24":{"loc":{"start":{"line":207,"column":2},"end":{"line":209,"column":3}},"type":"if","locations":[{"start":{"line":207,"column":2},"end":{"line":209,"column":3}}]},"25":{"loc":{"start":{"line":212,"column":2},"end":{"line":216,"column":3}},"type":"if","locations":[{"start":{"line":212,"column":2},"end":{"line":216,"column":3}}]},"26":{"loc":{"start":{"line":219,"column":2},"end":{"line":223,"column":3}},"type":"if","locations":[{"start":{"line":219,"column":2},"end":{"line":223,"column":3}}]},"27":{"loc":{"start":{"line":225,"column":2},"end":{"line":231,"column":3}},"type":"if","locations":[{"start":{"line":225,"column":2},"end":{"line":231,"column":3}}]},"28":{"loc":{"start":{"line":247,"column":2},"end":{"line":250,"column":3}},"type":"if","locations":[{"start":{"line":247,"column":2},"end":{"line":250,"column":3}}]},"29":{"loc":{"start":{"line":247,"column":6},"end":{"line":247,"column":66}},"type":"binary-expr","locations":[{"start":{"line":247,"column":6},"end":{"line":247,"column":22}},{"start":{"line":247,"column":27},"end":{"line":247,"column":65}}]},"30":{"loc":{"start":{"line":249,"column":4},"end":{"line":249,"column":43}},"type":"if","locations":[{"start":{"line":249,"column":4},"end":{"line":249,"column":43}}]},"31":{"loc":{"start":{"line":253,"column":2},"end":{"line":253,"column":45}},"type":"if","locations":[{"start":{"line":253,"column":2},"end":{"line":253,"column":45}}]},"32":{"loc":{"start":{"line":256,"column":2},"end":{"line":258,"column":3}},"type":"if","locations":[{"start":{"line":256,"column":2},"end":{"line":258,"column":3}}]},"33":{"loc":{"start":{"line":266,"column":14},"end":{"line":266,"column":60}},"type":"cond-expr","locations":[{"start":{"line":266,"column":43},"end":{"line":266,"column":49}},{"start":{"line":266,"column":52},"end":{"line":266,"column":60}}]},"34":{"loc":{"start":{"line":271,"column":4},"end":{"line":274,"column":5}},"type":"if","locations":[{"start":{"line":271,"column":4},"end":{"line":274,"column":5}}]},"35":{"loc":{"start":{"line":271,"column":8},"end":{"line":271,"column":48}},"type":"binary-expr","locations":[{"start":{"line":271,"column":8},"end":{"line":271,"column":34}},{"start":{"line":271,"column":38},"end":{"line":271,"column":48}}]},"36":{"loc":{"start":{"line":287,"column":6},"end":{"line":290,"column":7}},"type":"if","locations":[{"start":{"line":287,"column":6},"end":{"line":290,"column":7}}]},"37":{"loc":{"start":{"line":308,"column":6},"end":{"line":311,"column":7}},"type":"if","locations":[{"start":{"line":308,"column":6},"end":{"line":311,"column":7}}]},"38":{"loc":{"start":{"line":328,"column":4},"end":{"line":331,"column":5}},"type":"if","locations":[{"start":{"line":328,"column":4},"end":{"line":331,"column":5}}]},"39":{"loc":{"start":{"line":339,"column":6},"end":{"line":339,"column":27}},"type":"if","locations":[{"start":{"line":339,"column":6},"end":{"line":339,"column":27}}]},"40":{"loc":{"start":{"line":348,"column":6},"end":{"line":348,"column":56}},"type":"if","locations":[{"start":{"line":348,"column":6},"end":{"line":348,"column":56}}]},"41":{"loc":{"start":{"line":348,"column":10},"end":{"line":348,"column":47}},"type":"binary-expr","locations":[{"start":{"line":348,"column":10},"end":{"line":348,"column":17}},{"start":{"line":348,"column":21},"end":{"line":348,"column":47}}]},"42":{"loc":{"start":{"line":351,"column":6},"end":{"line":376,"column":7}},"type":"if","locations":[{"start":{"line":351,"column":6},"end":{"line":376,"column":7}},{"start":{"line":368,"column":13},"end":{"line":376,"column":7}}]},"43":{"loc":{"start":{"line":354,"column":8},"end":{"line":354,"column":44}},"type":"if","locations":[{"start":{"line":354,"column":8},"end":{"line":354,"column":44}}]},"44":{"loc":{"start":{"line":357,"column":10},"end":{"line":357,"column":60}},"type":"if","locations":[{"start":{"line":357,"column":10},"end":{"line":357,"column":60}}]},"45":{"loc":{"start":{"line":357,"column":14},"end":{"line":357,"column":49}},"type":"binary-expr","locations":[{"start":{"line":357,"column":14},"end":{"line":357,"column":20}},{"start":{"line":357,"column":24},"end":{"line":357,"column":49}}]},"46":{"loc":{"start":{"line":359,"column":10},"end":{"line":359,"column":82}},"type":"if","locations":[{"start":{"line":359,"column":10},"end":{"line":359,"column":82}}]},"47":{"loc":{"start":{"line":359,"column":14},"end":{"line":359,"column":71}},"type":"binary-expr","locations":[{"start":{"line":359,"column":14},"end":{"line":359,"column":38}},{"start":{"line":359,"column":42},"end":{"line":359,"column":71}}]},"48":{"loc":{"start":{"line":365,"column":10},"end":{"line":365,"column":63}},"type":"if","locations":[{"start":{"line":365,"column":10},"end":{"line":365,"column":63}}]},"49":{"loc":{"start":{"line":368,"column":13},"end":{"line":376,"column":7}},"type":"if","locations":[{"start":{"line":368,"column":13},"end":{"line":376,"column":7}}]},"50":{"loc":{"start":{"line":371,"column":8},"end":{"line":373,"column":9}},"type":"if","locations":[{"start":{"line":371,"column":8},"end":{"line":373,"column":9}}]},"51":{"loc":{"start":{"line":371,"column":12},"end":{"line":371,"column":46}},"type":"binary-expr","locations":[{"start":{"line":371,"column":12},"end":{"line":371,"column":17}},{"start":{"line":371,"column":21},"end":{"line":371,"column":46}}]},"52":{"loc":{"start":{"line":375,"column":21},"end":{"line":375,"column":75}},"type":"cond-expr","locations":[{"start":{"line":375,"column":57},"end":{"line":375,"column":70}},{"start":{"line":375,"column":73},"end":{"line":375,"column":75}}]},"53":{"loc":{"start":{"line":382,"column":15},"end":{"line":382,"column":32}},"type":"binary-expr","locations":[{"start":{"line":382,"column":15},"end":{"line":382,"column":26}},{"start":{"line":382,"column":30},"end":{"line":382,"column":32}}]},"54":{"loc":{"start":{"line":394,"column":6},"end":{"line":397,"column":7}},"type":"if","locations":[{"start":{"line":394,"column":6},"end":{"line":397,"column":7}}]},"55":{"loc":{"start":{"line":407,"column":2},"end":{"line":407,"column":31}},"type":"if","locations":[{"start":{"line":407,"column":2},"end":{"line":407,"column":31}}]},"56":{"loc":{"start":{"line":408,"column":2},"end":{"line":421,"column":3}},"type":"switch","locations":[{"start":{"line":409,"column":4},"end":{"line":409,"column":17}},{"start":{"line":410,"column":4},"end":{"line":411,"column":85}},{"start":{"line":412,"column":4},"end":{"line":415,"column":5}},{"start":{"line":416,"column":4},"end":{"line":416,"column":21}},{"start":{"line":417,"column":4},"end":{"line":418,"column":23}},{"start":{"line":419,"column":4},"end":{"line":420,"column":23}}]},"57":{"loc":{"start":{"line":411,"column":13},"end":{"line":411,"column":84}},"type":"cond-expr","locations":[{"start":{"line":411,"column":54},"end":{"line":411,"column":72}},{"start":{"line":411,"column":75},"end":{"line":411,"column":84}}]},"58":{"loc":{"start":{"line":413,"column":18},"end":{"line":413,"column":85}},"type":"cond-expr","locations":[{"start":{"line":413,"column":57},"end":{"line":413,"column":73}},{"start":{"line":413,"column":76},"end":{"line":413,"column":85}}]},"59":{"loc":{"start":{"line":414,"column":13},"end":{"line":414,"column":47}},"type":"cond-expr","locations":[{"start":{"line":414,"column":19},"end":{"line":414,"column":35}},{"start":{"line":414,"column":38},"end":{"line":414,"column":47}}]},"60":{"loc":{"start":{"line":425,"column":16},"end":{"line":425,"column":67}},"type":"binary-expr","locations":[{"start":{"line":425,"column":16},"end":{"line":425,"column":47}},{"start":{"line":425,"column":51},"end":{"line":425,"column":67}}]},"61":{"loc":{"start":{"line":426,"column":21},"end":{"line":426,"column":59}},"type":"binary-expr","locations":[{"start":{"line":426,"column":21},"end":{"line":426,"column":53}},{"start":{"line":426,"column":57},"end":{"line":426,"column":59}}]},"62":{"loc":{"start":{"line":433,"column":12},"end":{"line":433,"column":73}},"type":"cond-expr","locations":[{"start":{"line":433,"column":56},"end":{"line":433,"column":62}},{"start":{"line":433,"column":65},"end":{"line":433,"column":73}}]},"63":{"loc":{"start":{"line":442,"column":4},"end":{"line":442,"column":71}},"type":"cond-expr","locations":[{"start":{"line":442,"column":23},"end":{"line":442,"column":60}},{"start":{"line":442,"column":63},"end":{"line":442,"column":71}}]},"64":{"loc":{"start":{"line":466,"column":9},"end":{"line":466,"column":37}},"type":"cond-expr","locations":[{"start":{"line":466,"column":17},"end":{"line":466,"column":32}},{"start":{"line":466,"column":35},"end":{"line":466,"column":37}}]},"65":{"loc":{"start":{"line":471,"column":2},"end":{"line":471,"column":44}},"type":"if","locations":[{"start":{"line":471,"column":2},"end":{"line":471,"column":44}}]},"66":{"loc":{"start":{"line":471,"column":6},"end":{"line":471,"column":32}},"type":"binary-expr","locations":[{"start":{"line":471,"column":6},"end":{"line":471,"column":11}},{"start":{"line":471,"column":15},"end":{"line":471,"column":32}}]}},"s":{"0":3,"1":3,"2":3,"3":3,"4":3,"5":3,"6":3,"7":2,"8":0,"9":0,"10":0,"11":0,"12":0,"13":0,"14":0,"15":0,"16":2,"17":0,"18":3,"19":18,"20":17,"21":17,"22":10,"23":7,"24":7,"25":0,"26":0,"27":0,"28":0,"29":1,"30":1,"31":1,"32":1,"33":0,"34":3,"35":0,"36":3,"37":6,"38":4,"39":17,"40":17,"41":0,"42":0,"43":0,"44":17,"45":0,"46":17,"47":6,"48":6,"49":1,"50":5,"51":5,"52":4,"53":2,"54":2,"55":2,"56":2,"57":2,"58":1,"59":1,"60":0,"61":6,"62":6,"63":7,"64":2,"65":5,"66":5,"67":1,"68":5,"69":5,"70":5,"71":2,"72":3,"73":0,"74":3,"75":3,"76":0,"77":3,"78":3,"79":1,"80":2,"81":2,"82":0,"83":2,"84":0,"85":2,"86":2,"87":1,"88":1,"89":1,"90":1,"91":1,"92":1,"93":1,"94":1,"95":1,"96":1,"97":1,"98":1,"99":7,"100":7,"101":7,"102":6,"103":6,"104":7,"105":7,"106":7,"107":7,"108":7,"109":0,"110":7,"111":7,"112":0,"113":0,"114":7,"115":7,"116":0,"117":1,"118":1,"119":1,"120":1,"121":0,"122":0,"123":1,"124":1,"125":10,"126":10,"127":10,"128":10,"129":10,"130":10,"131":10,"132":10,"133":10,"134":23,"135":23,"136":8,"137":15,"138":15,"139":2,"140":13,"141":0,"142":13,"143":13,"144":4,"145":4,"146":4,"147":0,"148":4,"149":6,"150":0,"151":6,"152":6,"153":0,"154":6,"155":6,"156":6,"157":6,"158":6,"159":4,"160":6,"161":9,"162":9,"163":9,"164":9,"165":2,"166":9,"167":9,"168":10,"169":15,"170":15,"171":15,"172":15,"173":14,"174":10,"175":1,"176":10,"177":10,"178":1,"179":1,"180":9,"181":9,"182":10,"183":6,"184":0,"185":6,"186":3,"187":1,"188":1,"189":2,"190":0,"191":0,"192":0,"193":0,"194":0,"195":0,"196":0,"197":0,"198":0,"199":0,"200":0,"201":0,"202":0,"203":0,"204":0,"205":0,"206":0,"207":0,"208":0,"209":0},"f":{"0":2,"1":0,"2":2,"3":0,"4":18,"5":17,"6":0,"7":1,"8":0,"9":6,"10":17,"11":6,"12":6,"13":5,"14":2,"15":1,"16":7,"17":7,"18":7,"19":0,"20":7,"21":0,"22":1,"23":1,"24":1,"25":10,"26":10,"27":23,"28":15,"29":1,"30":10,"31":6,"32":0,"33":0,"34":0,"35":0,"36":0,"37":0,"38":0,"39":0},"b":{"0":[0],"1":[0],"2":[0],"3":[0,0],"4":[10],"5":[17,12],"6":[6,1],"7":[0,0],"8":[1],"9":[1,0],"10":[0],"11":[1],"12":[0],"13":[0],"14":[1],"15":[2],"16":[2],"17":[1],"18":[2],"19":[2],"20":[5,2],"21":[0],"22":[3,3],"23":[3,1],"24":[0],"25":[1],"26":[0],"27":[0],"28":[1],"29":[1,1],"30":[1],"31":[1],"32":[1],"33":[6,1],"34":[6],"35":[7,6],"36":[0],"37":[0],"38":[10],"39":[8],"40":[0],"41":[13,13],"42":[4,9],"43":[0],"44":[0],"45":[6,6],"46":[0],"47":[6,6],"48":[4],"49":[9],"50":[2],"51":[9,2],"52":[8,1],"53":[15,0],"54":[1],"55":[0],"56":[2,3,1,1,2,0],"57":[3,0],"58":[1,0],"59":[1,0],"60":[0,0],"61":[0,0],"62":[0,0],"63":[0,0],"64":[0,0],"65":[0],"66":[0,0]}}
,"F:\\3_WorkSpace\\1_GitHub\\MyRepositories\\PhaseGate\\src\\core\\constraint-checker.ts": {"path":"F:\\3_WorkSpace\\1_GitHub\\MyRepositories\\PhaseGate\\src\\core\\constraint-checker.ts","statementMap":{"0":{"start":{"line":24,"column":4},"end":{"line":24,"column":44}},"1":{"start":{"line":21,"column":0},"end":{"line":21,"column":13}}},"fnMap":{"0":{"name":"(anonymous_0)","decl":{"start":{"line":23,"column":2},"end":{"line":23,"column":7}},"loc":{"start":{"line":23,"column":28},"end":{"line":25,"column":3}}}},"branchMap":{},"s":{"0":0,"1":1},"f":{"0":0},"b":{}}
,"F:\\3_WorkSpace\\1_GitHub\\MyRepositories\\PhaseGate\\src\\core\\dependency-graph.ts": {"path":"F:\\3_WorkSpace\\1_GitHub\\MyRepositories\\PhaseGate\\src\\core\\dependency-graph.ts","statementMap":{"0":{"start":{"line":1,"column":0},"end":{"line":1,"column":29}},"1":{"start":{"line":2,"column":0},"end":{"line":2,"column":32}},"2":{"start":{"line":23,"column":22},"end":{"line":23,"column":67}},"3":{"start":{"line":24,"column":25},"end":{"line":24,"column":74}},"4":{"start":{"line":26,"column":4},"end":{"line":28,"column":5}},"5":{"start":{"line":27,"column":6},"end":{"line":27,"column":88}},"6":{"start":{"line":30,"column":24},"end":{"line":32,"column":42}},"7":{"start":{"line":31,"column":21},"end":{"line":31,"column":38}},"8":{"start":{"line":32,"column":18},"end":{"line":32,"column":41}},"9":{"start":{"line":34,"column":4},"end":{"line":36,"column":5}},"10":{"start":{"line":35,"column":6},"end":{"line":35,"column":77}},"11":{"start":{"line":38,"column":24},"end":{"line":39,"column":null}},"12":{"start":{"line":39,"column":36},"end":{"line":39,"column":66}},"13":{"start":{"line":45,"column":9},"end":{"line":45,"column":11}},"14":{"start":{"line":46,"column":4},"end":{"line":76,"column":5}},"15":{"start":{"line":47,"column":20},"end":{"line":47,"column":86}},"16":{"start":{"line":47,"column":68},"end":{"line":47,"column":85}},"17":{"start":{"line":48,"column":6},"end":{"line":75,"column":7}},"18":{"start":{"line":49,"column":25},"end":{"line":49,"column":54}},"19":{"start":{"line":50,"column":24},"end":{"line":50,"column":61}},"20":{"start":{"line":51,"column":19},"end":{"line":51,"column":44}},"21":{"start":{"line":52,"column":25},"end":{"line":52,"column":55}},"22":{"start":{"line":54,"column":8},"end":{"line":64,"column":9}},"23":{"start":{"line":55,"column":10},"end":{"line":62,"column":13}},"24":{"start":{"line":63,"column":10},"end":{"line":63,"column":19}},"25":{"start":{"line":66,"column":8},"end":{"line":74,"column":11}},"26":{"start":{"line":78,"column":30},"end":{"line":78,"column":55}},"27":{"start":{"line":79,"column":4},"end":{"line":89,"column":5}},"28":{"start":{"line":80,"column":27},"end":{"line":80,"column":81}},"29":{"start":{"line":81,"column":6},"end":{"line":88,"column":7}},"30":{"start":{"line":87,"column":8},"end":{"line":87,"column":63}},"31":{"start":{"line":91,"column":32},"end":{"line":91,"column":34}},"32":{"start":{"line":92,"column":4},"end":{"line":102,"column":5}},"33":{"start":{"line":93,"column":19},"end":{"line":93,"column":51}},"34":{"start":{"line":94,"column":22},"end":{"line":94,"column":61}},"35":{"start":{"line":95,"column":27},"end":{"line":95,"column":129}},"36":{"start":{"line":97,"column":28},"end":{"line":99,"column":33}},"37":{"start":{"line":98,"column":24},"end":{"line":98,"column":87}},"38":{"start":{"line":99,"column":21},"end":{"line":99,"column":32}},"39":{"start":{"line":101,"column":6},"end":{"line":101,"column":68}},"40":{"start":{"line":104,"column":4},"end":{"line":104,"column":28}},"41":{"start":{"line":105,"column":4},"end":{"line":105,"column":17}},"42":{"start":{"line":109,"column":4},"end":{"line":109,"column":38}},"43":{"start":{"line":109,"column":28},"end":{"line":109,"column":38}},"44":{"start":{"line":111,"column":20},"end":{"line":111,"column":78}},"45":{"start":{"line":111,"column":65},"end":{"line":111,"column":76}},"46":{"start":{"line":112,"column":21},"end":{"line":112,"column":46}},"47":{"start":{"line":113,"column":22},"end":{"line":113,"column":63}},"48":{"start":{"line":113,"column":55},"end":{"line":113,"column":61}},"49":{"start":{"line":115,"column":4},"end":{"line":117,"column":5}},"50":{"start":{"line":116,"column":6},"end":{"line":116,"column":33}},"51":{"start":{"line":119,"column":4},"end":{"line":125,"column":5}},"52":{"start":{"line":120,"column":6},"end":{"line":124,"column":7}},"53":{"start":{"line":121,"column":8},"end":{"line":123,"column":9}},"54":{"start":{"line":122,"column":10},"end":{"line":122,"column":70}},"55":{"start":{"line":127,"column":34},"end":{"line":127,"column":36}},"56":{"start":{"line":128,"column":4},"end":{"line":149,"column":5}},"57":{"start":{"line":129,"column":19},"end":{"line":131,"column":42}},"58":{"start":{"line":130,"column":26},"end":{"line":130,"column":57}},"59":{"start":{"line":131,"column":23},"end":{"line":131,"column":41}},"60":{"start":{"line":133,"column":6},"end":{"line":137,"column":7}},"61":{"start":{"line":134,"column":8},"end":{"line":136,"column":10}},"62":{"start":{"line":139,"column":6},"end":{"line":139,"column":23}},"63":{"start":{"line":140,"column":6},"end":{"line":148,"column":7}},"64":{"start":{"line":141,"column":8},"end":{"line":141,"column":36}},"65":{"start":{"line":142,"column":8},"end":{"line":147,"column":9}},"66":{"start":{"line":143,"column":32},"end":{"line":143,"column":55}},"67":{"start":{"line":144,"column":10},"end":{"line":146,"column":11}},"68":{"start":{"line":145,"column":12},"end":{"line":145,"column":72}},"69":{"start":{"line":151,"column":4},"end":{"line":151,"column":17}},"70":{"start":{"line":21,"column":0},"end":{"line":21,"column":13}},"71":{"start":{"line":156,"column":16},"end":{"line":156,"column":60}},"72":{"start":{"line":157,"column":2},"end":{"line":157,"column":26}},"73":{"start":{"line":157,"column":14},"end":{"line":157,"column":26}},"74":{"start":{"line":159,"column":15},"end":{"line":159,"column":23}},"75":{"start":{"line":160,"column":15},"end":{"line":160,"column":46}},"76":{"start":{"line":161,"column":22},"end":{"line":161,"column":60}},"77":{"start":{"line":162,"column":20},"end":{"line":162,"column":54}},"78":{"start":{"line":164,"column":2},"end":{"line":164,"column":25}},"79":{"start":{"line":164,"column":13},"end":{"line":164,"column":25}},"80":{"start":{"line":165,"column":2},"end":{"line":165,"column":42}},"81":{"start":{"line":169,"column":28},"end":{"line":169,"column":82}},"82":{"start":{"line":170,"column":23},"end":{"line":170,"column":53}},"83":{"start":{"line":171,"column":2},"end":{"line":171,"column":38}},"84":{"start":{"line":171,"column":21},"end":{"line":171,"column":38}},"85":{"start":{"line":172,"column":2},"end":{"line":176,"column":25}},"86":{"start":{"line":180,"column":16},"end":{"line":180,"column":74}},"87":{"start":{"line":181,"column":16},"end":{"line":181,"column":33}},"88":{"start":{"line":182,"column":2},"end":{"line":182,"column":38}},"89":{"start":{"line":186,"column":16},"end":{"line":186,"column":32}},"90":{"start":{"line":187,"column":19},"end":{"line":187,"column":78}},"91":{"start":{"line":187,"column":42},"end":{"line":187,"column":77}},"92":{"start":{"line":188,"column":2},"end":{"line":188,"column":30}},"93":{"start":{"line":188,"column":20},"end":{"line":188,"column":30}},"94":{"start":{"line":190,"column":26},"end":{"line":190,"column":28}},"95":{"start":{"line":191,"column":2},"end":{"line":198,"column":3}},"96":{"start":{"line":191,"column":15},"end":{"line":191,"column":27}},"97":{"start":{"line":192,"column":22},"end":{"line":192,"column":53}},"98":{"start":{"line":193,"column":4},"end":{"line":197,"column":5}},"99":{"start":{"line":194,"column":6},"end":{"line":194,"column":38}},"100":{"start":{"line":195,"column":11},"end":{"line":197,"column":5}},"101":{"start":{"line":196,"column":6},"end":{"line":196,"column":12}},"102":{"start":{"line":199,"column":2},"end":{"line":199,"column":15}},"103":{"start":{"line":203,"column":21},"end":{"line":203,"column":82}},"104":{"start":{"line":204,"column":2},"end":{"line":204,"column":29}},"105":{"start":{"line":204,"column":19},"end":{"line":204,"column":29}},"106":{"start":{"line":206,"column":20},"end":{"line":206,"column":76}},"107":{"start":{"line":206,"column":60},"end":{"line":206,"column":75}},"108":{"start":{"line":207,"column":2},"end":{"line":207,"column":38}},"109":{"start":{"line":207,"column":28},"end":{"line":207,"column":38}},"110":{"start":{"line":209,"column":25},"end":{"line":209,"column":27}},"111":{"start":{"line":210,"column":2},"end":{"line":216,"column":3}},"112":{"start":{"line":210,"column":15},"end":{"line":210,"column":16}},"113":{"start":{"line":211,"column":18},"end":{"line":211,"column":78}},"114":{"start":{"line":211,"column":53},"end":{"line":211,"column":61}},"115":{"start":{"line":212,"column":18},"end":{"line":212,"column":26}},"116":{"start":{"line":213,"column":4},"end":{"line":215,"column":5}},"117":{"start":{"line":214,"column":6},"end":{"line":214,"column":23}},"118":{"start":{"line":217,"column":2},"end":{"line":217,"column":14}},"119":{"start":{"line":226,"column":19},"end":{"line":226,"column":36}},"120":{"start":{"line":228,"column":2},"end":{"line":242,"column":3}},"121":{"start":{"line":229,"column":33},"end":{"line":229,"column":70}},"122":{"start":{"line":231,"column":4},"end":{"line":236,"column":5}},"123":{"start":{"line":232,"column":6},"end":{"line":234,"column":7}},"124":{"start":{"line":233,"column":8},"end":{"line":233,"column":43}},"125":{"start":{"line":235,"column":6},"end":{"line":235,"column":15}},"126":{"start":{"line":238,"column":21},"end":{"line":238,"column":83}},"127":{"start":{"line":239,"column":4},"end":{"line":241,"column":5}},"128":{"start":{"line":240,"column":6},"end":{"line":240,"column":29}},"129":{"start":{"line":244,"column":2},"end":{"line":244,"column":18}},"130":{"start":{"line":248,"column":2},"end":{"line":248,"column":24}},"131":{"start":{"line":248,"column":14},"end":{"line":248,"column":24}},"132":{"start":{"line":250,"column":2},"end":{"line":258,"column":19}},"133":{"start":{"line":262,"column":2},"end":{"line":262,"column":24}},"134":{"start":{"line":262,"column":14},"end":{"line":262,"column":24}},"135":{"start":{"line":264,"column":2},"end":{"line":269,"column":27}},"136":{"start":{"line":273,"column":18},"end":{"line":273,"column":76}},"137":{"start":{"line":273,"column":63},"end":{"line":273,"column":74}},"138":{"start":{"line":274,"column":18},"end":{"line":274,"column":35}},"139":{"start":{"line":275,"column":18},"end":{"line":275,"column":35}},"140":{"start":{"line":278,"column":63},"end":{"line":280,"column":6}},"141":{"start":{"line":281,"column":27},"end":{"line":281,"column":29}},"142":{"start":{"line":283,"column":4},"end":{"line":316,"column":5}},"143":{"start":{"line":284,"column":20},"end":{"line":284,"column":43}},"144":{"start":{"line":285,"column":23},"end":{"line":285,"column":28}},"145":{"start":{"line":287,"column":6},"end":{"line":291,"column":7}},"146":{"start":{"line":288,"column":8},"end":{"line":288,"column":26}},"147":{"start":{"line":289,"column":8},"end":{"line":289,"column":26}},"148":{"start":{"line":290,"column":8},"end":{"line":290,"column":24}},"149":{"start":{"line":293,"column":19},"end":{"line":294,"column":null}},"150":{"start":{"line":294,"column":8},"end":{"line":294,"column":24}},"151":{"start":{"line":297,"column":6},"end":{"line":302,"column":7}},"152":{"start":{"line":298,"column":8},"end":{"line":298,"column":20}},"153":{"start":{"line":299,"column":8},"end":{"line":299,"column":29}},"154":{"start":{"line":300,"column":8},"end":{"line":300,"column":55}},"155":{"start":{"line":300,"column":44},"end":{"line":300,"column":55}},"156":{"start":{"line":301,"column":8},"end":{"line":301,"column":17}},"157":{"start":{"line":304,"column":18},"end":{"line":304,"column":40}},"158":{"start":{"line":305,"column":6},"end":{"line":305,"column":28}},"159":{"start":{"line":307,"column":6},"end":{"line":311,"column":7}},"160":{"start":{"line":308,"column":20},"end":{"line":308,"column":37}},"161":{"start":{"line":309,"column":22},"end":{"line":309,"column":60}},"162":{"start":{"line":310,"column":8},"end":{"line":310,"column":57}},"163":{"start":{"line":313,"column":6},"end":{"line":315,"column":7}},"164":{"start":{"line":314,"column":8},"end":{"line":314,"column":49}},"165":{"start":{"line":319,"column":2},"end":{"line":323,"column":3}},"166":{"start":{"line":320,"column":4},"end":{"line":322,"column":5}},"167":{"start":{"line":321,"column":6},"end":{"line":321,"column":21}}},"fnMap":{"0":{"name":"(anonymous_9)","decl":{"start":{"line":22,"column":2},"end":{"line":22,"column":7}},"loc":{"start":{"line":22,"column":33},"end":{"line":106,"column":3}}},"1":{"name":"(anonymous_10)","decl":{"start":{"line":31,"column":14},"end":{"line":31,"column":15}},"loc":{"start":{"line":31,"column":21},"end":{"line":31,"column":38}}},"2":{"name":"(anonymous_11)","decl":{"start":{"line":32,"column":11},"end":{"line":32,"column":12}},"loc":{"start":{"line":32,"column":18},"end":{"line":32,"column":41}}},"3":{"name":"(anonymous_12)","decl":{"start":{"line":39,"column":22},"end":{"line":39,"column":23}},"loc":{"start":{"line":39,"column":36},"end":{"line":39,"column":66}}},"4":{"name":"(anonymous_13)","decl":{"start":{"line":47,"column":61},"end":{"line":47,"column":62}},"loc":{"start":{"line":47,"column":68},"end":{"line":47,"column":85}}},"5":{"name":"(anonymous_14)","decl":{"start":{"line":98,"column":16},"end":{"line":98,"column":17}},"loc":{"start":{"line":98,"column":24},"end":{"line":98,"column":87}}},"6":{"name":"(anonymous_15)","decl":{"start":{"line":99,"column":13},"end":{"line":99,"column":14}},"loc":{"start":{"line":99,"column":21},"end":{"line":99,"column":32}}},"7":{"name":"(anonymous_16)","decl":{"start":{"line":108,"column":2},"end":{"line":108,"column":19}},"loc":{"start":{"line":108,"column":39},"end":{"line":152,"column":3}}},"8":{"name":"(anonymous_17)","decl":{"start":{"line":111,"column":58},"end":{"line":111,"column":59}},"loc":{"start":{"line":111,"column":65},"end":{"line":111,"column":76}}},"9":{"name":"(anonymous_18)","decl":{"start":{"line":113,"column":48},"end":{"line":113,"column":49}},"loc":{"start":{"line":113,"column":55},"end":{"line":113,"column":61}}},"10":{"name":"(anonymous_19)","decl":{"start":{"line":130,"column":16},"end":{"line":130,"column":17}},"loc":{"start":{"line":130,"column":26},"end":{"line":130,"column":57}}},"11":{"name":"(anonymous_20)","decl":{"start":{"line":131,"column":13},"end":{"line":131,"column":14}},"loc":{"start":{"line":131,"column":23},"end":{"line":131,"column":41}}},"12":{"name":"parseFrontmatter","decl":{"start":{"line":155,"column":9},"end":{"line":155,"column":25}},"loc":{"start":{"line":155,"column":41},"end":{"line":166,"column":1}}},"13":{"name":"parseContractProvider","decl":{"start":{"line":168,"column":9},"end":{"line":168,"column":30}},"loc":{"start":{"line":168,"column":46},"end":{"line":177,"column":1}}},"14":{"name":"extractYamlScalar","decl":{"start":{"line":179,"column":9},"end":{"line":179,"column":26}},"loc":{"start":{"line":179,"column":52},"end":{"line":183,"column":1}}},"15":{"name":"extractYamlList","decl":{"start":{"line":185,"column":9},"end":{"line":185,"column":24}},"loc":{"start":{"line":185,"column":50},"end":{"line":200,"column":1}}},"16":{"name":"(anonymous_25)","decl":{"start":{"line":187,"column":35},"end":{"line":187,"column":36}},"loc":{"start":{"line":187,"column":42},"end":{"line":187,"column":77}}},"17":{"name":"parseDesignDependencies","decl":{"start":{"line":202,"column":9},"end":{"line":202,"column":32}},"loc":{"start":{"line":202,"column":48},"end":{"line":218,"column":1}}},"18":{"name":"(anonymous_27)","decl":{"start":{"line":206,"column":53},"end":{"line":206,"column":54}},"loc":{"start":{"line":206,"column":60},"end":{"line":206,"column":75}}},"19":{"name":"(anonymous_28)","decl":{"start":{"line":211,"column":46},"end":{"line":211,"column":47}},"loc":{"start":{"line":211,"column":53},"end":{"line":211,"column":61}}},"20":{"name":"resolveModuleDependencies","decl":{"start":{"line":220,"column":9},"end":{"line":220,"column":34}},"loc":{"start":{"line":224,"column":26},"end":{"line":245,"column":1}}},"21":{"name":"normalizeModuleIdentifier","decl":{"start":{"line":247,"column":9},"end":{"line":247,"column":34}},"loc":{"start":{"line":247,"column":60},"end":{"line":259,"column":1}}},"22":{"name":"normalizeContractIdentifier","decl":{"start":{"line":261,"column":9},"end":{"line":261,"column":36}},"loc":{"start":{"line":261,"column":62},"end":{"line":270,"column":1}}},"23":{"name":"validateNoCycles","decl":{"start":{"line":272,"column":9},"end":{"line":272,"column":25}},"loc":{"start":{"line":272,"column":45},"end":{"line":324,"column":1}}},"24":{"name":"(anonymous_33)","decl":{"start":{"line":273,"column":56},"end":{"line":273,"column":57}},"loc":{"start":{"line":273,"column":63},"end":{"line":273,"column":74}}},"25":{"name":"dfs","decl":{"start":{"line":277,"column":11},"end":{"line":277,"column":14}},"loc":{"start":{"line":277,"column":28},"end":{"line":317,"column":3}}},"26":{"name":"(anonymous_35)","decl":{"start":{"line":293,"column":66},"end":{"line":293,"column":67}},"loc":{"start":{"line":294,"column":8},"end":{"line":294,"column":24}}}},"branchMap":{"0":{"loc":{"start":{"line":26,"column":4},"end":{"line":28,"column":5}},"type":"if","locations":[{"start":{"line":26,"column":4},"end":{"line":28,"column":5}}]},"1":{"loc":{"start":{"line":34,"column":4},"end":{"line":36,"column":5}},"type":"if","locations":[{"start":{"line":34,"column":4},"end":{"line":36,"column":5}}]},"2":{"loc":{"start":{"line":46,"column":4},"end":{"line":76,"column":5}},"type":"if","locations":[{"start":{"line":46,"column":4},"end":{"line":76,"column":5}}]},"3":{"loc":{"start":{"line":54,"column":8},"end":{"line":64,"column":9}},"type":"if","locations":[{"start":{"line":54,"column":8},"end":{"line":64,"column":9}}]},"4":{"loc":{"start":{"line":81,"column":6},"end":{"line":88,"column":7}},"type":"if","locations":[{"start":{"line":81,"column":6},"end":{"line":88,"column":7}}]},"5":{"loc":{"start":{"line":82,"column":8},"end":{"line":85,"column":44}},"type":"binary-expr","locations":[{"start":{"line":82,"column":8},"end":{"line":82,"column":20}},{"start":{"line":83,"column":8},"end":{"line":83,"column":25}},{"start":{"line":84,"column":8},"end":{"line":84,"column":42}},{"start":{"line":85,"column":8},"end":{"line":85,"column":44}}]},"6":{"loc":{"start":{"line":98,"column":24},"end":{"line":98,"column":87}},"type":"binary-expr","locations":[{"start":{"line":98,"column":24},"end":{"line":98,"column":44}},{"start":{"line":98,"column":48},"end":{"line":98,"column":87}}]},"7":{"loc":{"start":{"line":109,"column":4},"end":{"line":109,"column":38}},"type":"if","locations":[{"start":{"line":109,"column":4},"end":{"line":109,"column":38}}]},"8":{"loc":{"start":{"line":121,"column":8},"end":{"line":123,"column":9}},"type":"if","locations":[{"start":{"line":121,"column":8},"end":{"line":123,"column":9}}]},"9":{"loc":{"start":{"line":122,"column":35},"end":{"line":122,"column":63}},"type":"binary-expr","locations":[{"start":{"line":122,"column":35},"end":{"line":122,"column":58}},{"start":{"line":122,"column":62},"end":{"line":122,"column":63}}]},"10":{"loc":{"start":{"line":130,"column":27},"end":{"line":130,"column":50}},"type":"binary-expr","locations":[{"start":{"line":130,"column":27},"end":{"line":130,"column":45}},{"start":{"line":130,"column":49},"end":{"line":130,"column":50}}]},"11":{"loc":{"start":{"line":133,"column":6},"end":{"line":137,"column":7}},"type":"if","locations":[{"start":{"line":133,"column":6},"end":{"line":137,"column":7}}]},"12":{"loc":{"start":{"line":144,"column":10},"end":{"line":146,"column":11}},"type":"if","locations":[{"start":{"line":144,"column":10},"end":{"line":146,"column":11}}]},"13":{"loc":{"start":{"line":145,"column":37},"end":{"line":145,"column":65}},"type":"binary-expr","locations":[{"start":{"line":145,"column":37},"end":{"line":145,"column":60}},{"start":{"line":145,"column":64},"end":{"line":145,"column":65}}]},"14":{"loc":{"start":{"line":157,"column":2},"end":{"line":157,"column":26}},"type":"if","locations":[{"start":{"line":157,"column":2},"end":{"line":157,"column":26}}]},"15":{"loc":{"start":{"line":164,"column":2},"end":{"line":164,"column":25}},"type":"if","locations":[{"start":{"line":164,"column":2},"end":{"line":164,"column":25}}]},"16":{"loc":{"start":{"line":171,"column":2},"end":{"line":171,"column":38}},"type":"if","locations":[{"start":{"line":171,"column":2},"end":{"line":171,"column":38}}]},"17":{"loc":{"start":{"line":172,"column":9},"end":{"line":176,"column":24}},"type":"binary-expr","locations":[{"start":{"line":172,"column":9},"end":{"line":176,"column":11}},{"start":{"line":176,"column":15},"end":{"line":176,"column":24}}]},"18":{"loc":{"start":{"line":182,"column":9},"end":{"line":182,"column":37}},"type":"cond-expr","locations":[{"start":{"line":182,"column":17},"end":{"line":182,"column":32}},{"start":{"line":182,"column":35},"end":{"line":182,"column":37}}]},"19":{"loc":{"start":{"line":188,"column":2},"end":{"line":188,"column":30}},"type":"if","locations":[{"start":{"line":188,"column":2},"end":{"line":188,"column":30}}]},"20":{"loc":{"start":{"line":193,"column":4},"end":{"line":197,"column":5}},"type":"if","locations":[{"start":{"line":193,"column":4},"end":{"line":197,"column":5}},{"start":{"line":195,"column":11},"end":{"line":197,"column":5}}]},"21":{"loc":{"start":{"line":195,"column":11},"end":{"line":197,"column":5}},"type":"if","locations":[{"start":{"line":195,"column":11},"end":{"line":197,"column":5}}]},"22":{"loc":{"start":{"line":195,"column":15},"end":{"line":195,"column":59}},"type":"binary-expr","locations":[{"start":{"line":195,"column":15},"end":{"line":195,"column":30}},{"start":{"line":195,"column":34},"end":{"line":195,"column":59}}]},"23":{"loc":{"start":{"line":204,"column":2},"end":{"line":204,"column":29}},"type":"if","locations":[{"start":{"line":204,"column":2},"end":{"line":204,"column":29}}]},"24":{"loc":{"start":{"line":207,"column":2},"end":{"line":207,"column":38}},"type":"if","locations":[{"start":{"line":207,"column":2},"end":{"line":207,"column":38}}]},"25":{"loc":{"start":{"line":213,"column":4},"end":{"line":215,"column":5}},"type":"if","locations":[{"start":{"line":213,"column":4},"end":{"line":215,"column":5}}]},"26":{"loc":{"start":{"line":213,"column":8},"end":{"line":213,"column":41}},"type":"binary-expr","locations":[{"start":{"line":213,"column":8},"end":{"line":213,"column":13}},{"start":{"line":213,"column":17},"end":{"line":213,"column":41}}]},"27":{"loc":{"start":{"line":231,"column":4},"end":{"line":236,"column":5}},"type":"if","locations":[{"start":{"line":231,"column":4},"end":{"line":236,"column":5}}]},"28":{"loc":{"start":{"line":232,"column":6},"end":{"line":234,"column":7}},"type":"if","locations":[{"start":{"line":232,"column":6},"end":{"line":234,"column":7}}]},"29":{"loc":{"start":{"line":239,"column":4},"end":{"line":241,"column":5}},"type":"if","locations":[{"start":{"line":239,"column":4},"end":{"line":241,"column":5}}]},"30":{"loc":{"start":{"line":239,"column":8},"end":{"line":239,"column":43}},"type":"binary-expr","locations":[{"start":{"line":239,"column":8},"end":{"line":239,"column":16}},{"start":{"line":239,"column":20},"end":{"line":239,"column":43}}]},"31":{"loc":{"start":{"line":248,"column":2},"end":{"line":248,"column":24}},"type":"if","locations":[{"start":{"line":248,"column":2},"end":{"line":248,"column":24}}]},"32":{"loc":{"start":{"line":262,"column":2},"end":{"line":262,"column":24}},"type":"if","locations":[{"start":{"line":262,"column":2},"end":{"line":262,"column":24}}]},"33":{"loc":{"start":{"line":287,"column":6},"end":{"line":291,"column":7}},"type":"if","locations":[{"start":{"line":287,"column":6},"end":{"line":291,"column":7}}]},"34":{"loc":{"start":{"line":293,"column":20},"end":{"line":293,"column":57}},"type":"binary-expr","locations":[{"start":{"line":293,"column":20},"end":{"line":293,"column":51}},{"start":{"line":293,"column":55},"end":{"line":293,"column":57}}]},"35":{"loc":{"start":{"line":297,"column":6},"end":{"line":302,"column":7}},"type":"if","locations":[{"start":{"line":297,"column":6},"end":{"line":302,"column":7}}]},"36":{"loc":{"start":{"line":300,"column":8},"end":{"line":300,"column":55}},"type":"if","locations":[{"start":{"line":300,"column":8},"end":{"line":300,"column":55}}]},"37":{"loc":{"start":{"line":307,"column":6},"end":{"line":311,"column":7}},"type":"if","locations":[{"start":{"line":307,"column":6},"end":{"line":311,"column":7}}]},"38":{"loc":{"start":{"line":313,"column":6},"end":{"line":315,"column":7}},"type":"if","locations":[{"start":{"line":313,"column":6},"end":{"line":315,"column":7}}]},"39":{"loc":{"start":{"line":320,"column":4},"end":{"line":322,"column":5}},"type":"if","locations":[{"start":{"line":320,"column":4},"end":{"line":322,"column":5}}]}},"s":{"0":3,"1":3,"2":5,"3":5,"4":5,"5":0,"6":5,"7":8,"8":8,"9":5,"10":0,"11":5,"12":8,"13":5,"14":5,"15":5,"16":4,"17":5,"18":4,"19":4,"20":4,"21":4,"22":4,"23":4,"24":4,"25":0,"26":5,"27":5,"28":4,"29":4,"30":2,"31":5,"32":5,"33":8,"34":8,"35":8,"36":8,"37":6,"38":5,"39":8,"40":5,"41":5,"42":4,"43":0,"44":4,"45":6,"46":4,"47":4,"48":6,"49":4,"50":6,"51":4,"52":6,"53":2,"54":2,"55":4,"56":4,"57":6,"58":8,"59":6,"60":6,"61":0,"62":6,"63":6,"64":6,"65":6,"66":2,"67":2,"68":2,"69":4,"70":3,"71":4,"72":4,"73":0,"74":4,"75":4,"76":4,"77":4,"78":4,"79":0,"80":4,"81":4,"82":4,"83":4,"84":0,"85":4,"86":8,"87":8,"88":8,"89":4,"90":4,"91":12,"92":4,"93":0,"94":4,"95":4,"96":4,"97":4,"98":4,"99":4,"100":0,"101":0,"102":4,"103":8,"104":8,"105":0,"106":8,"107":28,"108":8,"109":4,"110":4,"111":4,"112":4,"113":4,"114":16,"115":4,"116":4,"117":4,"118":4,"119":8,"120":8,"121":4,"122":4,"123":1,"124":1,"125":1,"126":3,"127":3,"128":2,"129":8,"130":12,"131":0,"132":12,"133":7,"134":0,"135":7,"136":5,"137":8,"138":5,"139":5,"140":7,"141":7,"142":7,"143":11,"144":11,"145":11,"146":8,"147":8,"148":8,"149":11,"150":6,"151":11,"152":8,"153":8,"154":8,"155":8,"156":8,"157":3,"158":3,"159":3,"160":0,"161":0,"162":0,"163":3,"164":1,"165":5,"166":8,"167":7},"f":{"0":5,"1":8,"2":8,"3":8,"4":4,"5":6,"6":5,"7":4,"8":6,"9":6,"10":8,"11":6,"12":4,"13":4,"14":8,"15":4,"16":12,"17":8,"18":28,"19":16,"20":8,"21":12,"22":7,"23":5,"24":8,"25":7,"26":6},"b":{"0":[0],"1":[0],"2":[5],"3":[4],"4":[2],"5":[4,4,4,2],"6":[6,4],"7":[0],"8":[2],"9":[2,0],"10":[8,0],"11":[0],"12":[2],"13":[2,0],"14":[0],"15":[0],"16":[0],"17":[4,0],"18":[8,0],"19":[0],"20":[4,0],"21":[0],"22":[0,0],"23":[0],"24":[4],"25":[4],"26":[4,4],"27":[1],"28":[1],"29":[2],"30":[3,2],"31":[0],"32":[0],"33":[8],"34":[11,0],"35":[8],"36":[8],"37":[0],"38":[1],"39":[7]}}
,"F:\\3_WorkSpace\\1_GitHub\\MyRepositories\\PhaseGate\\src\\core\\orchestrator.ts": {"path":"F:\\3_WorkSpace\\1_GitHub\\MyRepositories\\PhaseGate\\src\\core\\orchestrator.ts","statementMap":{"0":{"start":{"line":1,"column":0},"end":{"line":1,"column":29}},"1":{"start":{"line":2,"column":0},"end":{"line":2,"column":32}},"2":{"start":{"line":4,"column":0},"end":{"line":4,"column":53}},"3":{"start":{"line":5,"column":0},"end":{"line":5,"column":70}},"4":{"start":{"line":7,"column":0},"end":{"line":7,"column":43}},"5":{"start":{"line":34,"column":20},"end":{"line":34,"column":21}},"6":{"start":{"line":35,"column":24},"end":{"line":35,"column":47}},"7":{"start":{"line":36,"column":29},"end":{"line":36,"column":85}},"8":{"start":{"line":37,"column":34},"end":{"line":37,"column":48}},"9":{"start":{"line":40,"column":10},"end":{"line":40,"column":37}},"10":{"start":{"line":41,"column":10},"end":{"line":41,"column":37}},"11":{"start":{"line":44,"column":30},"end":{"line":44,"column":83}},"12":{"start":{"line":45,"column":19},"end":{"line":45,"column":67}},"13":{"start":{"line":46,"column":21},"end":{"line":46,"column":46}},"14":{"start":{"line":49,"column":21},"end":{"line":49,"column":53}},"15":{"start":{"line":51,"column":4},"end":{"line":51,"column":82}},"16":{"start":{"line":54,"column":16},"end":{"line":54,"column":21}},"17":{"start":{"line":55,"column":4},"end":{"line":60,"column":5}},"18":{"start":{"line":56,"column":6},"end":{"line":59,"column":7}},"19":{"start":{"line":56,"column":40},"end":{"line":56,"column":60}},"20":{"start":{"line":57,"column":8},"end":{"line":57,"column":70}},"21":{"start":{"line":58,"column":8},"end":{"line":58,"column":21}},"22":{"start":{"line":61,"column":4},"end":{"line":61,"column":52}},"23":{"start":{"line":61,"column":15},"end":{"line":61,"column":52}},"24":{"start":{"line":64,"column":24},"end":{"line":65,"column":null}},"25":{"start":{"line":65,"column":37},"end":{"line":65,"column":56}},"26":{"start":{"line":65,"column":69},"end":{"line":65,"column":75}},"27":{"start":{"line":67,"column":25},"end":{"line":67,"column":73}},"28":{"start":{"line":67,"column":48},"end":{"line":67,"column":72}},"29":{"start":{"line":69,"column":18},"end":{"line":69,"column":57}},"30":{"start":{"line":70,"column":42},"end":{"line":70,"column":44}},"31":{"start":{"line":71,"column":26},"end":{"line":71,"column":43}},"32":{"start":{"line":73,"column":4},"end":{"line":97,"column":5}},"33":{"start":{"line":73,"column":25},"end":{"line":73,"column":26}},"34":{"start":{"line":74,"column":19},"end":{"line":74,"column":35}},"35":{"start":{"line":75,"column":6},"end":{"line":77,"column":8}},"36":{"start":{"line":76,"column":69},"end":{"line":76,"column":78}},"37":{"start":{"line":79,"column":26},"end":{"line":80,"column":null}},"38":{"start":{"line":80,"column":27},"end":{"line":80,"column":95}},"39":{"start":{"line":83,"column":6},"end":{"line":96,"column":7}},"40":{"start":{"line":84,"column":8},"end":{"line":84,"column":32}},"41":{"start":{"line":85,"column":8},"end":{"line":94,"column":9}},"42":{"start":{"line":86,"column":10},"end":{"line":86,"column":65}},"43":{"start":{"line":87,"column":15},"end":{"line":94,"column":9}},"44":{"start":{"line":88,"column":10},"end":{"line":88,"column":47}},"45":{"start":{"line":89,"column":10},"end":{"line":93,"column":12}},"46":{"start":{"line":99,"column":4},"end":{"line":99,"column":22}},"47":{"start":{"line":107,"column":19},"end":{"line":107,"column":67}},"48":{"start":{"line":108,"column":21},"end":{"line":108,"column":53}},"49":{"start":{"line":109,"column":17},"end":{"line":109,"column":60}},"50":{"start":{"line":109,"column":38},"end":{"line":109,"column":59}},"51":{"start":{"line":111,"column":4},"end":{"line":118,"column":5}},"52":{"start":{"line":112,"column":6},"end":{"line":117,"column":8}},"53":{"start":{"line":120,"column":4},"end":{"line":129,"column":5}},"54":{"start":{"line":120,"column":23},"end":{"line":120,"column":24}},"55":{"start":{"line":121,"column":21},"end":{"line":121,"column":80}},"56":{"start":{"line":122,"column":28},"end":{"line":122,"column":45}},"57":{"start":{"line":123,"column":21},"end":{"line":123,"column":92}},"58":{"start":{"line":125,"column":6},"end":{"line":128,"column":7}},"59":{"start":{"line":126,"column":8},"end":{"line":126,"column":56}},"60":{"start":{"line":127,"column":8},"end":{"line":127,"column":22}},"61":{"start":{"line":131,"column":23},"end":{"line":131,"column":62}},"62":{"start":{"line":132,"column":4},"end":{"line":132,"column":66}},"63":{"start":{"line":133,"column":4},"end":{"line":133,"column":78}},"64":{"start":{"line":146,"column":22},"end":{"line":146,"column":77}},"65":{"start":{"line":146,"column":54},"end":{"line":146,"column":76}},"66":{"start":{"line":147,"column":4},"end":{"line":155,"column":5}},"67":{"start":{"line":148,"column":6},"end":{"line":148,"column":67}},"68":{"start":{"line":149,"column":6},"end":{"line":154,"column":8}},"69":{"start":{"line":157,"column":27},"end":{"line":157,"column":77}},"70":{"start":{"line":158,"column":4},"end":{"line":158,"column":40}},"71":{"start":{"line":160,"column":28},"end":{"line":160,"column":72}},"72":{"start":{"line":161,"column":25},"end":{"line":165,"column":6}},"73":{"start":{"line":167,"column":19},"end":{"line":167,"column":76}},"74":{"start":{"line":168,"column":20},"end":{"line":168,"column":30}},"75":{"start":{"line":169,"column":22},"end":{"line":169,"column":42}},"76":{"start":{"line":170,"column":4},"end":{"line":170,"column":45}},"77":{"start":{"line":172,"column":4},"end":{"line":211,"column":5}},"78":{"start":{"line":173,"column":27},"end":{"line":173,"column":70}},"79":{"start":{"line":174,"column":21},"end":{"line":177,"column":null}},"80":{"start":{"line":179,"column":25},"end":{"line":179,"column":45}},"81":{"start":{"line":182,"column":6},"end":{"line":186,"column":8}},"82":{"start":{"line":188,"column":6},"end":{"line":190,"column":8}},"83":{"start":{"line":192,"column":6},"end":{"line":198,"column":8}},"84":{"start":{"line":200,"column":20},"end":{"line":200,"column":68}},"85":{"start":{"line":201,"column":25},"end":{"line":201,"column":45}},"86":{"start":{"line":202,"column":6},"end":{"line":202,"column":79}},"87":{"start":{"line":203,"column":6},"end":{"line":203,"column":87}},"88":{"start":{"line":205,"column":6},"end":{"line":210,"column":8}},"89":{"start":{"line":219,"column":27},"end":{"line":219,"column":81}},"90":{"start":{"line":220,"column":4},"end":{"line":220,"column":40}},"91":{"start":{"line":222,"column":25},"end":{"line":222,"column":77}},"92":{"start":{"line":223,"column":19},"end":{"line":223,"column":64}},"93":{"start":{"line":224,"column":18},"end":{"line":224,"column":56}},"94":{"start":{"line":226,"column":4},"end":{"line":226,"column":79}},"95":{"start":{"line":227,"column":4},"end":{"line":227,"column":103}},"96":{"start":{"line":231,"column":15},"end":{"line":231,"column":51}},"97":{"start":{"line":232,"column":28},"end":{"line":232,"column":72}},"98":{"start":{"line":233,"column":23},"end":{"line":233,"column":51}},"99":{"start":{"line":234,"column":28},"end":{"line":234,"column":30}},"100":{"start":{"line":236,"column":4},"end":{"line":238,"column":5}},"101":{"start":{"line":237,"column":6},"end":{"line":237,"column":29}},"102":{"start":{"line":240,"column":4},"end":{"line":240,"column":69}},"103":{"start":{"line":241,"column":4},"end":{"line":241,"column":73}},"104":{"start":{"line":243,"column":4},"end":{"line":245,"column":5}},"105":{"start":{"line":244,"column":6},"end":{"line":244,"column":34}},"106":{"start":{"line":247,"column":4},"end":{"line":247,"column":17}},"107":{"start":{"line":39,"column":0},"end":{"line":39,"column":13}},"108":{"start":{"line":255,"column":4},"end":{"line":257,"column":10}},"109":{"start":{"line":256,"column":53},"end":{"line":256,"column":63}},"110":{"start":{"line":259,"column":2},"end":{"line":283,"column":16}},"111":{"start":{"line":282,"column":19},"end":{"line":282,"column":34}},"112":{"start":{"line":287,"column":21},"end":{"line":287,"column":101}},"113":{"start":{"line":287,"column":60},"end":{"line":287,"column":76}},"114":{"start":{"line":289,"column":2},"end":{"line":307,"column":15}},"115":{"start":{"line":316,"column":2},"end":{"line":330,"column":16}},"116":{"start":{"line":324,"column":53},"end":{"line":324,"column":63}},"117":{"start":{"line":334,"column":14},"end":{"line":334,"column":56}},"118":{"start":{"line":335,"column":2},"end":{"line":335,"column":45}},"119":{"start":{"line":335,"column":12},"end":{"line":335,"column":45}},"120":{"start":{"line":337,"column":17},"end":{"line":337,"column":28}},"121":{"start":{"line":338,"column":2},"end":{"line":340,"column":3}},"122":{"start":{"line":339,"column":4},"end":{"line":339,"column":37}},"123":{"start":{"line":342,"column":2},"end":{"line":342,"column":16}},"124":{"start":{"line":346,"column":2},"end":{"line":359,"column":5}},"125":{"start":{"line":347,"column":18},"end":{"line":347,"column":73}},"126":{"start":{"line":347,"column":35},"end":{"line":347,"column":61}},"127":{"start":{"line":349,"column":4},"end":{"line":358,"column":6}},"128":{"start":{"line":351,"column":8},"end":{"line":351,"column":28}},"129":{"start":{"line":352,"column":8},"end":{"line":352,"column":23}},"130":{"start":{"line":355,"column":8},"end":{"line":355,"column":28}},"131":{"start":{"line":356,"column":8},"end":{"line":356,"column":22}},"132":{"start":{"line":368,"column":31},"end":{"line":374,"column":4}},"133":{"start":{"line":376,"column":2},"end":{"line":380,"column":4}},"134":{"start":{"line":384,"column":2},"end":{"line":386,"column":3}},"135":{"start":{"line":385,"column":4},"end":{"line":385,"column":29}},"136":{"start":{"line":388,"column":2},"end":{"line":388,"column":46}},"137":{"start":{"line":392,"column":2},"end":{"line":394,"column":3}},"138":{"start":{"line":393,"column":4},"end":{"line":393,"column":14}},"139":{"start":{"line":396,"column":2},"end":{"line":398,"column":41}},"140":{"start":{"line":397,"column":22},"end":{"line":397,"column":42}},"141":{"start":{"line":398,"column":19},"end":{"line":398,"column":39}}},"fnMap":{"0":{"name":"(anonymous_9)","decl":{"start":{"line":39,"column":0},"end":{"line":39,"column":13}},"loc":{"start":{"line":39,"column":0},"end":{"line":249,"column":1}}},"1":{"name":"(anonymous_10)","decl":{"start":{"line":43,"column":2},"end":{"line":43,"column":7}},"loc":{"start":{"line":43,"column":31},"end":{"line":100,"column":3}}},"2":{"name":"(anonymous_11)","decl":{"start":{"line":56,"column":33},"end":{"line":56,"column":34}},"loc":{"start":{"line":56,"column":40},"end":{"line":56,"column":60}}},"3":{"name":"(anonymous_12)","decl":{"start":{"line":65,"column":30},"end":{"line":65,"column":31}},"loc":{"start":{"line":65,"column":37},"end":{"line":65,"column":56}}},"4":{"name":"(anonymous_13)","decl":{"start":{"line":65,"column":62},"end":{"line":65,"column":63}},"loc":{"start":{"line":65,"column":69},"end":{"line":65,"column":75}}},"5":{"name":"(anonymous_14)","decl":{"start":{"line":67,"column":41},"end":{"line":67,"column":42}},"loc":{"start":{"line":67,"column":48},"end":{"line":67,"column":72}}},"6":{"name":"(anonymous_15)","decl":{"start":{"line":76,"column":59},"end":{"line":76,"column":60}},"loc":{"start":{"line":76,"column":69},"end":{"line":76,"column":78}}},"7":{"name":"(anonymous_16)","decl":{"start":{"line":80,"column":17},"end":{"line":80,"column":18}},"loc":{"start":{"line":80,"column":27},"end":{"line":80,"column":95}}},"8":{"name":"(anonymous_17)","decl":{"start":{"line":102,"column":2},"end":{"line":102,"column":7}},"loc":{"start":{"line":105,"column":26},"end":{"line":134,"column":3}}},"9":{"name":"(anonymous_18)","decl":{"start":{"line":109,"column":31},"end":{"line":109,"column":32}},"loc":{"start":{"line":109,"column":38},"end":{"line":109,"column":59}}},"10":{"name":"(anonymous_19)","decl":{"start":{"line":138,"column":10},"end":{"line":138,"column":15}},"loc":{"start":{"line":143,"column":22},"end":{"line":212,"column":3}}},"11":{"name":"(anonymous_20)","decl":{"start":{"line":146,"column":45},"end":{"line":146,"column":46}},"loc":{"start":{"line":146,"column":54},"end":{"line":146,"column":76}}},"12":{"name":"(anonymous_21)","decl":{"start":{"line":214,"column":10},"end":{"line":214,"column":15}},"loc":{"start":{"line":217,"column":21},"end":{"line":228,"column":3}}},"13":{"name":"(anonymous_22)","decl":{"start":{"line":230,"column":10},"end":{"line":230,"column":15}},"loc":{"start":{"line":230,"column":64},"end":{"line":248,"column":3}}},"14":{"name":"buildWorkerPrompt","decl":{"start":{"line":253,"column":9},"end":{"line":253,"column":26}},"loc":{"start":{"line":253,"column":67},"end":{"line":284,"column":1}}},"15":{"name":"(anonymous_24)","decl":{"start":{"line":256,"column":46},"end":{"line":256,"column":47}},"loc":{"start":{"line":256,"column":53},"end":{"line":256,"column":63}}},"16":{"name":"(anonymous_25)","decl":{"start":{"line":282,"column":12},"end":{"line":282,"column":13}},"loc":{"start":{"line":282,"column":19},"end":{"line":282,"column":34}}},"17":{"name":"buildCoordinatorPrompt","decl":{"start":{"line":286,"column":9},"end":{"line":286,"column":31}},"loc":{"start":{"line":286,"column":75},"end":{"line":308,"column":1}}},"18":{"name":"(anonymous_27)","decl":{"start":{"line":287,"column":50},"end":{"line":287,"column":51}},"loc":{"start":{"line":287,"column":60},"end":{"line":287,"column":76}}},"19":{"name":"buildRetryPrompt","decl":{"start":{"line":310,"column":9},"end":{"line":310,"column":25}},"loc":{"start":{"line":314,"column":17},"end":{"line":331,"column":1}}},"20":{"name":"(anonymous_29)","decl":{"start":{"line":324,"column":46},"end":{"line":324,"column":47}},"loc":{"start":{"line":324,"column":53},"end":{"line":324,"column":63}}},"21":{"name":"getWorkerTimeoutMs","decl":{"start":{"line":333,"column":9},"end":{"line":333,"column":27}},"loc":{"start":{"line":333,"column":27},"end":{"line":343,"column":1}}},"22":{"name":"withTimeout","decl":{"start":{"line":345,"column":9},"end":{"line":345,"column":20}},"loc":{"start":{"line":345,"column":79},"end":{"line":360,"column":1}}},"23":{"name":"(anonymous_32)","decl":{"start":{"line":346,"column":21},"end":{"line":346,"column":22}},"loc":{"start":{"line":346,"column":41},"end":{"line":359,"column":3}}},"24":{"name":"(anonymous_33)","decl":{"start":{"line":347,"column":29},"end":{"line":347,"column":32}},"loc":{"start":{"line":347,"column":35},"end":{"line":347,"column":61}}},"25":{"name":"(anonymous_34)","decl":{"start":{"line":350,"column":6},"end":{"line":350,"column":7}},"loc":{"start":{"line":350,"column":16},"end":{"line":353,"column":7}}},"26":{"name":"(anonymous_35)","decl":{"start":{"line":354,"column":6},"end":{"line":354,"column":7}},"loc":{"start":{"line":354,"column":16},"end":{"line":357,"column":7}}},"27":{"name":"persistFailureReport","decl":{"start":{"line":362,"column":15},"end":{"line":362,"column":35}},"loc":{"start":{"line":366,"column":20},"end":{"line":381,"column"
[...]
,"F:\\3_WorkSpace\\1_GitHub\\MyRepositories\\PhaseGate\\src\\core\\progress-manager.ts": {"path":"F:\\3_WorkSpace\\1_GitHub\\MyRepositories\\PhaseGate\\src\\core\\progress-manager.ts","statementMap":{"0":{"start":{"line":1,"column":0},"end":{"line":1,"column":29}},"1":{"start":{"line":2,"column":0},"end":{"line":2,"column":32}},"2":{"start":{"line":5,"column":22},"end":{"line":5,"column":62}},"3":{"start":{"line":6,"column":20},"end":{"line":6,"column":58}},"4":{"start":{"line":8,"column":29},"end":{"line":8,"column":96}},"5":{"start":{"line":9,"column":30},"end":{"line":9,"column":96}},"6":{"start":{"line":11,"column":2},"end":{"line":11,"column":83}},"7":{"start":{"line":34,"column":35},"end":{"line":116,"column":2}},"8":{"start":{"line":60,"column":36},"end":{"line":60,"column":63}},"9":{"start":{"line":87,"column":36},"end":{"line":87,"column":63}},"10":{"start":{"line":114,"column":36},"end":{"line":114,"column":63}},"11":{"start":{"line":119,"column":2},"end":{"line":119,"column":44}},"12":{"start":{"line":134,"column":21},"end":{"line":134,"column":50}},"13":{"start":{"line":135,"column":4},"end":{"line":139,"column":5}},"14":{"start":{"line":136,"column":6},"end":{"line":138,"column":8}},"15":{"start":{"line":140,"column":4},"end":{"line":140,"column":57}},"16":{"start":{"line":144,"column":4},"end":{"line":144,"column":78}},"17":{"start":{"line":145,"column":4},"end":{"line":145,"column":38}},"18":{"start":{"line":149,"column":21},"end":{"line":149,"column":35}},"19":{"start":{"line":150,"column":4},"end":{"line":150,"column":34}},"20":{"start":{"line":151,"column":4},"end":{"line":151,"column":30}},"21":{"start":{"line":155,"column":21},"end":{"line":155,"column":35}},"22":{"start":{"line":156,"column":16},"end":{"line":156,"column":67}},"23":{"start":{"line":156,"column":45},"end":{"line":156,"column":66}},"24":{"start":{"line":157,"column":4},"end":{"line":159,"column":5}},"25":{"start":{"line":158,"column":6},"end":{"line":158,"column":75}},"26":{"start":{"line":160,"column":4},"end":{"line":160,"column":24}},"27":{"start":{"line":161,"column":4},"end":{"line":161,"column":30}},"28":{"start":{"line":165,"column":21},"end":{"line":165,"column":35}},"29":{"start":{"line":166,"column":16},"end":{"line":166,"column":67}},"30":{"start":{"line":166,"column":45},"end":{"line":166,"column":66}},"31":{"start":{"line":167,"column":4},"end":{"line":169,"column":5}},"32":{"start":{"line":168,"column":6},"end":{"line":168,"column":75}},"33":{"start":{"line":170,"column":4},"end":{"line":170,"column":26}},"34":{"start":{"line":171,"column":25},"end":{"line":171,"column":51}},"35":{"start":{"line":172,"column":4},"end":{"line":174,"column":5}},"36":{"start":{"line":173,"column":6},"end":{"line":173,"column":43}},"37":{"start":{"line":175,"column":4},"end":{"line":175,"column":30}},"38":{"start":{"line":179,"column":21},"end":{"line":179,"column":35}},"39":{"start":{"line":180,"column":16},"end":{"line":180,"column":67}},"40":{"start":{"line":180,"column":45},"end":{"line":180,"column":66}},"41":{"start":{"line":181,"column":4},"end":{"line":183,"column":5}},"42":{"start":{"line":182,"column":6},"end":{"line":182,"column":75}},"43":{"start":{"line":184,"column":4},"end":{"line":184,"column":27}},"44":{"start":{"line":185,"column":4},"end":{"line":185,"column":30}},"45":{"start":{"line":186,"column":4},"end":{"line":186,"column":30}},"46":{"start":{"line":190,"column":19},"end":{"line":190,"column":46}},"47":{"start":{"line":191,"column":4},"end":{"line":193,"column":5}},"48":{"start":{"line":192,"column":6},"end":{"line":192,"column":57}},"49":{"start":{"line":194,"column":21},"end":{"line":194,"column":54}},"50":{"start":{"line":195,"column":21},"end":{"line":195,"column":35}},"51":{"start":{"line":196,"column":14},"end":{"line":196,"column":38}},"52":{"start":{"line":197,"column":18},"end":{"line":197,"column":69}},"53":{"start":{"line":198,"column":4},"end":{"line":198,"column":57}},"54":{"start":{"line":202,"column":19},"end":{"line":202,"column":46}},"55":{"start":{"line":203,"column":21},"end":{"line":205,"column":10}},"56":{"start":{"line":207,"column":23},"end":{"line":207,"column":62}},"57":{"start":{"line":209,"column":6},"end":{"line":211,"column":65}},"58":{"start":{"line":213,"column":23},"end":{"line":213,"column":57}},"59":{"start":{"line":214,"column":23},"end":{"line":214,"column":79}},"60":{"start":{"line":216,"column":4},"end":{"line":216,"column":51}},"61":{"start":{"line":220,"column":14},"end":{"line":220,"column":38}},"62":{"start":{"line":221,"column":28},"end":{"line":221,"column":30}},"63":{"start":{"line":222,"column":22},"end":{"line":222,"column":57}},"64":{"start":{"line":223,"column":18},"end":{"line":223,"column":56}},"65":{"start":{"line":225,"column":4},"end":{"line":225,"column":55}},"66":{"start":{"line":226,"column":4},"end":{"line":226,"column":19}},"67":{"start":{"line":227,"column":4},"end":{"line":227,"column":32}},"68":{"start":{"line":228,"column":4},"end":{"line":228,"column":19}},"69":{"start":{"line":229,"column":4},"end":{"line":229,"column":45}},"70":{"start":{"line":230,"column":4},"end":{"line":230,"column":19}},"71":{"start":{"line":231,"column":4},"end":{"line":231,"column":22}},"72":{"start":{"line":232,"column":4},"end":{"line":232,"column":19}},"73":{"start":{"line":234,"column":4},"end":{"line":234,"column":31}},"74":{"start":{"line":235,"column":4},"end":{"line":235,"column":19}},"75":{"start":{"line":236,"column":4},"end":{"line":236,"column":63}},"76":{"start":{"line":237,"column":4},"end":{"line":237,"column":19}},"77":{"start":{"line":238,"column":4},"end":{"line":238,"column":22}},"78":{"start":{"line":239,"column":4},"end":{"line":239,"column":19}},"79":{"start":{"line":241,"column":4},"end":{"line":241,"column":31}},"80":{"start":{"line":242,"column":4},"end":{"line":242,"column":19}},"81":{"start":{"line":243,"column":4},"end":{"line":250,"column":5}},"82":{"start":{"line":244,"column":6},"end":{"line":244,"column":31}},"83":{"start":{"line":246,"column":6},"end":{"line":249,"column":7}},"84":{"start":{"line":247,"column":21},"end":{"line":247,"column":54}},"85":{"start":{"line":248,"column":8},"end":{"line":248,"column":46}},"86":{"start":{"line":251,"column":4},"end":{"line":251,"column":19}},"87":{"start":{"line":252,"column":4},"end":{"line":252,"column":22}},"88":{"start":{"line":253,"column":4},"end":{"line":253,"column":19}},"89":{"start":{"line":255,"column":4},"end":{"line":255,"column":25}},"90":{"start":{"line":256,"column":4},"end":{"line":256,"column":19}},"91":{"start":{"line":257,"column":4},"end":{"line":268,"column":5}},"92":{"start":{"line":258,"column":6},"end":{"line":258,"column":38}},"93":{"start":{"line":259,"column":6},"end":{"line":259,"column":21}},"94":{"start":{"line":261,"column":6},"end":{"line":261,"column":28}},"95":{"start":{"line":262,"column":6},"end":{"line":262,"column":21}},"96":{"start":{"line":263,"column":6},"end":{"line":266,"column":7}},"97":{"start":{"line":264,"column":21},"end":{"line":264,"column":54}},"98":{"start":{"line":265,"column":8},"end":{"line":265,"column":46}},"99":{"start":{"line":267,"column":6},"end":{"line":267,"column":21}},"100":{"start":{"line":269,"column":4},"end":{"line":280,"column":5}},"101":{"start":{"line":270,"column":6},"end":{"line":270,"column":30}},"102":{"start":{"line":271,"column":6},"end":{"line":271,"column":21}},"103":{"start":{"line":272,"column":6},"end":{"line":272,"column":65}},"104":{"start":{"line":273,"column":6},"end":{"line":273,"column":38}},"105":{"start":{"line":274,"column":6},"end":{"line":278,"column":7}},"106":{"start":{"line":275,"column":8},"end":{"line":277,"column":10}},"107":{"start":{"line":279,"column":6},"end":{"line":279,"column":21}},"108":{"start":{"line":281,"column":23},"end":{"line":281,"column":63}},"109":{"start":{"line":282,"column":4},"end":{"line":282,"column":60}},"110":{"start":{"line":283,"column":4},"end":{"line":283,"column":19}},"111":{"start":{"line":284,"column":4},"end":{"line":284,"column":22}},"112":{"start":{"line":285,"column":4},"end":{"line":285,"column":19}},"113":{"start":{"line":287,"column":4},"end":{"line":287,"column":36}},"114":{"start":{"line":288,"column":4},"end":{"line":288,"column":19}},"115":{"start":{"line":289,"column":4},"end":{"line":303,"column":5}},"116":{"start":{"line":290,"column":6},"end":{"line":290,"column":38}},"117":{"start":{"line":292,"column":6},"end":{"line":302,"column":7}},"118":{"start":{"line":293,"column":21},"end":{"line":293,"column":54}},"119":{"start":{"line":295,"column":10},"end":{"line":297,"column":16}},"120":{"start":{"line":298,"column":28},"end":{"line":300,"column":14}},"121":{"start":{"line":301,"column":8},"end":{"line":301,"column":73}},"122":{"start":{"line":304,"column":4},"end":{"line":304,"column":19}},"123":{"start":{"line":305,"column":4},"end":{"line":305,"column":22}},"124":{"start":{"line":306,"column":4},"end":{"line":306,"column":19}},"125":{"start":{"line":308,"column":4},"end":{"line":308,"column":29}},"126":{"start":{"line":309,"column":4},"end":{"line":309,"column":19}},"127":{"start":{"line":310,"column":27},"end":{"line":310,"column":64}},"128":{"start":{"line":311,"column":4},"end":{"line":311,"column":62}},"129":{"start":{"line":312,"column":4},"end":{"line":312,"column":19}},"130":{"start":{"line":313,"column":4},"end":{"line":313,"column":22}},"131":{"start":{"line":314,"column":4},"end":{"line":314,"column":19}},"132":{"start":{"line":316,"column":4},"end":{"line":316,"column":27}},"133":{"start":{"line":317,"column":4},"end":{"line":317,"column":19}},"134":{"start":{"line":318,"column":4},"end":{"line":324,"column":5}},"135":{"start":{"line":319,"column":6},"end":{"line":319,"column":25}},"136":{"start":{"line":321,"column":6},"end":{"line":323,"column":7}},"137":{"start":{"line":322,"column":8},"end":{"line":322,"column":29}},"138":{"start":{"line":325,"column":4},"end":{"line":325,"column":19}},"139":{"start":{"line":327,"column":4},"end":{"line":327,"column":28}},"140":{"start":{"line":132,"column":0},"end":{"line":132,"column":13}}},"fnMap":{"0":{"name":"(anonymous_9)","decl":{"start":{"line":60,"column":25},"end":{"line":60,"column":26}},"loc":{"start":{"line":60,"column":36},"end":{"line":60,"column":63}}},"1":{"name":"(anonymous_10)","decl":{"start":{"line":87,"column":25},"end":{"line":87,"column":26}},"loc":{"start":{"line":87,"column":36},"end":{"line":87,"column":63}}},"2":{"name":"(anonymous_11)","decl":{"start":{"line":114,"column":25},"end":{"line":114,"column":26}},"loc":{"start":{"line":114,"column":36},"end":{"line":114,"column":63}}},"3":{"name":"getL10n","decl":{"start":{"line":118,"column":9},"end":{"line":118,"column":16}},"loc":{"start":{"line":118,"column":32},"end":{"line":120,"column":1}}},"4":{"name":"(anonymous_13)","decl":{"start":{"line":133,"column":2},"end":{"line":133,"column":6}},"loc":{"start":{"line":133,"column":18},"end":{"line":141,"column":3}}},"5":{"name":"(anonymous_14)","decl":{"start":{"line":143,"column":2},"end":{"line":143,"column":7}},"loc":{"start":{"line":143,"column":46},"end":{"line":146,"column":3}}},"6":{"name":"(anonymous_15)","decl":{"start":{"line":148,"column":2},"end":{"line":148,"column":13}},"loc":{"start":{"line":148,"column":41},"end":{"line":152,"column":3}}},"7":{"name":"(anonymous_16)","decl":{"start":{"line":154,"column":2},"end":{"line":154,"column":16}},"loc":{"start":{"line":154,"column":48},"end":{"line":162,"column":3}}},"8":{"name":"(anonymous_17)","decl":{"start":{"line":156,"column":38},"end":{"line":156,"column":39}},"loc":{"start":{"line":156,"column":45},"end":{"line":156,"column":66}}},"9":{"name":"(anonymous_18)","decl":{"start":{"line":164,"column":2},"end":{"line":164,"column":18}},"loc":{"start":{"line":164,"column":65},"end":{"line":176,"column":3}}},"10":{"name":"(anonymous_19)","decl":{"start":{"line":166,"column":38},"end":{"line":166,"column":39}},"loc":{"start":{"line":166,"column":45},"end":{"line":166,"column":66}}},"11":{"name":"(anonymous_20)","decl":{"start":{"line":178,"column":2},"end":{"line":178,"column":19}},"loc":{"start":{"line":178,"column":70},"end":{"line":187,"column":3}}},"12":{"name":"(anonymous_21)","decl":{"start":{"line":180,"column":38},"end":{"line":180,"column":39}},"loc":{"start":{"line":180,"column":45},"end":{"line":180,"column":66}}},"13":{"name":"(anonymous_22)","decl":{"start":{"line":189,"column":2},"end":{"line":189,"column":20}},"loc":{"start":{"line":189,"column":65},"end":{"line":199,"column":3}}},"14":{"name":"(anonymous_23)","decl":{"start":{"line":201,"column":10},"end":{"line":201,"column":23}},"loc":{"start":{"line":201,"column":62},"end":{"line":217,"column":3}}},"15":{"name":"(anonymous_24)","decl":{"start":{"line":219,"column":10},"end":{"line":219,"column":29}},"loc":{"start":{"line":219,"column":55},"end":{"line":328,"column":3}}}},"branchMap":{"0":{"loc":{"start":{"line":119,"column":9},"end":{"line":119,"column":43}},"type":"binary-expr","locations":[{"start":{"line":119,"column":9},"end":{"line":119,"column":29}},{"start":{"line":119,"column":33},"end":{"line":119,"column":43}}]},"1":{"loc":{"start":{"line":119,"column":14},"end":{"line":119,"column":28}},"type":"binary-expr","locations":[{"start":{"line":119,"column":14},"end":{"line":119,"column":20}},{"start":{"line":119,"column":24},"end":{"line":119,"column":28}}]},"2":{"loc":{"start":{"line":135,"column":4},"end":{"line":139,"column":5}},"type":"if","locations":[{"start":{"line":135,"column":4},"end":{"line":139,"column":5}}]},"3":{"loc":{"start":{"line":157,"column":4},"end":{"line":159,"column":5}},"type":"if","locations":[{"start":{"line":157,"column":4},"end":{"line":159,"column":5}}]},"4":{"loc":{"start":{"line":167,"column":4},"end":{"line":169,"column":5}},"type":"if","locations":[{"start":{"line":167,"column":4},"end":{"line":169,"column":5}}]},"5":{"loc":{"start":{"line":172,"column":4},"end":{"line":174,"column":5}},"type":"if","locations":[{"start":{"line":172,"column":4},"end":{"line":174,"column":5}}]},"6":{"loc":{"start":{"line":181,"column":4},"end":{"line":183,"column":5}},"type":"if","locations":[{"start":{"line":181,"column":4},"end":{"line":183,"column":5}}]},"7":{"loc":{"start":{"line":191,"column":4},"end":{"line":193,"column":5}},"type":"if","locations":[{"start":{"line":191,"column":4},"end":{"line":193,"column":5}}]},"8":{"loc":{"start":{"line":203,"column":21},"end":{"line":205,"column":10}},"type":"cond-expr","locations":[{"start":{"line":204,"column":8},"end":{"line":204,"column":41}},{"start":{"line":205,"column":8},"end":{"line":205,"column":10}}]},"9":{"loc":{"start":{"line":209,"column":6},"end":{"line":211,"column":65}},"type":"cond-expr","locations":[{"start":{"line":210,"column":10},"end":{"line":210,"column":43}},{"start":{"line":211,"column":10},"end":{"line":211,"column":65}}]},"10":{"loc":{"start":{"line":243,"column":4},"end":{"line":250,"column":5}},"type":"if","locations":[{"start":{"line":243,"column":4},"end":{"line":250,"column":5}},{"start":{"line":245,"column":11},"end":{"line":250,"column":5}}]},"11":{"loc":{"start":{"line":247,"column":21},"end":{"line":247,"column":54}},"type":"cond-expr","locations":[{"start":{"line":247,"column":45},"end":{"line":247,"column":48}},{"start":{"line":247,"column":51},"end":{"line":247,"column":54}}]},"12":{"loc":{"start":{"line":257,"column":4},"end":{"line":268,"column":5}},"type":"if","locations":[{"start":{"line":257,"column":4},"end":{"line":268,"column":5}},{"start":{"line":260,"column":11},"end":{"line":268,"column":5}}]},"13":{"loc":{"start":{"line":264,"column":21},"end":{"line":264,"column":54}},"type":"cond-expr","locations":[{"start":{"line":264,"column":45},"end":{"line":264,"column":48}},{"start":{"line":264,"column":51},"end":{"line":264,"column":54}}]},"14":{"loc":{"start":{"line":269,"column":4},"end":{"line":280,"column":5}},"type":"if","locations":[{"start":{"line":269,"column":4},"end":{"line":280,"column":5}}]},"15":{"loc":{"start":{"line":281,"column":23},"end":{"line":281,"column":63}},"type":"cond-expr","locations":[{"start":{"line":281,"column":54},"end":{"line":281,"column":57}},{"start":{"line":281,"column":60},"end":{"line":281,"column":63}}]},"16":{"loc":{"start":{"line":289,"column":4},"end":{"line":303,"column":5}},"type":"if","locations":[{"start":{"line":289,"column":4},"end":{"line":303,"column":5}},{"start":{"line":291,"column":11},"end":{"line":303,"column":5}}]},"17":{"loc":{"start":{"line":293,"column":21},"end":{"line":293,"column":54}},"type":"cond-expr","locations":[{"start":{"line":293,"column":45},"end":{"line":293,"column":48}},{"start":{"line":293,"column":51},"end":{"line":293,"column":54}}]},"18":{"loc":{"start":{"line":295,"column":10},"end":{"line":297,"column":16}},"type":"cond-expr","locations":[{"start":{"line":296,"column":14},"end":{"line":296,"column":32}},{"start":{"line":297,"column":14},"end":{"line":297,"column":16}}]},"19":{"loc":{"start":{"line":295,"column":10},"end":{"line":295,"column":59}},"type":"binary-expr","locations":[{"start":{"line":295,"column":10},"end":{"line":295,"column":34}},{"start":{"line":295,"column":38},"end":{"line":295,"column":59}}]},"20":{"loc":{"start":{"line":298,"column":28},"end":{"line":300,"column":14}},"type":"cond-expr","locations":[{"start":{"line":299,"column":12},"end":{"line":299,"column":44}},{"start":{"line":300,"column":12},"end":{"line":300,"column":14}}]},"21":{"loc":{"start":{"line":310,"column":27},"end":{"line":310,"column":64}},"type":"cond-expr","locations":[{"start":{"line":310,"column":55},"end":{"line":310,"column":58}},{"start":{"line":310,"column":61},"end":{"line":310,"column":64}}]},"22":{"loc":{"start":{"line":318,"column":4},"end":{"line":324,"column":5}},"type":"if","locations":[{"start":{"line":318,"column":4},"end":{"line":324,"column":5}},{"start":{"line":320,"column":11},"end":{"line":324,"column":5}}]}},"s":{"0":2,"1":2,"2":2,"3":2,"4":2,"5":2,"6":2,"7":2,"8":0,"9":0,"10":0,"11":4,"12":4,"13":4,"14":0,"15":4,"16":4,"17":4,"18":0,"19":0,"20":0,"21":1,"22":1,"23":1,"24":1,"25":0,"26":1,"27":1,"28":1,"29":1,"30":1,"31":1,"32":0,"33":1,"34":1,"35":1,"36":1,"37":1,"38":0,"39":0,"40":0,"41":0,"42":0,"43":0,"44":0,"45":0,"46":0,"47":0,"48":0,"49":0,"50":0,"51":0,"52":0,"53":0,"54":4,"55":4,"56":4,"57":4,"58":4,"59":4,"60":4,"61":4,"62":4,"63":4,"64":4,"65":4,"66":4,"67":4,"68":4,"69":4,"70":4,"71":4,"72":4,"73":4,"74":4,"75":4,"76":4,"77":4,"78":4,"79":4,"80":4,"81":4,"82":4,"83":0,"84":0,"85":0,"86":4,"87":4,"88":4,"89":4,"90":4,"91":4,"92":4,"93":4,"94":0,"95":0,"96":0,"97":0,"98":0,"99":0,"100":4,"101":0,"102":0,"103":0,"104":0,"105":0,"106":0,"107":0,"108":4,"109":4,"110":4,"111":4,"112":4,"113":4,"114":4,"115":4,"116":0,"117":4,"118":4,"119":4,"120":4,"121":4,"122":4,"123":4,"124":4,"125":4,"126":4,"127":4,"128":4,"129":4,"130":4,"131":4,"132":4,"133":4,"134":4,"135":3,"136":1,"137":1,"138":4,"139":4,"140":2},"f":{"0":0,"1":0,"2":0,"3":4,"4":4,"5":4,"6":0,"7":1,"8":1,"9":1,"10":1,"11":0,"12":0,"13":0,"14":4,"15":4},"b":{"0":[4,0],"1":[4,0],"2":[0],"3":[0],"4":[0],"5":[1],"6":[0],"7":[0],"8":[2,2],"9":[2,2],"10":[4,0],"11":[0,0],"12":[4,0],"13":[0,0],"14":[0],"15":[4,0],"16":[0,4],"17":[1,3],"18":[1,3],"19":[4,2],"20":[0,4],"21":[0,4],"22":[3,1]}}
}
