TN:
SF:src\core\ai-runner.ts
FN:30,(anonymous_9)
FN:32,(anonymous_10)
FN:44,(anonymous_11)
FN:45,(anonymous_12)
FN:49,(anonymous_13)
FN:50,(anonymous_14)
FN:63,(anonymous_15)
FN:65,(anonymous_16)
FN:74,(anonymous_17)
FN:81,(anonymous_18)
FN:90,(anonymous_19)
FN:95,createRunner
FN:100,buildContextPrompt
FN:116,loadRunnerName
FN:142,spawnCli
FN:143,(anonymous_24)
FN:158,(anonymous_25)
FN:161,(anonymous_26)
FN:165,(anonymous_27)
FN:174,(anonymous_28)
FN:178,spawnCliInteractive
FN:179,(anonymous_30)
FN:186,(anonymous_31)
FN:199,spawnCliStreaming
FN:200,(anonymous_33)
FN:216,(anonymous_34)
FN:258,(anonymous_35)
FN:268,(anonymous_36)
FN:272,(anonymous_37)
FN:285,extractToolInput
FN:303,parseWorkerReport
FN:319,formatWorkerReport
FN:320,(anonymous_41)
FN:321,(anonymous_42)
FN:342,extractSection
FN:348,extractListSection
FN:354,(anonymous_45)
FN:355,(anonymous_46)
FNF:38
FNH:14
FNDA:0,(anonymous_9)
FNDA:0,(anonymous_10)
FNDA:0,(anonymous_11)
FNDA:0,(anonymous_12)
FNDA:0,(anonymous_13)
FNDA:0,(anonymous_14)
FNDA:12,(anonymous_15)
FNDA:12,(anonymous_16)
FNDA:0,(anonymous_17)
FNDA:0,(anonymous_18)
FNDA:0,(anonymous_19)
FNDA:0,createRunner
FNDA:12,buildContextPrompt
FNDA:0,loadRunnerName
FNDA:2,spawnCli
FNDA:2,(anonymous_24)
FNDA:2,(anonymous_25)
FNDA:0,(anonymous_26)
FNDA:2,(anonymous_27)
FNDA:0,(anonymous_28)
FNDA:0,spawnCliInteractive
FNDA:0,(anonymous_30)
FNDA:0,(anonymous_31)
FNDA:10,spawnCliStreaming
FNDA:10,(anonymous_33)
FNDA:23,(anonymous_34)
FNDA:15,(anonymous_35)
FNDA:1,(anonymous_36)
FNDA:10,(anonymous_37)
FNDA:6,extractToolInput
FNDA:0,parseWorkerReport
FNDA:0,formatWorkerReport
FNDA:0,(anonymous_41)
FNDA:0,(anonymous_42)
FNDA:0,extractSection
FNDA:0,extractListSection
FNDA:0,(anonymous_45)
FNDA:0,(anonymous_46)
DA:1,2
DA:2,2
DA:3,2
DA:26,2
DA:30,0
DA:33,0
DA:35,0
DA:36,0
DA:38,0
DA:39,0
DA:44,0
DA:45,0
DA:49,0
DA:50,0
DA:54,2
DA:62,2
DA:63,12
DA:66,12
DA:67,12
DA:68,10
DA:70,2
DA:71,2
DA:75,0
DA:76,0
DA:77,0
DA:78,0
DA:82,0
DA:89,2
DA:91,0
DA:95,2
DA:96,0
DA:97,0
DA:101,12
DA:102,12
DA:103,0
DA:104,0
DA:105,0
DA:109,12
DA:110,0
DA:113,12
DA:117,0
DA:122,0
DA:123,0
DA:125,0
DA:126,0
DA:127,0
DA:129,0
DA:130,0
DA:131,0
DA:136,0
DA:139,0
DA:143,2
DA:144,2
DA:150,2
DA:151,1
DA:152,1
DA:155,2
DA:156,2
DA:158,2
DA:159,2
DA:161,2
DA:162,0
DA:165,2
DA:166,2
DA:167,0
DA:168,0
DA:171,2
DA:174,2
DA:179,0
DA:180,0
DA:186,0
DA:187,0
DA:188,0
DA:189,0
DA:192,0
DA:195,0
DA:200,10
DA:201,10
DA:207,10
DA:208,10
DA:209,10
DA:212,10
DA:213,10
DA:214,10
DA:216,10
DA:217,23
DA:218,23
DA:221,15
DA:222,15
DA:224,2
DA:227,13
DA:228,13
DA:230,13
DA:231,4
DA:232,4
DA:233,4
DA:235,4
DA:236,6
DA:237,6
DA:238,6
DA:240,6
DA:241,6
DA:242,6
DA:243,6
DA:244,6
DA:245,6
DA:247,9
DA:248,9
DA:249,9
DA:250,9
DA:251,2
DA:253,9
DA:254,9
DA:258,10
DA:259,15
DA:260,15
DA:261,15
DA:263,15
DA:264,14
DA:268,10
DA:269,1
DA:272,10
DA:273,10
DA:274,1
DA:275,1
DA:277,9
DA:278,9
DA:281,10
DA:286,6
DA:287,6
DA:290,3
DA:292,1
DA:293,1
DA:297,2
DA:299,0
DA:303,2
DA:304,0
DA:305,0
DA:306,0
DA:307,0
DA:308,0
DA:310,0
DA:319,2
DA:320,0
DA:321,0
DA:323,0
DA:343,0
DA:344,0
DA:345,0
DA:349,0
DA:350,0
DA:352,0
DA:354,0
DA:355,0
LF:154
LH:92
BRDA:35,0,0,0
BRDA:36,1,0,0
BRDA:38,2,0,0
BRDA:45,3,0,0
BRDA:45,3,1,0
BRDA:50,4,0,0
BRDA:50,4,1,0
BRDA:67,5,0,10
BRDA:67,6,0,12
BRDA:67,6,1,11
BRDA:70,7,0,1
BRDA:70,7,1,1
BRDA:76,8,0,0
BRDA:76,8,1,0
BRDA:95,9,0,0
BRDA:103,10,0,0
BRDA:109,11,0,0
BRDA:123,12,0,0
BRDA:127,13,0,0
BRDA:130,14,0,0
BRDA:145,15,0,1
BRDA:145,15,1,1
BRDA:150,16,0,1
BRDA:150,17,0,2
BRDA:150,17,1,1
BRDA:166,18,0,0
BRDA:187,19,0,0
BRDA:207,20,0,10
BRDA:218,21,0,8
BRDA:227,22,0,0
BRDA:227,23,0,13
BRDA:227,23,1,13
BRDA:230,24,0,4
BRDA:230,24,1,9
BRDA:233,25,0,0
BRDA:236,26,0,0
BRDA:236,27,0,6
BRDA:236,27,1,6
BRDA:238,28,0,0
BRDA:238,29,0,6
BRDA:238,29,1,6
BRDA:244,30,0,4
BRDA:247,31,0,9
BRDA:250,32,0,2
BRDA:250,33,0,9
BRDA:250,33,1,2
BRDA:254,34,0,8
BRDA:254,34,1,1
BRDA:261,35,0,15
BRDA:261,35,1,0
BRDA:273,36,0,1
BRDA:286,37,0,0
BRDA:287,38,0,2
BRDA:287,38,1,3
BRDA:287,38,2,1
BRDA:287,38,3,1
BRDA:287,38,4,2
BRDA:287,38,5,0
BRDA:290,39,0,3
BRDA:290,39,1,0
BRDA:292,40,0,1
BRDA:292,40,1,0
BRDA:293,41,0,1
BRDA:293,41,1,0
BRDA:304,42,0,0
BRDA:304,42,1,0
BRDA:305,43,0,0
BRDA:305,43,1,0
BRDA:312,44,0,0
BRDA:312,44,1,0
BRDA:321,45,0,0
BRDA:321,45,1,0
BRDA:345,46,0,0
BRDA:345,46,1,0
BRDA:350,47,0,0
BRDA:350,48,0,0
BRDA:350,48,1,0
BRF:77
BRH:37
end_of_record
TN:
SF:src\core\constraint-checker.ts
FN:23,(anonymous_0)
FNF:1
FNH:0
FNDA:0,(anonymous_0)
DA:21,1
DA:24,0
LF:2
LH:1
BRF:0
BRH:0
end_of_record
TN:
SF:src\core\dependency-graph.ts
FN:22,(anonymous_9)
FN:31,(anonymous_10)
FN:32,(anonymous_11)
FN:39,(anonymous_12)
FN:47,(anonymous_13)
FN:96,(anonymous_14)
FN:97,(anonymous_15)
FN:106,(anonymous_16)
FN:109,(anonymous_17)
FN:111,(anonymous_18)
FN:128,(anonymous_19)
FN:129,(anonymous_20)
FN:153,parseFrontmatter
FN:166,parseContractProvider
FN:177,extractYamlScalar
FN:183,extractYamlList
FN:185,(anonymous_25)
FN:200,parseDesignDependencies
FN:204,(anonymous_27)
FN:209,(anonymous_28)
FN:218,resolveModuleDependencies
FN:245,normalizeModuleIdentifier
FN:257,validateNoCycles
FN:258,(anonymous_32)
FN:262,dfs
FN:278,(anonymous_34)
FNF:26
FNH:26
FNDA:4,(anonymous_9)
FNDA:6,(anonymous_10)
FNDA:6,(anonymous_11)
FNDA:6,(anonymous_12)
FNDA:3,(anonymous_13)
FNDA:4,(anonymous_14)
FNDA:3,(anonymous_15)
FNDA:4,(anonymous_16)
FNDA:6,(anonymous_17)
FNDA:6,(anonymous_18)
FNDA:8,(anonymous_19)
FNDA:6,(anonymous_20)
FNDA:3,parseFrontmatter
FNDA:3,parseContractProvider
FNDA:6,extractYamlScalar
FNDA:3,extractYamlList
FNDA:9,(anonymous_25)
FNDA:6,parseDesignDependencies
FNDA:21,(anonymous_27)
FNDA:12,(anonymous_28)
FNDA:6,resolveModuleDependencies
FNDA:9,normalizeModuleIdentifier
FNDA:4,validateNoCycles
FNDA:6,(anonymous_32)
FNDA:6,dfs
FNDA:4,(anonymous_34)
DA:1,3
DA:2,3
DA:21,3
DA:23,4
DA:24,4
DA:26,4
DA:27,0
DA:30,4
DA:31,6
DA:32,6
DA:34,4
DA:35,0
DA:38,4
DA:39,6
DA:45,4
DA:46,4
DA:47,4
DA:48,4
DA:49,3
DA:50,3
DA:51,3
DA:52,3
DA:54,3
DA:55,3
DA:63,3
DA:66,0
DA:78,4
DA:79,4
DA:80,3
DA:85,1
DA:89,4
DA:90,4
DA:91,6
DA:92,6
DA:93,6
DA:95,6
DA:96,4
DA:97,3
DA:99,6
DA:102,4
DA:103,4
DA:107,4
DA:109,6
DA:110,4
DA:111,6
DA:113,4
DA:114,6
DA:117,4
DA:118,6
DA:119,2
DA:120,2
DA:125,4
DA:126,4
DA:127,6
DA:128,8
DA:129,6
DA:131,6
DA:132,0
DA:137,6
DA:138,6
DA:139,6
DA:140,6
DA:141,2
DA:142,2
DA:143,2
DA:149,4
DA:154,3
DA:155,3
DA:157,3
DA:158,3
DA:159,3
DA:160,3
DA:162,3
DA:163,3
DA:167,3
DA:168,3
DA:169,3
DA:170,3
DA:178,6
DA:179,6
DA:180,6
DA:184,3
DA:185,9
DA:186,3
DA:188,3
DA:189,3
DA:190,3
DA:191,3
DA:192,3
DA:193,0
DA:194,0
DA:197,3
DA:201,6
DA:202,6
DA:204,21
DA:205,6
DA:207,3
DA:208,3
DA:209,12
DA:210,3
DA:211,3
DA:212,3
DA:215,3
DA:224,6
DA:226,6
DA:227,3
DA:229,3
DA:230,1
DA:231,1
DA:233,1
DA:236,2
DA:237,2
DA:238,1
DA:242,6
DA:246,9
DA:248,9
DA:258,6
DA:259,4
DA:260,4
DA:263,6
DA:266,6
DA:268,6
DA:269,8
DA:270,8
DA:272,8
DA:273,6
DA:274,6
DA:275,6
DA:278,8
DA:279,4
DA:282,8
DA:283,6
DA:284,6
DA:285,6
DA:286,6
DA:289,2
DA:290,2
DA:292,2
DA:293,0
DA:294,0
DA:295,0
DA:298,2
DA:299,0
DA:304,4
DA:305,6
DA:306,6
LF:146
LH:136
BRDA:26,0,0,0
BRDA:34,1,0,0
BRDA:46,2,0,4
BRDA:54,3,0,3
BRDA:80,4,0,1
BRDA:81,5,0,3
BRDA:81,5,1,3
BRDA:81,5,2,1
BRDA:96,6,0,4
BRDA:96,6,1,3
BRDA:107,7,0,0
BRDA:119,8,0,2
BRDA:120,9,0,2
BRDA:120,9,1,0
BRDA:128,10,0,8
BRDA:128,10,1,0
BRDA:131,11,0,0
BRDA:142,12,0,2
BRDA:143,13,0,2
BRDA:143,13,1,0
BRDA:155,14,0,0
BRDA:162,15,0,0
BRDA:169,16,0,0
BRDA:170,17,0,3
BRDA:170,17,1,0
BRDA:180,18,0,6
BRDA:180,18,1,0
BRDA:186,19,0,0
BRDA:191,20,0,3
BRDA:191,20,1,0
BRDA:193,21,0,0
BRDA:193,22,0,0
BRDA:193,22,1,0
BRDA:202,23,0,0
BRDA:205,24,0,3
BRDA:211,25,0,3
BRDA:211,26,0,3
BRDA:211,26,1,3
BRDA:229,27,0,1
BRDA:230,28,0,1
BRDA:237,29,0,1
BRDA:237,30,0,2
BRDA:237,30,1,1
BRDA:246,31,0,0
BRDA:272,32,0,6
BRDA:278,33,0,8
BRDA:278,33,1,0
BRDA:282,34,0,6
BRDA:285,35,0,6
BRDA:292,36,0,0
BRDA:298,37,0,0
BRDA:305,38,0,6
BRF:52
BRH:30
end_of_record
TN:
SF:src\core\orchestrator.ts
FN:39,(anonymous_9)
FN:43,(anonymous_10)
FN:53,(anonymous_11)
FN:62,(anonymous_12)
FN:62,(anonymous_13)
FN:64,(anonymous_14)
FN:73,(anonymous_15)
FN:77,(anonymous_16)
FN:99,(anonymous_17)
FN:106,(anonymous_18)
FN:135,(anonymous_19)
FN:143,(anonymous_20)
FN:214,buildWorkerPrompt
FN:217,(anonymous_22)
FN:243,(anonymous_23)
FN:247,buildRetryPrompt
FN:261,(anonymous_25)
FN:270,getWorkerTimeoutMs
FN:282,withTimeout
FN:283,(anonymous_28)
FN:284,(anonymous_29)
FN:287,(anonymous_30)
FN:291,(anonymous_31)
FN:299,persistFailureReport
FN:320,formatDuration
FNF:25
FNH:17
FNDA:2,(anonymous_9)
FNDA:2,(anonymous_10)
FNDA:0,(anonymous_11)
FNDA:2,(anonymous_12)
FNDA:0,(anonymous_13)
FNDA:2,(anonymous_14)
FNDA:2,(anonymous_15)
FNDA:2,(anonymous_16)
FNDA:0,(anonymous_17)
FNDA:0,(anonymous_18)
FNDA:2,(anonymous_19)
FNDA:0,(anonymous_20)
FNDA:2,buildWorkerPrompt
FNDA:1,(anonymous_22)
FNDA:42,(anonymous_23)
FNDA:0,buildRetryPrompt
FNDA:0,(anonymous_25)
FNDA:2,getWorkerTimeoutMs
FNDA:2,withTimeout
FNDA:2,(anonymous_28)
FNDA:1,(anonymous_29)
FNDA:1,(anonymous_30)
FNDA:0,(anonymous_31)
FNDA:1,persistFailureReport
FNDA:5,formatDuration
DA:1,2
DA:2,2
DA:4,2
DA:5,2
DA:7,2
DA:34,2
DA:35,2
DA:36,2
DA:37,2
DA:39,2
DA:40,2
DA:41,2
DA:44,2
DA:45,2
DA:48,2
DA:51,2
DA:52,2
DA:53,2
DA:54,2
DA:55,2
DA:58,2
DA:61,2
DA:62,2
DA:64,2
DA:66,2
DA:67,2
DA:68,2
DA:70,2
DA:71,2
DA:72,2
DA:73,2
DA:76,2
DA:77,2
DA:80,2
DA:81,2
DA:82,2
DA:83,1
DA:84,1
DA:85,1
DA:86,1
DA:96,2
DA:104,0
DA:105,0
DA:106,0
DA:108,0
DA:109,0
DA:117,0
DA:118,0
DA:119,0
DA:120,0
DA:122,0
DA:123,0
DA:124,0
DA:128,0
DA:129,0
DA:130,0
DA:143,2
DA:144,2
DA:145,0
DA:146,0
DA:154,2
DA:155,2
DA:157,2
DA:158,2
DA:164,2
DA:165,2
DA:166,2
DA:167,2
DA:169,2
DA:170,2
DA:171,2
DA:176,1
DA:179,1
DA:185,1
DA:189,1
DA:197,1
DA:198,1
DA:199,1
DA:200,1
DA:202,1
DA:216,2
DA:217,1
DA:220,2
DA:243,42
DA:253,0
DA:261,0
DA:271,2
DA:272,2
DA:274,1
DA:275,1
DA:276,0
DA:279,1
DA:283,2
DA:284,2
DA:286,2
DA:288,1
DA:289,1
DA:292,0
DA:293,0
DA:305,1
DA:313,1
DA:321,5
DA:322,4
DA:325,1
LF:104
LH:82
BRDA:53,0,0,2
BRDA:58,1,0,2
BRDA:82,2,0,1
BRDA:82,2,1,1
BRDA:84,3,0,1
BRDA:89,4,0,1
BRDA:89,4,1,0
BRDA:108,5,0,0
BRDA:122,6,0,0
BRDA:144,7,0,0
BRDA:161,8,0,0
BRDA:161,8,1,2
BRDA:164,9,0,2
BRDA:164,9,1,2
BRDA:170,10,0,2
BRDA:170,10,1,0
BRDA:186,11,0,1
BRDA:186,11,1,0
BRDA:191,12,0,1
BRDA:191,12,1,0
BRDA:194,13,0,0
BRDA:194,13,1,1
BRDA:197,14,0,1
BRDA:197,14,1,0
BRDA:216,15,0,1
BRDA:216,15,1,1
BRDA:260,16,0,0
BRDA:260,16,1,0
BRDA:272,17,0,1
BRDA:275,18,0,0
BRDA:275,19,0,1
BRDA:275,19,1,1
BRDA:321,20,0,4
BRF:33
BRH:20
end_of_record
TN:
SF:src\core\phase-executor.ts
FN:41,(anonymous_10)
FN:62,(anonymous_11)
FN:72,(anonymous_12)
FN:105,(anonymous_13)
FN:143,(anonymous_14)
FN:149,(anonymous_15)
FN:200,(anonymous_16)
FN:205,(anonymous_17)
FN:206,(anonymous_18)
FN:207,(anonymous_19)
FN:234,listMarkdownFiles
FN:240,(anonymous_21)
FN:241,(anonymous_22)
FNF:13
FNH:0
FNDA:0,(anonymous_10)
FNDA:0,(anonymous_11)
FNDA:0,(anonymous_12)
FNDA:0,(anonymous_13)
FNDA:0,(anonymous_14)
FNDA:0,(anonymous_15)
FNDA:0,(anonymous_16)
FNDA:0,(anonymous_17)
FNDA:0,(anonymous_18)
FNDA:0,(anonymous_19)
FNDA:0,listMarkdownFiles
FNDA:0,(anonymous_21)
FNDA:0,(anonymous_22)
DA:1,1
DA:2,1
DA:3,1
DA:4,1
DA:5,1
DA:6,1
DA:7,1
DA:8,1
DA:12,1
DA:14,1
DA:21,1
DA:40,1
DA:42,0
DA:43,0
DA:44,0
DA:47,0
DA:48,0
DA:50,0
DA:51,0
DA:53,0
DA:56,0
DA:57,0
DA:59,0
DA:63,0
DA:64,0
DA:65,0
DA:68,0
DA:69,0
DA:73,0
DA:74,0
DA:76,0
DA:77,0
DA:78,0
DA:79,0
DA:83,0
DA:86,0
DA:91,0
DA:92,0
DA:93,0
DA:94,0
DA:95,0
DA:97,0
DA:101,0
DA:106,0
DA:107,0
DA:108,0
DA:109,0
DA:112,0
DA:114,0
DA:117,0
DA:118,0
DA:120,0
DA:121,0
DA:124,0
DA:125,0
DA:127,0
DA:128,0
DA:129,0
DA:130,0
DA:131,0
DA:132,0
DA:134,0
DA:135,0
DA:139,0
DA:144,0
DA:145,0
DA:146,0
DA:153,0
DA:154,0
DA:155,0
DA:156,0
DA:158,0
DA:159,0
DA:162,0
DA:164,0
DA:165,0
DA:168,0
DA:169,0
DA:170,0
DA:171,0
DA:174,0
DA:175,0
DA:178,0
DA:179,0
DA:180,0
DA:181,0
DA:182,0
DA:183,0
DA:184,0
DA:185,0
DA:189,0
DA:193,0
DA:194,0
DA:197,0
DA:201,0
DA:202,0
DA:203,0
DA:205,0
DA:206,0
DA:207,0
DA:209,0
DA:210,0
DA:214,0
DA:215,0
DA:219,0
DA:220,0
DA:225,0
DA:226,0
DA:235,0
DA:236,0
DA:239,0
DA:240,0
DA:241,0
LF:113
LH:12
BRDA:43,0,0,0
BRDA:63,1,0,0
BRDA:76,2,0,0
BRDA:99,3,0,0
BRDA:99,3,1,0
BRDA:107,4,0,0
BRDA:137,5,0,0
BRDA:137,5,1,0
BRDA:146,6,0,0
BRDA:146,6,1,0
BRDA:158,7,0,0
BRDA:162,8,0,0
BRDA:162,8,1,0
BRDA:162,8,2,0
BRDA:162,8,3,0
BRDA:180,9,0,0
BRDA:184,10,0,0
BRDA:193,11,0,0
BRDA:216,12,0,0
BRDA:216,12,1,0
BRDA:221,13,0,0
BRDA:221,13,1,0
BRDA:235,14,0,0
BRF:23
BRH:0
end_of_record
TN:
SF:src\core\phase-gate.ts
FN:15,detectLocale
FN:30,getRequiredSections
FN:35,loadRequiredSections
FN:53,checkPhase0Gate
FN:66,(anonymous_13)
FN:78,(anonymous_14)
FN:86,(anonymous_15)
FN:87,(anonymous_16)
FN:92,(anonymous_17)
FN:93,(anonymous_18)
FN:94,(anonymous_19)
FNF:11
FNH:0
FNDA:0,detectLocale
FNDA:0,getRequiredSections
FNDA:0,loadRequiredSections
FNDA:0,checkPhase0Gate
FNDA:0,(anonymous_13)
FNDA:0,(anonymous_14)
FNDA:0,(anonymous_15)
FNDA:0,(anonymous_16)
FNDA:0,(anonymous_17)
FNDA:0,(anonymous_18)
FNDA:0,(anonymous_19)
DA:1,1
DA:2,1
DA:9,1
DA:15,1
DA:16,0
DA:17,0
DA:18,0
DA:19,0
DA:21,0
DA:22,0
DA:23,0
DA:24,0
DA:25,0
DA:27,0
DA:30,1
DA:31,0
DA:32,0
DA:36,0
DA:37,0
DA:38,0
DA:39,0
DA:40,0
DA:43,0
DA:53,1
DA:54,0
DA:55,0
DA:57,0
DA:58,0
DA:59,0
DA:61,0
DA:62,0
DA:66,0
DA:68,0
DA:69,0
DA:72,0
DA:75,0
DA:77,0
DA:78,0
DA:79,0
DA:82,0
DA:83,0
DA:86,0
DA:87,0
DA:89,0
DA:92,0
DA:93,0
DA:94,0
DA:95,0
DA:98,0
DA:99,0
DA:100,0
DA:105,0
LF:52
LH:6
BRDA:19,0,0,0
BRDA:21,1,0,0
BRDA:21,1,1,0
BRDA:21,1,2,0
BRDA:21,1,3,0
BRDA:23,2,0,0
BRDA:25,3,0,0
BRDA:31,4,0,0
BRDA:31,4,1,0
BRDA:32,5,0,0
BRDA:32,5,1,0
BRDA:39,6,0,0
BRDA:39,7,0,0
BRDA:39,7,1,0
BRDA:66,8,0,0
BRDA:66,8,1,0
BRDA:68,9,0,0
BRDA:78,10,0,0
BRDA:89,11,0,0
BRDA:95,12,0,0
BRDA:95,12,1,0
BRDA:99,13,0,0
BRF:22
BRH:0
end_of_record
TN:
SF:src\core\phase-transition-manager.ts
FN:16,(anonymous_9)
FN:18,(anonymous_10)
FN:39,(anonymous_11)
FN:50,(anonymous_12)
FN:79,(anonymous_13)
FN:85,(anonymous_14)
FN:87,(anonymous_15)
FN:113,(anonymous_16)
FN:142,(anonymous_17)
FN:161,(anonymous_18)
FN:163,(anonymous_19)
FN:164,(anonymous_20)
FN:169,(anonymous_21)
FN:179,(anonymous_22)
FN:196,(anonymous_23)
FN:206,(anonymous_24)
FN:217,(anonymous_25)
FN:218,(anonymous_26)
FN:219,(anonymous_27)
FN:227,(anonymous_28)
FN:252,listMarkdownFiles
FN:258,(anonymous_30)
FN:259,(anonymous_31)
FN:262,readContractEntry
FN:274,parseFrontmatter
FN:293,parseContractStatus
FN:299,extractYamlScalar
FN:305,extractYamlList
FN:307,(anonymous_37)
FN:328,formatModuleReason
FNF:30
FNH:0
FNDA:0,(anonymous_9)
FNDA:0,(anonymous_10)
FNDA:0,(anonymous_11)
FNDA:0,(anonymous_12)
FNDA:0,(anonymous_13)
FNDA:0,(anonymous_14)
FNDA:0,(anonymous_15)
FNDA:0,(anonymous_16)
FNDA:0,(anonymous_17)
FNDA:0,(anonymous_18)
FNDA:0,(anonymous_19)
FNDA:0,(anonymous_20)
FNDA:0,(anonymous_21)
FNDA:0,(anonymous_22)
FNDA:0,(anonymous_23)
FNDA:0,(anonymous_24)
FNDA:0,(anonymous_25)
FNDA:0,(anonymous_26)
FNDA:0,(anonymous_27)
FNDA:0,(anonymous_28)
FNDA:0,listMarkdownFiles
FNDA:0,(anonymous_30)
FNDA:0,(anonymous_31)
FNDA:0,readContractEntry
FNDA:0,parseFrontmatter
FNDA:0,parseContractStatus
FNDA:0,extractYamlScalar
FNDA:0,extractYamlList
FNDA:0,(anonymous_37)
FNDA:0,formatModuleReason
DA:1,1
DA:2,1
DA:3,1
DA:15,1
DA:16,0
DA:19,0
DA:21,0
DA:23,0
DA:25,0
DA:27,0
DA:29,0
DA:40,0
DA:41,0
DA:51,0
DA:52,0
DA:53,0
DA:54,0
DA:55,0
DA:57,0
DA:59,0
DA:60,0
DA:69,0
DA:83,0
DA:84,0
DA:85,0
DA:87,0
DA:89,0
DA:90,0
DA:91,0
DA:92,0
DA:93,0
DA:95,0
DA:104,0
DA:114,0
DA:115,0
DA:116,0
DA:117,0
DA:118,0
DA:120,0
DA:122,0
DA:123,0
DA:132,0
DA:143,0
DA:144,0
DA:146,0
DA:147,0
DA:149,0
DA:150,0
DA:154,0
DA:155,0
DA:160,0
DA:161,0
DA:163,0
DA:164,0
DA:168,0
DA:169,0
DA:171,0
DA:172,0
DA:173,0
DA:174,0
DA:176,0
DA:180,0
DA:181,0
DA:182,0
DA:183,0
DA:186,0
DA:187,0
DA:188,0
DA:189,0
DA:193,0
DA:197,0
DA:198,0
DA:199,0
DA:202,0
DA:203,0
DA:207,0
DA:208,0
DA:209,0
DA:212,0
DA:213,0
DA:214,0
DA:217,0
DA:218,0
DA:219,0
DA:221,0
DA:227,0
DA:248,0
DA:253,0
DA:254,0
DA:257,0
DA:258,0
DA:259,0
DA:263,0
DA:264,0
DA:266,0
DA:279,0
DA:280,0
DA:281,0
DA:284,0
DA:285,0
DA:294,0
DA:295,0
DA:296,0
DA:300,0
DA:301,0
DA:302,0
DA:306,0
DA:307,0
DA:308,0
DA:309,0
DA:312,0
DA:313,0
DA:314,0
DA:315,0
DA:316,0
DA:317,0
DA:320,0
DA:321,0
DA:325,0
DA:334,0
DA:335,0
DA:336,0
LF:122
LH:4
BRDA:16,0,0,0
BRDA:19,1,0,0
BRDA:19,1,1,0
BRDA:19,1,2,0
BRDA:19,1,3,0
BRDA:19,1,4,0
BRDA:54,2,0,0
BRDA:59,3,0,0
BRDA:83,4,0,0
BRDA:83,4,1,0
BRDA:85,5,0,0
BRDA:85,5,1,0
BRDA:89,6,0,0
BRDA:89,7,0,0
BRDA:89,7,1,0
BRDA:117,8,0,0
BRDA:122,9,0,0
BRDA:149,10,0,0
BRDA:154,11,0,0
BRDA:182,12,0,0
BRDA:188,13,0,0
BRDA:198,14,0,0
BRDA:208,15,0,0
BRDA:213,16,0,0
BRDA:226,17,0,0
BRDA:226,17,1,0
BRDA:229,18,0,0
BRDA:229,18,1,0
BRDA:232,19,0,0
BRDA:232,19,1,0
BRDA:242,20,0,0
BRDA:242,20,1,0
BRDA:242,21,0,0
BRDA:242,21,1,0
BRDA:253,22,0,0
BRDA:267,23,0,0
BRDA:267,23,1,0
BRDA:269,24,0,0
BRDA:269,24,1,0
BRDA:280,25,0,0
BRDA:288,26,0,0
BRDA:288,26,1,0
BRDA:296,27,0,0
BRDA:296,27,1,0
BRDA:302,28,0,0
BRDA:302,28,1,0
BRDA:308,29,0,0
BRDA:315,30,0,0
BRDA:320,31,0,0
BRDA:320,32,0,0
BRDA:320,32,1,0
BRDA:334,33,0,0
BRDA:334,33,1,0
BRDA:334,33,2,0
BRDA:335,34,0,0
BRDA:335,34,1,0
BRDA:335,34,2,0
BRF:57
BRH:0
end_of_record
TN:
SF:src\core\progress-manager.ts
FN:60,(anonymous_9)
FN:87,(anonymous_10)
FN:114,(anonymous_11)
FN:118,getL10n
FN:133,(anonymous_13)
FN:143,(anonymous_14)
FN:148,(anonymous_15)
FN:154,(anonymous_16)
FN:156,(anonymous_17)
FN:164,(anonymous_18)
FN:166,(anonymous_19)
FN:178,(anonymous_20)
FN:180,(anonymous_21)
FN:189,(anonymous_22)
FN:201,(anonymous_23)
FN:219,(anonymous_24)
FNF:16
FNH:9
FNDA:0,(anonymous_9)
FNDA:0,(anonymous_10)
FNDA:0,(anonymous_11)
FNDA:4,getL10n
FNDA:4,(anonymous_13)
FNDA:4,(anonymous_14)
FNDA:0,(anonymous_15)
FNDA:1,(anonymous_16)
FNDA:1,(anonymous_17)
FNDA:1,(anonymous_18)
FNDA:1,(anonymous_19)
FNDA:0,(anonymous_20)
FNDA:0,(anonymous_21)
FNDA:0,(anonymous_22)
FNDA:4,(anonymous_23)
FNDA:4,(anonymous_24)
DA:1,2
DA:2,2
DA:5,2
DA:6,2
DA:8,2
DA:9,2
DA:11,2
DA:34,2
DA:60,0
DA:87,0
DA:114,0
DA:119,4
DA:132,2
DA:134,4
DA:135,4
DA:136,0
DA:140,4
DA:144,4
DA:145,4
DA:149,0
DA:150,0
DA:151,0
DA:155,1
DA:156,1
DA:157,1
DA:158,0
DA:160,1
DA:161,1
DA:165,1
DA:166,1
DA:167,1
DA:168,0
DA:170,1
DA:171,1
DA:172,1
DA:173,1
DA:175,1
DA:179,0
DA:180,0
DA:181,0
DA:182,0
DA:184,0
DA:185,0
DA:186,0
DA:190,0
DA:191,0
DA:192,0
DA:194,0
DA:195,0
DA:196,0
DA:197,0
DA:198,0
DA:202,4
DA:203,4
DA:207,4
DA:209,4
DA:213,4
DA:214,4
DA:216,4
DA:220,4
DA:221,4
DA:222,4
DA:223,4
DA:225,4
DA:226,4
DA:227,4
DA:228,4
DA:229,4
DA:230,4
DA:231,4
DA:232,4
DA:234,4
DA:235,4
DA:236,4
DA:237,4
DA:238,4
DA:239,4
DA:241,4
DA:242,4
DA:243,4
DA:244,4
DA:246,0
DA:247,0
DA:248,0
DA:251,4
DA:252,4
DA:253,4
DA:255,4
DA:256,4
DA:257,4
DA:258,4
DA:259,4
DA:261,0
DA:262,0
DA:263,0
DA:264,0
DA:265,0
DA:267,0
DA:269,4
DA:270,0
DA:271,0
DA:272,0
DA:273,0
DA:274,0
DA:275,0
DA:279,0
DA:281,4
DA:282,4
DA:283,4
DA:284,4
DA:285,4
DA:287,4
DA:288,4
DA:289,4
DA:290,0
DA:292,4
DA:293,4
DA:295,4
DA:298,4
DA:301,4
DA:304,4
DA:305,4
DA:306,4
DA:308,4
DA:309,4
DA:310,4
DA:311,4
DA:312,4
DA:313,4
DA:314,4
DA:316,4
DA:317,4
DA:318,4
DA:319,3
DA:321,1
DA:322,1
DA:325,4
DA:327,4
LF:138
LH:97
BRDA:119,0,0,4
BRDA:119,0,1,0
BRDA:119,1,0,4
BRDA:119,1,1,0
BRDA:135,2,0,0
BRDA:157,3,0,0
BRDA:167,4,0,0
BRDA:172,5,0,1
BRDA:181,6,0,0
BRDA:191,7,0,0
BRDA:203,8,0,2
BRDA:203,8,1,2
BRDA:209,9,0,2
BRDA:209,9,1,2
BRDA:243,10,0,4
BRDA:243,10,1,0
BRDA:247,11,0,0
BRDA:247,11,1,0
BRDA:257,12,0,4
BRDA:257,12,1,0
BRDA:264,13,0,0
BRDA:264,13,1,0
BRDA:269,14,0,0
BRDA:281,15,0,4
BRDA:281,15,1,0
BRDA:289,16,0,0
BRDA:289,16,1,4
BRDA:293,17,0,1
BRDA:293,17,1,3
BRDA:295,18,0,1
BRDA:295,18,1,3
BRDA:295,19,0,4
BRDA:295,19,1,2
BRDA:298,20,0,0
BRDA:298,20,1,4
BRDA:310,21,0,0
BRDA:310,21,1,4
BRDA:318,22,0,3
BRDA:318,22,1,1
BRF:39
BRH:21
end_of_record
