TN:
SF:src\core\ai-runner.ts
FN:50,(anonymous_9)
FN:52,(anonymous_10)
FN:65,(anonymous_11)
FN:67,(anonymous_12)
FN:80,(anonymous_13)
FN:82,(anonymous_14)
FN:91,(anonymous_15)
FN:98,(anonymous_16)
FN:113,(anonymous_17)
FN:118,createRunner
FN:126,buildContextPrompt
FN:142,resolveAdapterName
FN:171,loadRunnerConfig
FN:189,resolveAdapterFromRouting
FN:236,isAdapterName
FN:240,buildCodexChatPrompt
FN:263,spawnCli
FN:264,(anonymous_26)
FN:279,(anonymous_27)
FN:282,(anonymous_28)
FN:286,(anonymous_29)
FN:295,(anonymous_30)
FN:299,spawnCliInteractive
FN:300,(anonymous_32)
FN:307,(anonymous_33)
FN:320,spawnCliStreaming
FN:321,(anonymous_35)
FN:337,(anonymous_36)
FN:379,(anonymous_37)
FN:389,(anonymous_38)
FN:393,(anonymous_39)
FN:406,extractToolInput
FN:424,parseWorkerReport
FN:440,formatWorkerReport
FN:441,(anonymous_43)
FN:442,(anonymous_44)
FN:463,extractSection
FN:469,extractListSection
FN:475,(anonymous_47)
FN:476,(anonymous_48)
FNF:40
FNH:26
FNDA:2,(anonymous_9)
FNDA:0,(anonymous_10)
FNDA:2,(anonymous_11)
FNDA:0,(anonymous_12)
FNDA:18,(anonymous_13)
FNDA:17,(anonymous_14)
FNDA:0,(anonymous_15)
FNDA:1,(anonymous_16)
FNDA:0,(anonymous_17)
FNDA:6,createRunner
FNDA:17,buildContextPrompt
FNDA:6,resolveAdapterName
FNDA:6,loadRunnerConfig
FNDA:5,resolveAdapterFromRouting
FNDA:2,isAdapterName
FNDA:1,buildCodexChatPrompt
FNDA:7,spawnCli
FNDA:7,(anonymous_26)
FNDA:7,(anonymous_27)
FNDA:0,(anonymous_28)
FNDA:7,(anonymous_29)
FNDA:0,(anonymous_30)
FNDA:1,spawnCliInteractive
FNDA:1,(anonymous_32)
FNDA:1,(anonymous_33)
FNDA:10,spawnCliStreaming
FNDA:10,(anonymous_35)
FNDA:23,(anonymous_36)
FNDA:15,(anonymous_37)
FNDA:1,(anonymous_38)
FNDA:10,(anonymous_39)
FNDA:6,extractToolInput
FNDA:0,parseWorkerReport
FNDA:0,formatWorkerReport
FNDA:0,(anonymous_43)
FNDA:0,(anonymous_44)
FNDA:0,extractSection
FNDA:0,extractListSection
FNDA:0,(anonymous_47)
FNDA:0,(anonymous_48)
DA:1,3
DA:2,3
DA:3,3
DA:46,3
DA:50,2
DA:53,0
DA:55,0
DA:56,0
DA:58,0
DA:59,0
DA:65,2
DA:67,0
DA:71,3
DA:79,3
DA:80,18
DA:83,17
DA:84,17
DA:85,10
DA:87,7
DA:88,7
DA:92,0
DA:93,0
DA:94,0
DA:95,0
DA:99,1
DA:100,1
DA:101,1
DA:102,1
DA:105,0
DA:112,3
DA:114,0
DA:118,3
DA:122,6
DA:123,4
DA:127,17
DA:128,17
DA:129,0
DA:130,0
DA:131,0
DA:135,17
DA:136,0
DA:139,17
DA:143,6
DA:144,6
DA:145,1
DA:148,5
DA:149,5
DA:150,4
DA:151,2
DA:154,2
DA:155,2
DA:156,2
DA:157,2
DA:158,1
DA:165,1
DA:168,0
DA:174,6
DA:179,6
DA:180,7
DA:182,5
DA:183,5
DA:186,1
DA:194,5
DA:195,5
DA:196,5
DA:197,2
DA:200,3
DA:201,0
DA:206,3
DA:207,3
DA:208,0
DA:211,3
DA:212,3
DA:213,1
DA:218,2
DA:219,2
DA:220,0
DA:225,2
DA:226,0
DA:233,2
DA:237,2
DA:245,1
DA:247,1
DA:248,1
DA:249,1
DA:252,1
DA:253,1
DA:255,1
DA:256,1
DA:257,1
DA:260,1
DA:264,7
DA:265,7
DA:271,7
DA:272,6
DA:273,6
DA:276,7
DA:277,7
DA:279,7
DA:280,7
DA:282,7
DA:283,0
DA:286,7
DA:287,7
DA:288,0
DA:289,0
DA:292,7
DA:295,7
DA:300,1
DA:301,1
DA:307,1
DA:308,1
DA:309,0
DA:310,0
DA:313,1
DA:316,1
DA:321,10
DA:322,10
DA:328,10
DA:329,10
DA:330,10
DA:333,10
DA:334,10
DA:335,10
DA:337,10
DA:338,23
DA:339,23
DA:342,15
DA:343,15
DA:345,2
DA:348,13
DA:349,13
DA:351,13
DA:352,4
DA:353,4
DA:354,4
DA:356,4
DA:357,6
DA:358,6
DA:359,6
DA:361,6
DA:362,6
DA:363,6
DA:364,6
DA:365,6
DA:366,6
DA:368,9
DA:369,9
DA:370,9
DA:371,9
DA:372,2
DA:374,9
DA:375,9
DA:379,10
DA:380,15
DA:381,15
DA:382,15
DA:384,15
DA:385,14
DA:389,10
DA:390,1
DA:393,10
DA:394,10
DA:395,1
DA:396,1
DA:398,9
DA:399,9
DA:402,10
DA:407,6
DA:408,6
DA:411,3
DA:413,1
DA:414,1
DA:418,2
DA:420,0
DA:424,3
DA:425,0
DA:426,0
DA:427,0
DA:428,0
DA:429,0
DA:431,0
DA:440,3
DA:441,0
DA:442,0
DA:444,0
DA:464,0
DA:465,0
DA:466,0
DA:470,0
DA:471,0
DA:473,0
DA:475,0
DA:476,0
LF:194
LH:150
BRDA:55,0,0,0
BRDA:56,1,0,0
BRDA:58,2,0,0
BRDA:67,3,0,0
BRDA:67,3,1,0
BRDA:84,4,0,10
BRDA:84,5,0,17
BRDA:84,5,1,12
BRDA:87,6,0,6
BRDA:87,6,1,1
BRDA:93,7,0,0
BRDA:93,7,1,0
BRDA:99,8,0,1
BRDA:101,9,0,1
BRDA:101,9,1,0
BRDA:119,10,0,0
BRDA:120,11,0,1
BRDA:129,12,0,0
BRDA:135,13,0,0
BRDA:144,14,0,1
BRDA:150,15,0,2
BRDA:155,16,0,2
BRDA:157,17,0,1
BRDA:180,18,0,2
BRDA:196,19,0,2
BRDA:196,20,0,5
BRDA:196,20,1,2
BRDA:200,21,0,0
BRDA:200,22,0,3
BRDA:200,22,1,3
BRDA:206,23,0,3
BRDA:206,23,1,1
BRDA:207,24,0,0
BRDA:212,25,0,1
BRDA:219,26,0,0
BRDA:225,27,0,0
BRDA:247,28,0,1
BRDA:247,29,0,1
BRDA:247,29,1,1
BRDA:249,30,0,1
BRDA:253,31,0,1
BRDA:256,32,0,1
BRDA:266,33,0,6
BRDA:266,33,1,1
BRDA:271,34,0,6
BRDA:271,35,0,7
BRDA:271,35,1,6
BRDA:287,36,0,0
BRDA:308,37,0,0
BRDA:328,38,0,10
BRDA:339,39,0,8
BRDA:348,40,0,0
BRDA:348,41,0,13
BRDA:348,41,1,13
BRDA:351,42,0,4
BRDA:351,42,1,9
BRDA:354,43,0,0
BRDA:357,44,0,0
BRDA:357,45,0,6
BRDA:357,45,1,6
BRDA:359,46,0,0
BRDA:359,47,0,6
BRDA:359,47,1,6
BRDA:365,48,0,4
BRDA:368,49,0,9
BRDA:371,50,0,2
BRDA:371,51,0,9
BRDA:371,51,1,2
BRDA:375,52,0,8
BRDA:375,52,1,1
BRDA:382,53,0,15
BRDA:382,53,1,0
BRDA:394,54,0,1
BRDA:407,55,0,0
BRDA:408,56,0,2
BRDA:408,56,1,3
BRDA:408,56,2,1
BRDA:408,56,3,1
BRDA:408,56,4,2
BRDA:408,56,5,0
BRDA:411,57,0,3
BRDA:411,57,1,0
BRDA:413,58,0,1
BRDA:413,58,1,0
BRDA:414,59,0,1
BRDA:414,59,1,0
BRDA:425,60,0,0
BRDA:425,60,1,0
BRDA:426,61,0,0
BRDA:426,61,1,0
BRDA:433,62,0,0
BRDA:433,62,1,0
BRDA:442,63,0,0
BRDA:442,63,1,0
BRDA:466,64,0,0
BRDA:466,64,1,0
BRDA:471,65,0,0
BRDA:471,66,0,0
BRDA:471,66,1,0
BRF:99
BRH:59
end_of_record
TN:
SF:src\core\constraint-checker.ts
FN:23,(anonymous_0)
FNF:1
FNH:0
FNDA:0,(anonymous_0)
DA:21,1
DA:24,0
LF:2
LH:1
BRF:0
BRH:0
end_of_record
TN:
SF:src\core\dependency-graph.ts
FN:22,(anonymous_9)
FN:31,(anonymous_10)
FN:32,(anonymous_11)
FN:39,(anonymous_12)
FN:47,(anonymous_13)
FN:98,(anonymous_14)
FN:99,(anonymous_15)
FN:108,(anonymous_16)
FN:111,(anonymous_17)
FN:113,(anonymous_18)
FN:130,(anonymous_19)
FN:131,(anonymous_20)
FN:155,parseFrontmatter
FN:168,parseContractProvider
FN:179,extractYamlScalar
FN:185,extractYamlList
FN:187,(anonymous_25)
FN:202,parseDesignDependencies
FN:206,(anonymous_27)
FN:211,(anonymous_28)
FN:220,resolveModuleDependencies
FN:247,normalizeModuleIdentifier
FN:261,normalizeContractIdentifier
FN:272,validateNoCycles
FN:273,(anonymous_33)
FN:277,dfs
FN:293,(anonymous_35)
FNF:27
FNH:27
FNDA:5,(anonymous_9)
FNDA:8,(anonymous_10)
FNDA:8,(anonymous_11)
FNDA:8,(anonymous_12)
FNDA:4,(anonymous_13)
FNDA:6,(anonymous_14)
FNDA:5,(anonymous_15)
FNDA:4,(anonymous_16)
FNDA:6,(anonymous_17)
FNDA:6,(anonymous_18)
FNDA:8,(anonymous_19)
FNDA:6,(anonymous_20)
FNDA:4,parseFrontmatter
FNDA:4,parseContractProvider
FNDA:8,extractYamlScalar
FNDA:4,extractYamlList
FNDA:12,(anonymous_25)
FNDA:8,parseDesignDependencies
FNDA:28,(anonymous_27)
FNDA:16,(anonymous_28)
FNDA:8,resolveModuleDependencies
FNDA:12,normalizeModuleIdentifier
FNDA:7,normalizeContractIdentifier
FNDA:5,validateNoCycles
FNDA:8,(anonymous_33)
FNDA:7,dfs
FNDA:6,(anonymous_35)
DA:1,3
DA:2,3
DA:21,3
DA:23,5
DA:24,5
DA:26,5
DA:27,0
DA:30,5
DA:31,8
DA:32,8
DA:34,5
DA:35,0
DA:38,5
DA:39,8
DA:45,5
DA:46,5
DA:47,5
DA:48,5
DA:49,4
DA:50,4
DA:51,4
DA:52,4
DA:54,4
DA:55,4
DA:63,4
DA:66,0
DA:78,5
DA:79,5
DA:80,4
DA:81,4
DA:87,2
DA:91,5
DA:92,5
DA:93,8
DA:94,8
DA:95,8
DA:97,8
DA:98,6
DA:99,5
DA:101,8
DA:104,5
DA:105,5
DA:109,4
DA:111,6
DA:112,4
DA:113,6
DA:115,4
DA:116,6
DA:119,4
DA:120,6
DA:121,2
DA:122,2
DA:127,4
DA:128,4
DA:129,6
DA:130,8
DA:131,6
DA:133,6
DA:134,0
DA:139,6
DA:140,6
DA:141,6
DA:142,6
DA:143,2
DA:144,2
DA:145,2
DA:151,4
DA:156,4
DA:157,4
DA:159,4
DA:160,4
DA:161,4
DA:162,4
DA:164,4
DA:165,4
DA:169,4
DA:170,4
DA:171,4
DA:172,4
DA:180,8
DA:181,8
DA:182,8
DA:186,4
DA:187,12
DA:188,4
DA:190,4
DA:191,4
DA:192,4
DA:193,4
DA:194,4
DA:195,0
DA:196,0
DA:199,4
DA:203,8
DA:204,8
DA:206,28
DA:207,8
DA:209,4
DA:210,4
DA:211,16
DA:212,4
DA:213,4
DA:214,4
DA:217,4
DA:226,8
DA:228,8
DA:229,4
DA:231,4
DA:232,1
DA:233,1
DA:235,1
DA:238,3
DA:239,3
DA:240,2
DA:244,8
DA:248,12
DA:250,12
DA:262,7
DA:264,7
DA:273,8
DA:274,5
DA:275,5
DA:278,7
DA:281,7
DA:283,7
DA:284,11
DA:285,11
DA:287,11
DA:288,8
DA:289,8
DA:290,8
DA:293,11
DA:294,6
DA:297,11
DA:298,8
DA:299,8
DA:300,8
DA:301,8
DA:304,3
DA:305,3
DA:307,3
DA:308,0
DA:309,0
DA:310,0
DA:313,3
DA:314,1
DA:319,5
DA:320,8
DA:321,7
LF:149
LH:140
BRDA:26,0,0,0
BRDA:34,1,0,0
BRDA:46,2,0,5
BRDA:54,3,0,4
BRDA:81,4,0,2
BRDA:82,5,0,4
BRDA:82,5,1,4
BRDA:82,5,2,4
BRDA:82,5,3,2
BRDA:98,6,0,6
BRDA:98,6,1,4
BRDA:109,7,0,0
BRDA:121,8,0,2
BRDA:122,9,0,2
BRDA:122,9,1,0
BRDA:130,10,0,8
BRDA:130,10,1,0
BRDA:133,11,0,0
BRDA:144,12,0,2
BRDA:145,13,0,2
BRDA:145,13,1,0
BRDA:157,14,0,0
BRDA:164,15,0,0
BRDA:171,16,0,0
BRDA:172,17,0,4
BRDA:172,17,1,0
BRDA:182,18,0,8
BRDA:182,18,1,0
BRDA:188,19,0,0
BRDA:193,20,0,4
BRDA:193,20,1,0
BRDA:195,21,0,0
BRDA:195,22,0,0
BRDA:195,22,1,0
BRDA:204,23,0,0
BRDA:207,24,0,4
BRDA:213,25,0,4
BRDA:213,26,0,4
BRDA:213,26,1,4
BRDA:231,27,0,1
BRDA:232,28,0,1
BRDA:239,29,0,2
BRDA:239,30,0,3
BRDA:239,30,1,2
BRDA:248,31,0,0
BRDA:262,32,0,0
BRDA:287,33,0,8
BRDA:293,34,0,11
BRDA:293,34,1,0
BRDA:297,35,0,8
BRDA:300,36,0,8
BRDA:307,37,0,0
BRDA:313,38,0,1
BRDA:320,39,0,7
BRF:54
BRH:32
end_of_record
TN:
SF:src\core\orchestrator.ts
FN:39,(anonymous_9)
FN:43,(anonymous_10)
FN:56,(anonymous_11)
FN:65,(anonymous_12)
FN:65,(anonymous_13)
FN:67,(anonymous_14)
FN:76,(anonymous_15)
FN:80,(anonymous_16)
FN:102,(anonymous_17)
FN:109,(anonymous_18)
FN:138,(anonymous_19)
FN:146,(anonymous_20)
FN:214,(anonymous_21)
FN:230,(anonymous_22)
FN:253,buildWorkerPrompt
FN:256,(anonymous_24)
FN:282,(anonymous_25)
FN:286,buildCoordinatorPrompt
FN:287,(anonymous_27)
FN:310,buildRetryPrompt
FN:324,(anonymous_29)
FN:333,getWorkerTimeoutMs
FN:345,withTimeout
FN:346,(anonymous_32)
FN:347,(anonymous_33)
FN:350,(anonymous_34)
FN:354,(anonymous_35)
FN:362,persistFailureReport
FN:383,formatDuration
FN:391,listMarkdownFiles
FN:397,(anonymous_39)
FN:398,(anonymous_40)
FNF:32
FNH:24
FNDA:2,(anonymous_9)
FNDA:2,(anonymous_10)
FNDA:0,(anonymous_11)
FNDA:2,(anonymous_12)
FNDA:0,(anonymous_13)
FNDA:2,(anonymous_14)
FNDA:2,(anonymous_15)
FNDA:2,(anonymous_16)
FNDA:0,(anonymous_17)
FNDA:0,(anonymous_18)
FNDA:2,(anonymous_19)
FNDA:0,(anonymous_20)
FNDA:2,(anonymous_21)
FNDA:2,(anonymous_22)
FNDA:2,buildWorkerPrompt
FNDA:1,(anonymous_24)
FNDA:42,(anonymous_25)
FNDA:2,buildCoordinatorPrompt
FNDA:2,(anonymous_27)
FNDA:0,buildRetryPrompt
FNDA:0,(anonymous_29)
FNDA:2,getWorkerTimeoutMs
FNDA:2,withTimeout
FNDA:2,(anonymous_32)
FNDA:1,(anonymous_33)
FNDA:1,(anonymous_34)
FNDA:0,(anonymous_35)
FNDA:1,persistFailureReport
FNDA:5,formatDuration
FNDA:4,listMarkdownFiles
FNDA:4,(anonymous_39)
FNDA:4,(anonymous_40)
DA:1,2
DA:2,2
DA:4,2
DA:5,2
DA:7,2
DA:34,2
DA:35,2
DA:36,2
DA:37,2
DA:39,2
DA:40,2
DA:41,2
DA:44,2
DA:45,2
DA:46,2
DA:49,2
DA:51,2
DA:54,2
DA:55,2
DA:56,2
DA:57,2
DA:58,2
DA:61,2
DA:64,2
DA:65,2
DA:67,2
DA:69,2
DA:70,2
DA:71,2
DA:73,2
DA:74,2
DA:75,2
DA:76,2
DA:79,2
DA:80,2
DA:83,2
DA:84,2
DA:85,2
DA:86,1
DA:87,1
DA:88,1
DA:89,1
DA:99,2
DA:107,0
DA:108,0
DA:109,0
DA:111,0
DA:112,0
DA:120,0
DA:121,0
DA:122,0
DA:123,0
DA:125,0
DA:126,0
DA:127,0
DA:131,0
DA:132,0
DA:133,0
DA:146,2
DA:147,2
DA:148,0
DA:149,0
DA:157,2
DA:158,2
DA:160,2
DA:161,2
DA:167,2
DA:168,2
DA:169,2
DA:170,2
DA:172,2
DA:173,2
DA:174,2
DA:179,1
DA:182,1
DA:188,1
DA:192,1
DA:200,1
DA:201,1
DA:202,1
DA:203,1
DA:205,1
DA:219,2
DA:220,2
DA:222,2
DA:223,2
DA:224,2
DA:226,2
DA:227,2
DA:231,2
DA:232,2
DA:233,2
DA:234,2
DA:236,2
DA:237,0
DA:240,2
DA:241,2
DA:243,2
DA:244,0
DA:247,2
DA:255,2
DA:256,1
DA:259,2
DA:282,42
DA:287,2
DA:289,2
DA:316,0
DA:324,0
DA:334,2
DA:335,2
DA:337,1
DA:338,1
DA:339,0
DA:342,1
DA:346,2
DA:347,2
DA:349,2
DA:351,1
DA:352,1
DA:355,0
DA:356,0
DA:368,1
DA:376,1
DA:384,5
DA:385,4
DA:388,1
DA:392,4
DA:393,0
DA:396,4
DA:397,4
DA:398,4
LF:131
LH:106
BRDA:56,0,0,2
BRDA:61,1,0,2
BRDA:85,2,0,1
BRDA:85,2,1,1
BRDA:87,3,0,1
BRDA:92,4,0,1
BRDA:92,4,1,0
BRDA:111,5,0,0
BRDA:125,6,0,0
BRDA:147,7,0,0
BRDA:164,8,0,0
BRDA:164,8,1,2
BRDA:167,9,0,2
BRDA:167,9,1,2
BRDA:173,10,0,2
BRDA:173,10,1,0
BRDA:189,11,0,1
BRDA:189,11,1,0
BRDA:194,12,0,1
BRDA:194,12,1,0
BRDA:197,13,0,0
BRDA:197,13,1,1
BRDA:200,14,0,1
BRDA:200,14,1,0
BRDA:236,15,0,0
BRDA:243,16,0,0
BRDA:255,17,0,1
BRDA:255,17,1,1
BRDA:287,18,0,2
BRDA:287,18,1,0
BRDA:323,19,0,0
BRDA:323,19,1,0
BRDA:335,20,0,1
BRDA:338,21,0,0
BRDA:338,22,0,1
BRDA:338,22,1,1
BRDA:384,23,0,4
BRDA:392,24,0,0
BRF:38
BRH:21
end_of_record
TN:
SF:src\core\phase-executor.ts
FN:42,(anonymous_10)
FN:63,(anonymous_11)
FN:73,(anonymous_12)
FN:106,(anonymous_13)
FN:144,(anonymous_14)
FN:150,(anonymous_15)
FN:201,(anonymous_16)
FN:214,(anonymous_17)
FN:219,(anonymous_18)
FN:220,(anonymous_19)
FN:221,(anonymous_20)
FN:248,listMarkdownFiles
FN:254,(anonymous_22)
FN:255,(anonymous_23)
FNF:14
FNH:0
FNDA:0,(anonymous_10)
FNDA:0,(anonymous_11)
FNDA:0,(anonymous_12)
FNDA:0,(anonymous_13)
FNDA:0,(anonymous_14)
FNDA:0,(anonymous_15)
FNDA:0,(anonymous_16)
FNDA:0,(anonymous_17)
FNDA:0,(anonymous_18)
FNDA:0,(anonymous_19)
FNDA:0,(anonymous_20)
FNDA:0,listMarkdownFiles
FNDA:0,(anonymous_22)
FNDA:0,(anonymous_23)
DA:1,1
DA:2,1
DA:3,1
DA:4,1
DA:5,1
DA:6,1
DA:7,1
DA:8,1
DA:13,1
DA:15,1
DA:22,1
DA:41,1
DA:43,0
DA:44,0
DA:45,0
DA:48,0
DA:49,0
DA:51,0
DA:52,0
DA:54,0
DA:57,0
DA:58,0
DA:60,0
DA:64,0
DA:65,0
DA:66,0
DA:69,0
DA:70,0
DA:74,0
DA:75,0
DA:77,0
DA:78,0
DA:79,0
DA:80,0
DA:84,0
DA:87,0
DA:92,0
DA:93,0
DA:94,0
DA:95,0
DA:96,0
DA:98,0
DA:102,0
DA:107,0
DA:108,0
DA:109,0
DA:110,0
DA:113,0
DA:115,0
DA:118,0
DA:119,0
DA:121,0
DA:122,0
DA:125,0
DA:126,0
DA:128,0
DA:129,0
DA:130,0
DA:131,0
DA:132,0
DA:133,0
DA:135,0
DA:136,0
DA:140,0
DA:145,0
DA:146,0
DA:147,0
DA:154,0
DA:155,0
DA:156,0
DA:157,0
DA:159,0
DA:160,0
DA:163,0
DA:165,0
DA:166,0
DA:169,0
DA:170,0
DA:171,0
DA:172,0
DA:175,0
DA:176,0
DA:179,0
DA:180,0
DA:181,0
DA:182,0
DA:183,0
DA:184,0
DA:185,0
DA:186,0
DA:190,0
DA:194,0
DA:195,0
DA:198,0
DA:202,0
DA:204,0
DA:206,0
DA:208,0
DA:210,0
DA:215,0
DA:216,0
DA:217,0
DA:219,0
DA:220,0
DA:221,0
DA:223,0
DA:224,0
DA:228,0
DA:229,0
DA:233,0
DA:234,0
DA:239,0
DA:240,0
DA:249,0
DA:250,0
DA:253,0
DA:254,0
DA:255,0
LF:118
LH:12
BRDA:44,0,0,0
BRDA:64,1,0,0
BRDA:77,2,0,0
BRDA:100,3,0,0
BRDA:100,3,1,0
BRDA:108,4,0,0
BRDA:138,5,0,0
BRDA:138,5,1,0
BRDA:147,6,0,0
BRDA:147,6,1,0
BRDA:159,7,0,0
BRDA:163,8,0,0
BRDA:163,8,1,0
BRDA:163,8,2,0
BRDA:163,8,3,0
BRDA:181,9,0,0
BRDA:185,10,0,0
BRDA:194,11,0,0
BRDA:202,12,0,0
BRDA:202,12,1,0
BRDA:202,12,2,0
BRDA:202,12,3,0
BRDA:230,13,0,0
BRDA:230,13,1,0
BRDA:235,14,0,0
BRDA:235,14,1,0
BRDA:249,15,0,0
BRF:27
BRH:0
end_of_record
TN:
SF:src\core\phase-gate.ts
FN:15,detectLocale
FN:34,getRequiredSections
FN:39,loadRequiredSections
FN:60,checkPhase0Gate
FN:72,(anonymous_13)
FN:80,(anonymous_14)
FN:87,(anonymous_15)
FN:87,(anonymous_16)
FN:90,(anonymous_17)
FN:91,(anonymous_18)
FN:92,(anonymous_19)
FNF:11
FNH:0
FNDA:0,detectLocale
FNDA:0,getRequiredSections
FNDA:0,loadRequiredSections
FNDA:0,checkPhase0Gate
FNDA:0,(anonymous_13)
FNDA:0,(anonymous_14)
FNDA:0,(anonymous_15)
FNDA:0,(anonymous_16)
FNDA:0,(anonymous_17)
FNDA:0,(anonymous_18)
FNDA:0,(anonymous_19)
DA:1,1
DA:2,1
DA:9,1
DA:15,1
DA:16,0
DA:17,0
DA:18,0
DA:19,0
DA:24,0
DA:25,0
DA:26,0
DA:27,0
DA:28,0
DA:31,0
DA:34,1
DA:35,0
DA:36,0
DA:40,0
DA:41,0
DA:42,0
DA:43,0
DA:44,0
DA:50,0
DA:60,1
DA:61,0
DA:62,0
DA:64,0
DA:65,0
DA:66,0
DA:68,0
DA:69,0
DA:72,0
DA:73,0
DA:74,0
DA:75,0
DA:78,0
DA:79,0
DA:80,0
DA:81,0
DA:84,0
DA:85,0
DA:87,0
DA:88,0
DA:90,0
DA:91,0
DA:92,0
DA:93,0
DA:96,0
DA:97,0
DA:98,0
DA:103,0
LF:51
LH:6
BRDA:19,0,0,0
BRDA:24,1,0,0
BRDA:24,1,1,0
BRDA:24,1,2,0
BRDA:24,1,3,0
BRDA:26,2,0,0
BRDA:28,3,0,0
BRDA:35,4,0,0
BRDA:35,4,1,0
BRDA:36,5,0,0
BRDA:36,5,1,0
BRDA:43,6,0,0
BRDA:43,7,0,0
BRDA:43,7,1,0
BRDA:72,8,0,0
BRDA:72,8,1,0
BRDA:73,9,0,0
BRDA:80,10,0,0
BRDA:88,11,0,0
BRDA:93,12,0,0
BRDA:93,12,1,0
BRDA:97,13,0,0
BRF:22
BRH:0
end_of_record
TN:
SF:src\core\phase-transition-manager.ts
FN:16,(anonymous_9)
FN:18,(anonymous_10)
FN:39,(anonymous_11)
FN:50,(anonymous_12)
FN:79,(anonymous_13)
FN:85,(anonymous_14)
FN:87,(anonymous_15)
FN:113,(anonymous_16)
FN:142,(anonymous_17)
FN:161,(anonymous_18)
FN:163,(anonymous_19)
FN:164,(anonymous_20)
FN:169,(anonymous_21)
FN:179,(anonymous_22)
FN:196,(anonymous_23)
FN:206,(anonymous_24)
FN:217,(anonymous_25)
FN:218,(anonymous_26)
FN:219,(anonymous_27)
FN:227,(anonymous_28)
FN:252,listMarkdownFiles
FN:258,(anonymous_30)
FN:259,(anonymous_31)
FN:262,readContractEntry
FN:274,parseFrontmatter
FN:293,parseContractStatus
FN:299,extractYamlScalar
FN:305,extractYamlList
FN:307,(anonymous_37)
FN:328,formatModuleReason
FNF:30
FNH:0
FNDA:0,(anonymous_9)
FNDA:0,(anonymous_10)
FNDA:0,(anonymous_11)
FNDA:0,(anonymous_12)
FNDA:0,(anonymous_13)
FNDA:0,(anonymous_14)
FNDA:0,(anonymous_15)
FNDA:0,(anonymous_16)
FNDA:0,(anonymous_17)
FNDA:0,(anonymous_18)
FNDA:0,(anonymous_19)
FNDA:0,(anonymous_20)
FNDA:0,(anonymous_21)
FNDA:0,(anonymous_22)
FNDA:0,(anonymous_23)
FNDA:0,(anonymous_24)
FNDA:0,(anonymous_25)
FNDA:0,(anonymous_26)
FNDA:0,(anonymous_27)
FNDA:0,(anonymous_28)
FNDA:0,listMarkdownFiles
FNDA:0,(anonymous_30)
FNDA:0,(anonymous_31)
FNDA:0,readContractEntry
FNDA:0,parseFrontmatter
FNDA:0,parseContractStatus
FNDA:0,extractYamlScalar
FNDA:0,extractYamlList
FNDA:0,(anonymous_37)
FNDA:0,formatModuleReason
DA:1,1
DA:2,1
DA:3,1
DA:15,1
DA:16,0
DA:19,0
DA:21,0
DA:23,0
DA:25,0
DA:27,0
DA:29,0
DA:40,0
DA:41,0
DA:51,0
DA:52,0
DA:53,0
DA:54,0
DA:55,0
DA:57,0
DA:59,0
DA:60,0
DA:69,0
DA:83,0
DA:84,0
DA:85,0
DA:87,0
DA:89,0
DA:90,0
DA:91,0
DA:92,0
DA:93,0
DA:95,0
DA:104,0
DA:114,0
DA:115,0
DA:116,0
DA:117,0
DA:118,0
DA:120,0
DA:122,0
DA:123,0
DA:132,0
DA:143,0
DA:144,0
DA:146,0
DA:147,0
DA:149,0
DA:150,0
DA:154,0
DA:155,0
DA:160,0
DA:161,0
DA:163,0
DA:164,0
DA:168,0
DA:169,0
DA:171,0
DA:172,0
DA:173,0
DA:174,0
DA:176,0
DA:180,0
DA:181,0
DA:182,0
DA:183,0
DA:186,0
DA:187,0
DA:188,0
DA:189,0
DA:193,0
DA:197,0
DA:198,0
DA:199,0
DA:202,0
DA:203,0
DA:207,0
DA:208,0
DA:209,0
DA:212,0
DA:213,0
DA:214,0
DA:217,0
DA:218,0
DA:219,0
DA:221,0
DA:227,0
DA:248,0
DA:253,0
DA:254,0
DA:257,0
DA:258,0
DA:259,0
DA:263,0
DA:264,0
DA:266,0
DA:279,0
DA:280,0
DA:281,0
DA:284,0
DA:285,0
DA:294,0
DA:295,0
DA:296,0
DA:300,0
DA:301,0
DA:302,0
DA:306,0
DA:307,0
DA:308,0
DA:309,0
DA:312,0
DA:313,0
DA:314,0
DA:315,0
DA:316,0
DA:317,0
DA:320,0
DA:321,0
DA:325,0
DA:334,0
DA:335,0
DA:336,0
LF:122
LH:4
BRDA:16,0,0,0
BRDA:19,1,0,0
BRDA:19,1,1,0
BRDA:19,1,2,0
BRDA:19,1,3,0
BRDA:19,1,4,0
BRDA:54,2,0,0
BRDA:59,3,0,0
BRDA:83,4,0,0
BRDA:83,4,1,0
BRDA:85,5,0,0
BRDA:85,5,1,0
BRDA:89,6,0,0
BRDA:89,7,0,0
BRDA:89,7,1,0
BRDA:117,8,0,0
BRDA:122,9,0,0
BRDA:149,10,0,0
BRDA:154,11,0,0
BRDA:182,12,0,0
BRDA:188,13,0,0
BRDA:198,14,0,0
BRDA:208,15,0,0
BRDA:213,16,0,0
BRDA:226,17,0,0
BRDA:226,17,1,0
BRDA:229,18,0,0
BRDA:229,18,1,0
BRDA:232,19,0,0
BRDA:232,19,1,0
BRDA:242,20,0,0
BRDA:242,20,1,0
BRDA:242,21,0,0
BRDA:242,21,1,0
BRDA:253,22,0,0
BRDA:267,23,0,0
BRDA:267,23,1,0
BRDA:269,24,0,0
BRDA:269,24,1,0
BRDA:280,25,0,0
BRDA:288,26,0,0
BRDA:288,26,1,0
BRDA:296,27,0,0
BRDA:296,27,1,0
BRDA:302,28,0,0
BRDA:302,28,1,0
BRDA:308,29,0,0
BRDA:315,30,0,0
BRDA:320,31,0,0
BRDA:320,32,0,0
BRDA:320,32,1,0
BRDA:334,33,0,0
BRDA:334,33,1,0
BRDA:334,33,2,0
BRDA:335,34,0,0
BRDA:335,34,1,0
BRDA:335,34,2,0
BRF:57
BRH:0
end_of_record
TN:
SF:src\core\progress-manager.ts
FN:60,(anonymous_9)
FN:87,(anonymous_10)
FN:114,(anonymous_11)
FN:118,getL10n
FN:133,(anonymous_13)
FN:143,(anonymous_14)
FN:148,(anonymous_15)
FN:154,(anonymous_16)
FN:156,(anonymous_17)
FN:164,(anonymous_18)
FN:166,(anonymous_19)
FN:178,(anonymous_20)
FN:180,(anonymous_21)
FN:189,(anonymous_22)
FN:201,(anonymous_23)
FN:219,(anonymous_24)
FNF:16
FNH:9
FNDA:0,(anonymous_9)
FNDA:0,(anonymous_10)
FNDA:0,(anonymous_11)
FNDA:4,getL10n
FNDA:4,(anonymous_13)
FNDA:4,(anonymous_14)
FNDA:0,(anonymous_15)
FNDA:1,(anonymous_16)
FNDA:1,(anonymous_17)
FNDA:1,(anonymous_18)
FNDA:1,(anonymous_19)
FNDA:0,(anonymous_20)
FNDA:0,(anonymous_21)
FNDA:0,(anonymous_22)
FNDA:4,(anonymous_23)
FNDA:4,(anonymous_24)
DA:1,2
DA:2,2
DA:5,2
DA:6,2
DA:8,2
DA:9,2
DA:11,2
DA:34,2
DA:60,0
DA:87,0
DA:114,0
DA:119,4
DA:132,2
DA:134,4
DA:135,4
DA:136,0
DA:140,4
DA:144,4
DA:145,4
DA:149,0
DA:150,0
DA:151,0
DA:155,1
DA:156,1
DA:157,1
DA:158,0
DA:160,1
DA:161,1
DA:165,1
DA:166,1
DA:167,1
DA:168,0
DA:170,1
DA:171,1
DA:172,1
DA:173,1
DA:175,1
DA:179,0
DA:180,0
DA:181,0
DA:182,0
DA:184,0
DA:185,0
DA:186,0
DA:190,0
DA:191,0
DA:192,0
DA:194,0
DA:195,0
DA:196,0
DA:197,0
DA:198,0
DA:202,4
DA:203,4
DA:207,4
DA:209,4
DA:213,4
DA:214,4
DA:216,4
DA:220,4
DA:221,4
DA:222,4
DA:223,4
DA:225,4
DA:226,4
DA:227,4
DA:228,4
DA:229,4
DA:230,4
DA:231,4
DA:232,4
DA:234,4
DA:235,4
DA:236,4
DA:237,4
DA:238,4
DA:239,4
DA:241,4
DA:242,4
DA:243,4
DA:244,4
DA:246,0
DA:247,0
DA:248,0
DA:251,4
DA:252,4
DA:253,4
DA:255,4
DA:256,4
DA:257,4
DA:258,4
DA:259,4
DA:261,0
DA:262,0
DA:263,0
DA:264,0
DA:265,0
DA:267,0
DA:269,4
DA:270,0
DA:271,0
DA:272,0
DA:273,0
DA:274,0
DA:275,0
DA:279,0
DA:281,4
DA:282,4
DA:283,4
DA:284,4
DA:285,4
DA:287,4
DA:288,4
DA:289,4
DA:290,0
DA:292,4
DA:293,4
DA:295,4
DA:298,4
DA:301,4
DA:304,4
DA:305,4
DA:306,4
DA:308,4
DA:309,4
DA:310,4
DA:311,4
DA:312,4
DA:313,4
DA:314,4
DA:316,4
DA:317,4
DA:318,4
DA:319,3
DA:321,1
DA:322,1
DA:325,4
DA:327,4
LF:138
LH:97
BRDA:119,0,0,4
BRDA:119,0,1,0
BRDA:119,1,0,4
BRDA:119,1,1,0
BRDA:135,2,0,0
BRDA:157,3,0,0
BRDA:167,4,0,0
BRDA:172,5,0,1
BRDA:181,6,0,0
BRDA:191,7,0,0
BRDA:203,8,0,2
BRDA:203,8,1,2
BRDA:209,9,0,2
BRDA:209,9,1,2
BRDA:243,10,0,4
BRDA:243,10,1,0
BRDA:247,11,0,0
BRDA:247,11,1,0
BRDA:257,12,0,4
BRDA:257,12,1,0
BRDA:264,13,0,0
BRDA:264,13,1,0
BRDA:269,14,0,0
BRDA:281,15,0,4
BRDA:281,15,1,0
BRDA:289,16,0,0
BRDA:289,16,1,4
BRDA:293,17,0,1
BRDA:293,17,1,3
BRDA:295,18,0,1
BRDA:295,18,1,3
BRDA:295,19,0,4
BRDA:295,19,1,2
BRDA:298,20,0,0
BRDA:298,20,1,4
BRDA:310,21,0,0
BRDA:310,21,1,4
BRDA:318,22,0,3
BRDA:318,22,1,1
BRF:39
BRH:21
end_of_record
